
{"user_id":1,"type":"Common","time":1716027229171,"method":"Inintialization","message":"Successful"}
{"user_id":1,"type":"Common","time":1716027229179,"method":"LOGIN","message":"test_user_2 sucessfuly loged in"}
{"user_id":1,"type":"Common","time":1716027229630,"method":"GET_CHATS","message":"successfuly loaded 9 chats"}
{"user_id":1,"type":"Common","time":1716027478839,"method":"GET_CHATS","message":"successfuly loaded 9 chats"}
{"user_id":1,"type":"Common","time":1716027529741,"method":"GET_CHATS","message":"successfuly loaded 9 chats"}
{"user_id":1,"type":"Common","time":1716027580372,"method":"LOAD_CHAT_PERM","message":"user:1 has no access to chat:2"}
{"user_id":1,"type":"Error","time":1716027580372,"method":"PERMISSION_VALIDATION","message":"Access denied"}
{"user_id":1,"type":"Common","time":1716027812835,"method":"LOAD_CHAT","message":"chat loaded:0"}
{"user_id":1,"type":"Common","time":1716027814396,"method":"LOAD_CHAT","message":"chat loaded:0"}
{"user_id":1,"type":"Common","time":1716027815589,"method":"LOAD_CHAT_PERM","message":"user:1 has no access to chat:1"}
{"user_id":1,"type":"Error","time":1716027815589,"method":"PERMISSION_VALIDATION","message":"Access denied"}
{"user_id":1,"type":"Common","time":1716027824920,"method":"LOAD_CHAT_PERM","message":"user:1 has no access to chat:0"}
{"user_id":1,"type":"Error","time":1716027824921,"method":"PERMISSION_VALIDATION","message":"Access denied"}
{"user_id":1,"type":"Common","time":1716027829119,"method":"LOAD_CHAT_PERM","message":"user:1 has no access to chat:3"}
{"user_id":1,"type":"Error","time":1716027829119,"method":"PERMISSION_VALIDATION","message":"Access denied"}
{"user_id":1,"type":"Common","time":1716027845611,"method":"LOAD_CHAT","message":"chat loaded:0"}
{"user_id":1,"type":"Common","time":1716027847158,"method":"LOAD_CHAT","message":"chat loaded:0"}
{"user_id":1,"type":"Common","time":1716027848863,"method":"LOAD_CHAT","message":"chat loaded:0"}
{"user_id":1,"type":"Common","time":1716027850506,"method":"LOAD_CHAT","message":"chat loaded:0"}
{"user_id":1,"type":"Common","time":1716027852143,"method":"LOAD_CHAT","message":"chat loaded:0"}
{"user_id":1,"type":"Common","time":1716027852256,"method":"SEND_MESSAGE","message":"message sent:cheeeck"}
{"user_id":1,"type":"Common","time":1716027853881,"method":"LOAD_CHAT","message":"chat loaded:0"}
{"user_id":1,"type":"Common","time":1716027853884,"method":"LOAD_CHAT","message":"chat loaded:0"}
{"user_id":1,"type":"Common","time":1716027855478,"method":"LOAD_CHAT","message":"chat loaded:0"}
{"user_id":1,"type":"Common","time":1716027857047,"method":"LOAD_CHAT","message":"chat loaded:0"}
{"user_id":1,"type":"Common","time":1716027858735,"method":"LOAD_CHAT","message":"chat loaded:0"}
{"user_id":1,"type":"Common","time":1716028146349,"method":"LOAD_CHAT","message":"chat loaded:0"}
{"user_id":1,"type":"Common","time":1716028308464,"method":"GET_CHATS","message":"successfuly loaded 9 chats"}
{"user_id":1,"type":"Common","time":1716028312636,"method":"GET_CHATS","message":"successfuly loaded 9 chats"}
{"user_id":1,"type":"Common","time":1716028316732,"method":"GET_CHATS","message":"successfuly loaded 9 chats"}
{"user_id":1,"type":"Common","time":1716028320839,"method":"GET_CHATS","message":"successfuly loaded 9 chats"}
{"user_id":1,"type":"Common","time":1716028325035,"method":"GET_CHATS","message":"successfuly loaded 9 chats"}
{"user_id":1,"type":"Common","time":1716028329626,"method":"GET_CHATS","message":"successfuly loaded 9 chats"}
{"user_id":1,"type":"Common","time":1716028329849,"method":"GET_CHATS","message":"successfuly loaded 9 chats"}
{"user_id":1,"type":"Common","time":1716028335935,"method":"GET_CHATS","message":"successfuly loaded 9 chats"}
{"user_id":1,"type":"Common","time":1716028335940,"method":"GET_CHATS","message":"successfuly loaded 9 chats"}
{"user_id":1,"type":"Common","time":1716028342135,"method":"GET_CHATS","message":"successfuly loaded 9 chats"}
{"user_id":1,"type":"Common","time":1716028348279,"method":"GET_CHATS","message":"successfuly loaded 9 chats"}
{"user_id":1,"type":"Common","time":1716028354424,"method":"GET_CHATS","message":"successfuly loaded 9 chats"}