
{"user_id":1,"type":"Common","time":1715865574749,"method":"Inintialization","message":"Successful"}
{"user_id":1,"type":"Common","time":1715865574754,"method":"LOGIN","message":"test_user_2 sucessfuly loged in"}
{"user_id":1,"type":"Common","time":1715865574896,"method":"GET_CHATS","message":"successfuly loaded 9 chats"}
{"user_id":1,"type":"Common","time":1715865585087,"method":"LOAD_CHAT","message":"chat loaded:1"}
{"user_id":1,"type":"Common","time":1715865586713,"method":"LOAD_CHAT","message":"chat loaded:1"}
{"user_id":1,"type":"Error","time":1715865588762,"method":"LOAD_CHAT","message":"user is not authentificated"}
{"user_id":1,"type":"Common","time":1715865601472,"method":"AUTHENTICATION","message":"Authentication successful"}
{"user_id":1,"type":"Common","time":1715865601607,"method":"LOAD_CHAT","message":"chat loaded:0"}
{"user_id":1,"type":"Common","time":1715865603201,"method":"LOAD_CHAT","message":"chat loaded:0"}
{"user_id":1,"type":"Common","time":1715865604838,"method":"LOAD_CHAT","message":"chat loaded:0"}
{"user_id":1,"type":"Common","time":1715865606478,"method":"LOAD_CHAT","message":"chat loaded:0"}
{"user_id":1,"type":"Common","time":1715865608218,"method":"LOAD_CHAT","message":"chat loaded:0"}
{"user_id":1,"type":"Common","time":1715865609856,"method":"LOAD_CHAT","message":"chat loaded:0"}
{"user_id":1,"type":"Common","time":1715865611596,"method":"LOAD_CHAT","message":"chat loaded:0"}
{"user_id":1,"type":"Common","time":1715866364532,"method":"SEND_MESSAGE","message":"message sent:check"}
{"user_id":1,"type":"Common","time":1715866366070,"method":"LOAD_CHAT","message":"chat loaded:0"}
{"user_id":1,"type":"Common","time":1715866367614,"method":"LOAD_CHAT","message":"chat loaded:0"}
{"user_id":1,"type":"Common","time":1715866369148,"method":"LOAD_CHAT","message":"chat loaded:0"}
{"user_id":1,"type":"Common","time":1715866370754,"method":"LOAD_CHAT","message":"chat loaded:0"}
{"user_id":1,"type":"Common","time":1715866372335,"method":"LOAD_CHAT","message":"chat loaded:0"}
{"user_id":1,"type":"Common","time":1715866373970,"method":"LOAD_CHAT","message":"chat loaded:0"}
{"user_id":1,"type":"Common","time":1715866375836,"method":"LOAD_CHAT","message":"chat loaded:2"}
{"user_id":1,"type":"Common","time":1715866376024,"method":"LOAD_CHAT","message":"chat loaded:0"}
{"user_id":1,"type":"Common","time":1715866377556,"method":"LOAD_CHAT","message":"chat loaded:2"}
{"user_id":1,"type":"Common","time":1715866379100,"method":"LOAD_CHAT","message":"chat loaded:2"}
{"user_id":1,"type":"Common","time":1715866380730,"method":"LOAD_CHAT","message":"chat loaded:2"}
{"user_id":1,"type":"Common","time":1715866382379,"method":"LOAD_CHAT","message":"chat loaded:2"}
{"user_id":1,"type":"Common","time":1715866383926,"method":"LOAD_CHAT","message":"chat loaded:2"}
{"user_id":1,"type":"Common","time":1715866385480,"method":"LOAD_CHAT","message":"chat loaded:2"}
{"user_id":1,"type":"Common","time":1715866387079,"method":"LOAD_CHAT","message":"chat loaded:2"}
{"user_id":1,"type":"Common","time":1715866388616,"method":"LOAD_CHAT","message":"chat loaded:2"}
{"user_id":1,"type":"Common","time":1715866390144,"method":"LOAD_CHAT","message":"chat loaded:2"}
{"user_id":1,"type":"Common","time":1715866391706,"method":"LOAD_CHAT","message":"chat loaded:2"}
{"user_id":1,"type":"Common","time":1715866393233,"method":"LOAD_CHAT","message":"chat loaded:2"}
{"user_id":1,"type":"Common","time":1715866394760,"method":"LOAD_CHAT","message":"chat loaded:2"}
{"user_id":1,"type":"Common","time":1715866396297,"method":"LOAD_CHAT","message":"chat loaded:2"}
{"user_id":1,"type":"Common","time":1715866397936,"method":"LOAD_CHAT","message":"chat loaded:2"}
{"user_id":1,"type":"Common","time":1715866399493,"method":"LOAD_CHAT","message":"chat loaded:2"}
{"user_id":1,"type":"Common","time":1715866401037,"method":"LOAD_CHAT","message":"chat loaded:2"}
{"user_id":1,"type":"Common","time":1715866402645,"method":"LOAD_CHAT","message":"chat loaded:2"}
{"user_id":1,"type":"Common","time":1715866404195,"method":"LOAD_CHAT","message":"chat loaded:2"}
{"user_id":1,"type":"Common","time":1715866405741,"method":"LOAD_CHAT","message":"chat loaded:2"}
{"user_id":1,"type":"Common","time":1715866407288,"method":"LOAD_CHAT","message":"chat loaded:2"}
{"user_id":1,"type":"Common","time":1715866408892,"method":"LOAD_CHAT","message":"chat loaded:2"}
{"user_id":1,"type":"Common","time":1715866410630,"method":"LOAD_CHAT","message":"chat loaded:2"}
{"user_id":1,"type":"Common","time":1715866412272,"method":"LOAD_CHAT","message":"chat loaded:2"}
{"user_id":1,"type":"Common","time":1715866414013,"method":"LOAD_CHAT","message":"chat loaded:2"}
{"user_id":1,"type":"Common","time":1715866415562,"method":"LOAD_CHAT","message":"chat loaded:2"}
{"user_id":1,"type":"Common","time":1715866417132,"method":"LOAD_CHAT","message":"chat loaded:2"}
{"user_id":1,"type":"Common","time":1715866418683,"method":"LOAD_CHAT","message":"chat loaded:2"}
{"user_id":1,"type":"Common","time":1715866420258,"method":"LOAD_CHAT","message":"chat loaded:2"}
{"user_id":1,"type":"Common","time":1715866421999,"method":"LOAD_CHAT","message":"chat loaded:2"}
{"user_id":1,"type":"Common","time":1715866423636,"method":"LOAD_CHAT","message":"chat loaded:2"}
{"user_id":1,"type":"Common","time":1715866425186,"method":"LOAD_CHAT","message":"chat loaded:2"}
{"user_id":1,"type":"Common","time":1715866426729,"method":"LOAD_CHAT","message":"chat loaded:2"}
{"user_id":1,"type":"Common","time":1715866428450,"method":"LOAD_CHAT","message":"chat loaded:2"}
{"user_id":1,"type":"Common","time":1715866430088,"method":"LOAD_CHAT","message":"chat loaded:2"}
{"user_id":1,"type":"Common","time":1715866431727,"method":"LOAD_CHAT","message":"chat loaded:2"}
{"user_id":1,"type":"Common","time":1715866433366,"method":"LOAD_CHAT","message":"chat loaded:2"}
{"user_id":1,"type":"Common","time":1715866434923,"method":"LOAD_CHAT","message":"chat loaded:2"}
{"user_id":1,"type":"Common","time":1715866436467,"method":"LOAD_CHAT","message":"chat loaded:2"}
{"user_id":1,"type":"Common","time":1715866438280,"method":"LOAD_CHAT","message":"chat loaded:2"}
{"user_id":1,"type":"Common","time":1715866439921,"method":"LOAD_CHAT","message":"chat loaded:2"}
{"user_id":1,"type":"Common","time":1715866441554,"method":"LOAD_CHAT","message":"chat loaded:2"}
{"user_id":1,"type":"Common","time":1715866443204,"method":"LOAD_CHAT","message":"chat loaded:2"}
{"user_id":1,"type":"Common","time":1715866444754,"method":"LOAD_CHAT","message":"chat loaded:2"}
{"user_id":1,"type":"Common","time":1715866446370,"method":"LOAD_CHAT","message":"chat loaded:2"}
{"user_id":1,"type":"Common","time":1715866448009,"method":"LOAD_CHAT","message":"chat loaded:2"}
{"user_id":1,"type":"Common","time":1715866449725,"method":"LOAD_CHAT","message":"chat loaded:2"}
{"user_id":1,"type":"Common","time":1715866451391,"method":"LOAD_CHAT","message":"chat loaded:2"}
{"user_id":1,"type":"Common","time":1715866452942,"method":"LOAD_CHAT","message":"chat loaded:2"}
{"user_id":1,"type":"Common","time":1715866454666,"method":"LOAD_CHAT","message":"chat loaded:2"}
{"user_id":1,"type":"Common","time":1715866456229,"method":"LOAD_CHAT","message":"chat loaded:2"}
{"user_id":1,"type":"Common","time":1715866457838,"method":"LOAD_CHAT","message":"chat loaded:2"}
{"user_id":1,"type":"Common","time":1715866459388,"method":"LOAD_CHAT","message":"chat loaded:2"}
{"user_id":1,"type":"Common","time":1715866461115,"method":"LOAD_CHAT","message":"chat loaded:2"}
{"user_id":1,"type":"Common","time":1715866462754,"method":"LOAD_CHAT","message":"chat loaded:2"}
{"user_id":1,"type":"Common","time":1715866464393,"method":"LOAD_CHAT","message":"chat loaded:2"}
{"user_id":1,"type":"Common","time":1715866465999,"method":"LOAD_CHAT","message":"chat loaded:2"}
{"user_id":1,"type":"Common","time":1715866467669,"method":"LOAD_CHAT","message":"chat loaded:2"}
{"user_id":1,"type":"Common","time":1715866469305,"method":"LOAD_CHAT","message":"chat loaded:2"}
{"user_id":1,"type":"Common","time":1715866471037,"method":"LOAD_CHAT","message":"chat loaded:2"}
{"user_id":1,"type":"Common","time":1715866472689,"method":"LOAD_CHAT","message":"chat loaded:2"}
{"user_id":1,"type":"Common","time":1715866474427,"method":"LOAD_CHAT","message":"chat loaded:2"}
{"user_id":1,"type":"Common","time":1715866476068,"method":"LOAD_CHAT","message":"chat loaded:2"}
{"user_id":1,"type":"Common","time":1715866477705,"method":"LOAD_CHAT","message":"chat loaded:2"}
{"user_id":1,"type":"Common","time":1715866479754,"method":"LOAD_CHAT","message":"chat loaded:2"}
{"user_id":1,"type":"Common","time":1715866481390,"method":"LOAD_CHAT","message":"chat loaded:2"}
{"user_id":1,"type":"Common","time":1715866482940,"method":"LOAD_CHAT","message":"chat loaded:2"}
{"user_id":1,"type":"Common","time":1715866484568,"method":"LOAD_CHAT","message":"chat loaded:2"}
{"user_id":1,"type":"Common","time":1715866486129,"method":"LOAD_CHAT","message":"chat loaded:2"}
{"user_id":1,"type":"Common","time":1715866487738,"method":"LOAD_CHAT","message":"chat loaded:2"}
{"user_id":1,"type":"Common","time":1715866489375,"method":"LOAD_CHAT","message":"chat loaded:2"}
{"user_id":1,"type":"Common","time":1715866491015,"method":"LOAD_CHAT","message":"chat loaded:2"}
{"user_id":1,"type":"Common","time":1715866492657,"method":"LOAD_CHAT","message":"chat loaded:2"}
{"user_id":1,"type":"Common","time":1715866494294,"method":"LOAD_CHAT","message":"chat loaded:2"}
{"user_id":1,"type":"Common","time":1715866495931,"method":"LOAD_CHAT","message":"chat loaded:2"}
{"user_id":1,"type":"Common","time":1715866497569,"method":"LOAD_CHAT","message":"chat loaded:2"}
{"user_id":1,"type":"Common","time":1715866499209,"method":"LOAD_CHAT","message":"chat loaded:2"}
{"user_id":1,"type":"Common","time":1715866500847,"method":"LOAD_CHAT","message":"chat loaded:2"}
{"user_id":1,"type":"Error","time":1715866502586,"method":"LOAD_CHAT","message":"user is not authentificated"}
{"user_id":1,"type":"Common","time":1715867218683,"method":"AUTHENTICATION","message":"Authentication successful"}
{"user_id":1,"type":"Common","time":1715867218708,"method":"LOAD_CHAT","message":"chat loaded:2"}
{"user_id":1,"type":"Common","time":1715867220311,"method":"LOAD_CHAT","message":"chat loaded:2"}
{"user_id":1,"type":"Common","time":1715867221543,"method":"LOAD_CHAT","message":"chat loaded:1"}
{"user_id":1,"type":"Common","time":1715867223179,"method":"LOAD_CHAT","message":"chat loaded:1"}