
{"user_id":1,"type":"Common","time":1715862361879,"method":"Inintialization","message":"Successful"}
{"user_id":1,"type":"Common","time":1715862361887,"method":"LOGIN","message":"test_user_2 sucessfuly loged in"}
{"user_id":1,"type":"Common","time":1715862362331,"method":"GET_CHATS","message":"successfuly loaded 9 chats"}
{"user_id":1,"type":"Common","time":1715862367772,"method":"LOAD_CHAT","message":"chat loaded:1"}
{"user_id":1,"type":"Common","time":1715862369394,"method":"LOAD_CHAT","message":"chat loaded:1"}
{"user_id":1,"type":"Common","time":1715862371031,"method":"LOAD_CHAT","message":"chat loaded:1"}
{"user_id":1,"type":"Common","time":1715862372672,"method":"LOAD_CHAT","message":"chat loaded:1"}
{"user_id":1,"type":"Common","time":1715862374309,"method":"LOAD_CHAT","message":"chat loaded:1"}
{"user_id":1,"type":"Common","time":1715862376252,"method":"LOAD_CHAT","message":"chat loaded:1"}
{"user_id":1,"type":"Common","time":1715862377889,"method":"LOAD_CHAT","message":"chat loaded:1"}
{"user_id":1,"type":"Common","time":1715862379532,"method":"LOAD_CHAT","message":"chat loaded:1"}
{"user_id":1,"type":"Common","time":1715862381169,"method":"LOAD_CHAT","message":"chat loaded:1"}
{"user_id":1,"type":"Common","time":1715862382807,"method":"LOAD_CHAT","message":"chat loaded:1"}
{"user_id":1,"type":"Common","time":1715862384547,"method":"LOAD_CHAT","message":"chat loaded:1"}
{"user_id":1,"type":"Common","time":1715862386186,"method":"LOAD_CHAT","message":"chat loaded:1"}
{"user_id":1,"type":"Common","time":1715862387831,"method":"LOAD_CHAT","message":"chat loaded:1"}
{"user_id":1,"type":"Common","time":1715862389466,"method":"LOAD_CHAT","message":"chat loaded:1"}
{"user_id":1,"type":"Common","time":1715862391102,"method":"LOAD_CHAT","message":"chat loaded:1"}
{"user_id":1,"type":"Common","time":1715862392739,"method":"LOAD_CHAT","message":"chat loaded:1"}
{"user_id":1,"type":"Common","time":1715862394297,"method":"LOAD_CHAT","message":"chat loaded:1"}
{"user_id":1,"type":"Common","time":1715862395913,"method":"LOAD_CHAT","message":"chat loaded:1"}
{"user_id":1,"type":"Common","time":1715862397653,"method":"LOAD_CHAT","message":"chat loaded:1"}
{"user_id":1,"type":"Common","time":1715862399292,"method":"LOAD_CHAT","message":"chat loaded:1"}
{"user_id":1,"type":"Common","time":1715862400929,"method":"LOAD_CHAT","message":"chat loaded:1"}
{"user_id":1,"type":"Common","time":1715862402671,"method":"LOAD_CHAT","message":"chat loaded:1"}
{"user_id":1,"type":"Common","time":1715862404308,"method":"LOAD_CHAT","message":"chat loaded:1"}
{"user_id":1,"type":"Common","time":1715862406050,"method":"LOAD_CHAT","message":"chat loaded:1"}
{"user_id":1,"type":"Common","time":1715862407687,"method":"LOAD_CHAT","message":"chat loaded:1"}
{"user_id":1,"type":"Common","time":1715862409431,"method":"LOAD_CHAT","message":"chat loaded:1"}
{"user_id":1,"type":"Common","time":1715862411069,"method":"LOAD_CHAT","message":"chat loaded:1"}
{"user_id":1,"type":"Common","time":1715862412705,"method":"LOAD_CHAT","message":"chat loaded:1"}
{"user_id":1,"type":"Common","time":1715862414449,"method":"LOAD_CHAT","message":"chat loaded:1"}
{"user_id":1,"type":"Common","time":1715862416084,"method":"LOAD_CHAT","message":"chat loaded:1"}
{"user_id":1,"type":"Common","time":1715862417827,"method":"LOAD_CHAT","message":"chat loaded:1"}
{"user_id":1,"type":"Common","time":1715862419466,"method":"LOAD_CHAT","message":"chat loaded:1"}
{"user_id":1,"type":"Common","time":1715862421204,"method":"LOAD_CHAT","message":"chat loaded:1"}
{"user_id":1,"type":"Common","time":1715862423046,"method":"LOAD_CHAT","message":"chat loaded:1"}
{"user_id":1,"type":"Common","time":1715862423056,"method":"LOAD_CHAT","message":"chat loaded:1"}
{"user_id":1,"type":"Common","time":1715862423067,"method":"GET_CHATS","message":"successfuly loaded 9 chats"}
{"user_id":1,"type":"Common","time":1715862424687,"method":"LOAD_CHAT","message":"chat loaded:1"}
{"user_id":1,"type":"Common","time":1715862424995,"method":"LOAD_CHAT","message":"chat loaded:1"}
{"user_id":1,"type":"Common","time":1715862426278,"method":"LOAD_CHAT","message":"chat loaded:1"}
{"user_id":1,"type":"Common","time":1715862426632,"method":"LOAD_CHAT","message":"chat loaded:1"}
{"user_id":1,"type":"Common","time":1715862427967,"method":"LOAD_CHAT","message":"chat loaded:1"}
{"user_id":1,"type":"Common","time":1715862428214,"method":"LOAD_CHAT","message":"chat loaded:1"}
{"user_id":1,"type":"Common","time":1715862429703,"method":"LOAD_CHAT","message":"chat loaded:1"}
{"user_id":1,"type":"Common","time":1715862429772,"method":"LOAD_CHAT","message":"chat loaded:1"}
{"user_id":1,"type":"Common","time":1715862431314,"method":"LOAD_CHAT","message":"chat loaded:1"}
{"user_id":1,"type":"Common","time":1715862431420,"method":"LOAD_CHAT","message":"chat loaded:1"}
{"user_id":1,"type":"Common","time":1715862432986,"method":"LOAD_CHAT","message":"chat loaded:1"}
{"user_id":1,"type":"Common","time":1715862434572,"method":"LOAD_CHAT","message":"chat loaded:1"}
{"user_id":1,"type":"Common","time":1715862436259,"method":"LOAD_CHAT","message":"chat loaded:1"}
{"user_id":1,"type":"Common","time":1715862438000,"method":"LOAD_CHAT","message":"chat loaded:1"}
{"user_id":1,"type":"Common","time":1715862439636,"method":"LOAD_CHAT","message":"chat loaded:1"}
{"user_id":1,"type":"Common","time":1715862441379,"method":"LOAD_CHAT","message":"chat loaded:1"}
{"user_id":1,"type":"Common","time":1715862443016,"method":"LOAD_CHAT","message":"chat loaded:1"}
{"user_id":1,"type":"Common","time":1715862444759,"method":"LOAD_CHAT","message":"chat loaded:1"}
{"user_id":1,"type":"Common","time":1715862446398,"method":"LOAD_CHAT","message":"chat loaded:1"}
{"user_id":1,"type":"Common","time":1715862448034,"method":"LOAD_CHAT","message":"chat loaded:1"}
{"user_id":1,"type":"Common","time":1715862449775,"method":"LOAD_CHAT","message":"chat loaded:1"}
{"user_id":1,"type":"Common","time":1715862452028,"method":"LOAD_CHAT","message":"chat loaded:1"}
{"user_id":1,"type":"Common","time":1715862453654,"method":"LOAD_CHAT","message":"chat loaded:1"}
{"user_id":1,"type":"Common","time":1715862455305,"method":"LOAD_CHAT","message":"chat loaded:1"}
{"user_id":1,"type":"Common","time":1715862456928,"method":"LOAD_CHAT","message":"chat loaded:1"}
{"user_id":1,"type":"Common","time":1715862458581,"method":"LOAD_CHAT","message":"chat loaded:1"}
{"user_id":1,"type":"Common","time":1715862460150,"method":"LOAD_CHAT","message":"chat loaded:1"}
{"user_id":1,"type":"Common","time":1715862461860,"method":"LOAD_CHAT","message":"chat loaded:1"}
{"user_id":1,"type":"Common","time":1715862463497,"method":"LOAD_CHAT","message":"chat loaded:1"}
{"user_id":1,"type":"Common","time":1715862465137,"method":"LOAD_CHAT","message":"chat loaded:1"}
{"user_id":1,"type":"Common","time":1715862467160,"method":"LOAD_CHAT","message":"chat loaded:1"}
{"user_id":1,"type":"Common","time":1715862467210,"method":"GET_CHATS","message":"successfuly loaded 9 chats"}
{"user_id":1,"type":"Common","time":1715862467213,"method":"LOAD_CHAT","message":"chat loaded:1"}
{"user_id":1,"type":"Common","time":1715862468781,"method":"LOAD_CHAT","message":"chat loaded:1"}
{"user_id":1,"type":"Common","time":1715862469127,"method":"LOAD_CHAT","message":"chat loaded:1"}
{"user_id":1,"type":"Common","time":1715862470359,"method":"LOAD_CHAT","message":"chat loaded:1"}
{"user_id":1,"type":"Common","time":1715862470767,"method":"LOAD_CHAT","message":"chat loaded:1"}
{"user_id":1,"type":"Common","time":1715862471999,"method":"LOAD_CHAT","message":"chat loaded:1"}
{"user_id":1,"type":"Common","time":1715862472470,"method":"LOAD_CHAT","message":"chat loaded:1"}
{"user_id":1,"type":"Common","time":1715862474042,"method":"LOAD_CHAT","message":"chat loaded:1"}
{"user_id":1,"type":"Common","time":1715862475709,"method":"LOAD_CHAT","message":"chat loaded:1"}
{"user_id":1,"type":"Common","time":1715862476489,"method":"LOAD_CHAT","message":"chat loaded:1"}
{"user_id":1,"type":"Common","time":1715862476518,"method":"GET_CHATS","message":"successfuly loaded 9 chats"}
{"user_id":1,"type":"Common","time":1715862477423,"method":"LOAD_CHAT","message":"chat loaded:1"}
{"user_id":1,"type":"Common","time":1715862478143,"method":"LOAD_CHAT","message":"chat loaded:1"}
{"user_id":1,"type":"Common","time":1715862479066,"method":"LOAD_CHAT","message":"chat loaded:1"}
{"user_id":1,"type":"Common","time":1715862479786,"method":"LOAD_CHAT","message":"chat loaded:1"}
{"user_id":1,"type":"Common","time":1715862480809,"method":"LOAD_CHAT","message":"chat loaded:1"}
{"user_id":1,"type":"Common","time":1715862481530,"method":"LOAD_CHAT","message":"chat loaded:1"}
{"user_id":1,"type":"Common","time":1715862482439,"method":"LOAD_CHAT","message":"chat loaded:1"}
{"user_id":1,"type":"Common","time":1715862482451,"method":"GET_CHATS","message":"successfuly loaded 9 chats"}
{"user_id":1,"type":"Common","time":1715862482562,"method":"LOAD_CHAT","message":"chat loaded:1"}
{"user_id":1,"type":"Common","time":1715862483170,"method":"LOAD_CHAT","message":"chat loaded:1"}
{"user_id":1,"type":"Common","time":1715862484084,"method":"LOAD_CHAT","message":"chat loaded:1"}
{"user_id":1,"type":"Common","time":1715862484156,"method":"LOAD_CHAT","message":"chat loaded:1"}
{"user_id":1,"type":"Common","time":1715862484912,"method":"LOAD_CHAT","message":"chat loaded:1"}
{"user_id":1,"type":"Common","time":1715862485735,"method":"LOAD_CHAT","message":"chat loaded:1"}
{"user_id":1,"type":"Common","time":1715862485808,"method":"LOAD_CHAT","message":"chat loaded:1"}
{"user_id":1,"type":"Common","time":1715862486553,"method":"LOAD_CHAT","message":"chat loaded:1"}
{"user_id":1,"type":"Common","time":1715862487376,"method":"LOAD_CHAT","message":"chat loaded:1"}
{"user_id":1,"type":"Common","time":1715862487506,"method":"LOAD_CHAT","message":"chat loaded:1"}
{"user_id":1,"type":"Common","time":1715862488296,"method":"LOAD_CHAT","message":"chat loaded:1"}
{"user_id":1,"type":"Common","time":1715862489117,"method":"LOAD_CHAT","message":"chat loaded:1"}
{"user_id":1,"type":"Common","time":1715862489137,"method":"LOAD_CHAT","message":"chat loaded:1"}
{"user_id":1,"type":"Common","time":1715862489937,"method":"LOAD_CHAT","message":"chat loaded:1"}
{"user_id":1,"type":"Common","time":1715862490859,"method":"LOAD_CHAT","message":"chat loaded:1"}
{"user_id":1,"type":"Common","time":1715862491577,"method":"LOAD_CHAT","message":"chat loaded:1"}
{"user_id":1,"type":"Common","time":1715862492603,"method":"LOAD_CHAT","message":"chat loaded:1"}
{"user_id":1,"type":"Common","time":1715862493308,"method":"LOAD_CHAT","message":"chat loaded:1"}
{"user_id":1,"type":"Common","time":1715862494448,"method":"LOAD_CHAT","message":"chat loaded:1"}
{"user_id":1,"type":"Common","time":1715862494911,"method":"LOAD_CHAT","message":"chat loaded:1"}
{"user_id":1,"type":"Common","time":1715862496007,"method":"LOAD_CHAT","message":"chat loaded:1"}
{"user_id":1,"type":"Common","time":1715862496603,"method":"LOAD_CHAT","message":"chat loaded:1"}
{"user_id":1,"type":"Common","time":1715862497628,"method":"LOAD_CHAT","message":"chat loaded:1"}
{"user_id":1,"type":"Common","time":1715862498239,"method":"LOAD_CHAT","message":"chat loaded:1"}
{"user_id":1,"type":"Common","time":1715862499262,"method":"LOAD_CHAT","message":"chat loaded:1"}
{"user_id":1,"type":"Common","time":1715862499880,"method":"LOAD_CHAT","message":"chat loaded:1"}
{"user_id":1,"type":"Common","time":1715862500904,"method":"LOAD_CHAT","message":"chat loaded:1"}
{"user_id":1,"type":"Common","time":1715862501723,"method":"LOAD_CHAT","message":"chat loaded:1"}
{"user_id":1,"type":"Common","time":1715862502543,"method":"LOAD_CHAT","message":"chat loaded:1"}
{"user_id":1,"type":"Common","time":1715862503363,"method":"LOAD_CHAT","message":"chat loaded:1"}
{"user_id":1,"type":"Common","time":1715862504180,"method":"LOAD_CHAT","message":"chat loaded:1"}
{"user_id":1,"type":"Common","time":1715862505102,"method":"LOAD_CHAT","message":"chat loaded:1"}
{"user_id":1,"type":"Common","time":1715862505922,"method":"LOAD_CHAT","message":"chat loaded:1"}
{"user_id":1,"type":"Common","time":1715862506741,"method":"LOAD_CHAT","message":"chat loaded:1"}
{"user_id":1,"type":"Common","time":1715862507563,"method":"LOAD_CHAT","message":"chat loaded:1"}
{"user_id":1,"type":"Common","time":1715862508484,"method":"LOAD_CHAT","message":"chat loaded:1"}
{"user_id":1,"type":"Common","time":1715862509302,"method":"LOAD_CHAT","message":"chat loaded:1"}
{"user_id":1,"type":"Common","time":1715862510123,"method":"LOAD_CHAT","message":"chat loaded:1"}
{"user_id":1,"type":"Common","time":1715862510943,"method":"LOAD_CHAT","message":"chat loaded:1"}
{"user_id":1,"type":"Common","time":1715862511677,"method":"LOAD_CHAT","message":"chat loaded:1"}
{"user_id":1,"type":"Common","time":1715862512686,"method":"LOAD_CHAT","message":"chat loaded:1"}
{"user_id":1,"type":"Common","time":1715862513296,"method":"LOAD_CHAT","message":"chat loaded:1"}
{"user_id":1,"type":"Common","time":1715862514269,"method":"LOAD_CHAT","message":"chat loaded:1"}
{"user_id":1,"type":"Common","time":1715862515041,"method":"LOAD_CHAT","message":"chat loaded:1"}
{"user_id":1,"type":"Common","time":1715862515887,"method":"LOAD_CHAT","message":"chat loaded:1"}
{"user_id":1,"type":"Common","time":1715862516680,"method":"LOAD_CHAT","message":"chat loaded:1"}
{"user_id":1,"type":"Common","time":1715862517601,"method":"LOAD_CHAT","message":"chat loaded:1"}
{"user_id":1,"type":"Common","time":1715862518524,"method":"LOAD_CHAT","message":"chat loaded:1"}
{"user_id":1,"type":"Common","time":1715862519239,"method":"LOAD_CHAT","message":"chat loaded:1"}
{"user_id":1,"type":"Common","time":1715862520162,"method":"LOAD_CHAT","message":"chat loaded:1"}
{"user_id":1,"type":"Common","time":1715862520877,"method":"LOAD_CHAT","message":"chat loaded:1"}
{"user_id":1,"type":"Common","time":1715862521799,"method":"LOAD_CHAT","message":"chat loaded:1"}
{"user_id":1,"type":"Common","time":1715862522618,"method":"LOAD_CHAT","message":"chat loaded:1"}
{"user_id":1,"type":"Common","time":1715862523435,"method":"LOAD_CHAT","message":"chat loaded:1"}
{"user_id":1,"type":"Common","time":1715862524258,"method":"LOAD_CHAT","message":"chat loaded:1"}
{"user_id":1,"type":"Common","time":1715862525280,"method":"LOAD_CHAT","message":"chat loaded:1"}
{"user_id":1,"type":"Common","time":1715862525999,"method":"LOAD_CHAT","message":"chat loaded:1"}
{"user_id":1,"type":"Common","time":1715862526920,"method":"LOAD_CHAT","message":"chat loaded:1"}
{"user_id":1,"type":"Common","time":1715862527636,"method":"LOAD_CHAT","message":"chat loaded:1"}
{"user_id":1,"type":"Common","time":1715862528519,"method":"LOAD_CHAT","message":"chat loaded:1"}
{"user_id":1,"type":"Common","time":1715862529277,"method":"LOAD_CHAT","message":"chat loaded:1"}
{"user_id":1,"type":"Common","time":1715862530113,"method":"LOAD_CHAT","message":"chat loaded:1"}
{"user_id":1,"type":"Common","time":1715862530911,"method":"LOAD_CHAT","message":"chat loaded:1"}
{"user_id":1,"type":"Common","time":1715862531836,"method":"LOAD_CHAT","message":"chat loaded:1"}
{"user_id":1,"type":"Common","time":1715862532655,"method":"LOAD_CHAT","message":"chat loaded:1"}
{"user_id":1,"type":"Common","time":1715862533577,"method":"LOAD_CHAT","message":"chat loaded:1"}
{"user_id":1,"type":"Common","time":1715862534292,"method":"LOAD_CHAT","message":"chat loaded:1"}
{"user_id":1,"type":"Common","time":1715862535318,"method":"LOAD_CHAT","message":"chat loaded:1"}
{"user_id":1,"type":"Common","time":1715862536036,"method":"LOAD_CHAT","message":"chat loaded:1"}
{"user_id":1,"type":"Common","time":1715862537005,"method":"LOAD_CHAT","message":"chat loaded:1"}
{"user_id":1,"type":"Common","time":1715862537877,"method":"LOAD_CHAT","message":"chat loaded:1"}
{"user_id":1,"type":"Common","time":1715862538696,"method":"LOAD_CHAT","message":"chat loaded:1"}
{"user_id":1,"type":"Common","time":1715862539619,"method":"LOAD_CHAT","message":"chat loaded:1"}
{"user_id":1,"type":"Common","time":1715862540334,"method":"LOAD_CHAT","message":"chat loaded:1"}
{"user_id":1,"type":"Common","time":1715862541356,"method":"LOAD_CHAT","message":"chat loaded:1"}
{"user_id":1,"type":"Common","time":1715862541919,"method":"LOAD_CHAT","message":"chat loaded:1"}
{"user_id":1,"type":"Common","time":1715862542997,"method":"LOAD_CHAT","message":"chat loaded:1"}
{"user_id":1,"type":"Common","time":1715862543575,"method":"LOAD_CHAT","message":"chat loaded:1"}
{"user_id":1,"type":"Common","time":1715862544740,"method":"LOAD_CHAT","message":"chat loaded:1"}
{"user_id":1,"type":"Common","time":1715862545350,"method":"LOAD_CHAT","message":"chat loaded:1"}
{"user_id":1,"type":"Common","time":1715862546684,"method":"LOAD_CHAT","message":"chat loaded:1"}
{"user_id":1,"type":"Common","time":1715862546945,"method":"LOAD_CHAT","message":"chat loaded:1"}
{"user_id":1,"type":"Common","time":1715862548425,"method":"LOAD_CHAT","message":"chat loaded:1"}
{"user_id":1,"type":"Common","time":1715862548504,"method":"LOAD_CHAT","message":"chat loaded:1"}
{"user_id":1,"type":"Common","time":1715862550061,"method":"LOAD_CHAT","message":"chat loaded:1"}
{"user_id":1,"type":"Common","time":1715862550200,"method":"LOAD_CHAT","message":"chat loaded:1"}
{"user_id":1,"type":"Common","time":1715862551699,"method":"LOAD_CHAT","message":"chat loaded:1"}
{"user_id":1,"type":"Common","time":1715862551785,"method":"LOAD_CHAT","message":"chat loaded:1"}
{"user_id":1,"type":"Common","time":1715862553340,"method":"LOAD_CHAT","message":"chat loaded:1"}
{"user_id":1,"type":"Common","time":1715862553350,"method":"LOAD_CHAT","message":"chat loaded:1"}
{"user_id":1,"type":"Common","time":1715862555079,"method":"LOAD_CHAT","message":"chat loaded:1"}
{"user_id":1,"type":"Common","time":1715862556822,"method":"LOAD_CHAT","message":"chat loaded:1"}
{"user_id":1,"type":"Common","time":1715862558397,"method":"LOAD_CHAT","message":"chat loaded:1"}
{"user_id":1,"type":"Common","time":1715862560099,"method":"LOAD_CHAT","message":"chat loaded:1"}
{"user_id":1,"type":"Common","time":1715862561741,"method":"LOAD_CHAT","message":"chat loaded:1"}
{"user_id":1,"type":"Common","time":1715862563477,"method":"LOAD_CHAT","message":"chat loaded:1"}
{"user_id":1,"type":"Common","time":1715862565113,"method":"LOAD_CHAT","message":"chat loaded:1"}
{"user_id":1,"type":"Common","time":1715862566857,"method":"LOAD_CHAT","message":"chat loaded:1"}
{"user_id":1,"type":"Common","time":1715862568489,"method":"LOAD_CHAT","message":"chat loaded:1"}
{"user_id":1,"type":"Common","time":1715862570138,"method":"LOAD_CHAT","message":"chat loaded:1"}
{"user_id":1,"type":"Common","time":1715862571772,"method":"LOAD_CHAT","message":"chat loaded:1"}
{"user_id":1,"type":"Common","time":1715862573416,"method":"LOAD_CHAT","message":"chat loaded:1"}
{"user_id":1,"type":"Common","time":1715862575152,"method":"LOAD_CHAT","message":"chat loaded:1"}
{"user_id":1,"type":"Common","time":1715862576955,"method":"LOAD_CHAT","message":"chat loaded:1"}
{"user_id":1,"type":"Common","time":1715862578644,"method":"LOAD_CHAT","message":"chat loaded:1"}
{"user_id":1,"type":"Common","time":1715862580422,"method":"LOAD_CHAT","message":"chat loaded:1"}
{"user_id":1,"type":"Common","time":1715862582115,"method":"LOAD_CHAT","message":"chat loaded:1"}
{"user_id":1,"type":"Common","time":1715862583316,"method":"LOAD_CHAT","message":"chat loaded:1"}
{"user_id":1,"type":"Common","time":1715862583338,"method":"GET_CHATS","message":"successfuly loaded 9 chats"}
{"user_id":1,"type":"Common","time":1715862583853,"method":"LOAD_CHAT","message":"chat loaded:1"}
{"user_id":1,"type":"Common","time":1715862584983,"method":"LOAD_CHAT","message":"chat loaded:1"}
{"user_id":1,"type":"Common","time":1715862585594,"method":"LOAD_CHAT","message":"chat loaded:1"}
{"user_id":1,"type":"Common","time":1715862586725,"method":"LOAD_CHAT","message":"chat loaded:1"}
{"user_id":1,"type":"Common","time":1715862587338,"method":"LOAD_CHAT","message":"chat loaded:1"}
{"user_id":1,"type":"Common","time":1715862588362,"method":"LOAD_CHAT","message":"chat loaded:1"}
{"user_id":1,"type":"Common","time":1715862588974,"method":"LOAD_CHAT","message":"chat loaded:1"}
{"user_id":1,"type":"Common","time":1715862590103,"method":"LOAD_CHAT","message":"chat loaded:1"}
{"user_id":1,"type":"Common","time":1715862590612,"method":"LOAD_CHAT","message":"chat loaded:1"}
{"user_id":1,"type":"Common","time":1715862591845,"method":"LOAD_CHAT","message":"chat loaded:1"}
{"user_id":1,"type":"Common","time":1715862592251,"method":"LOAD_CHAT","message":"chat loaded:1"}
{"user_id":1,"type":"Common","time":1715862593581,"method":"LOAD_CHAT","message":"chat loaded:1"}
{"user_id":1,"type":"Common","time":1715862593923,"method":"LOAD_CHAT","message":"chat loaded:1"}
{"user_id":1,"type":"Common","time":1715862595529,"method":"LOAD_CHAT","message":"chat loaded:1"}
{"user_id":1,"type":"Common","time":1715862595593,"method":"LOAD_CHAT","message":"chat loaded:1"}
{"user_id":1,"type":"Common","time":1715862597167,"method":"LOAD_CHAT","message":"chat loaded:1"}
{"user_id":1,"type":"Common","time":1715862597316,"method":"LOAD_CHAT","message":"chat loaded:1"}
{"user_id":1,"type":"Common","time":1715862598907,"method":"LOAD_CHAT","message":"chat loaded:1"}
{"user_id":1,"type":"Common","time":1715862598931,"method":"LOAD_CHAT","message":"chat loaded:1"}
{"user_id":1,"type":"Common","time":1715862600648,"method":"LOAD_CHAT","message":"chat loaded:1"}
{"user_id":1,"type":"Common","time":1715862602490,"method":"LOAD_CHAT","message":"chat loaded:1"}
{"user_id":1,"type":"Common","time":1715862604133,"method":"LOAD_CHAT","message":"chat loaded:1"}
{"user_id":1,"type":"Common","time":1715862605769,"method":"LOAD_CHAT","message":"chat loaded:1"}
{"user_id":1,"type":"Common","time":1715862606786,"method":"LOAD_CHAT","message":"chat loaded:1"}
{"user_id":1,"type":"Common","time":1715862606793,"method":"GET_CHATS","message":"successfuly loaded 9 chats"}
{"user_id":1,"type":"Common","time":1715862607509,"method":"LOAD_CHAT","message":"chat loaded:1"}
{"user_id":1,"type":"Common","time":1715862608430,"method":"LOAD_CHAT","message":"chat loaded:1"}
{"user_id":1,"type":"Common","time":1715862609147,"method":"LOAD_CHAT","message":"chat loaded:1"}
{"user_id":1,"type":"Common","time":1715862610016,"method":"LOAD_CHAT","message":"chat loaded:1"}
{"user_id":1,"type":"Common","time":1715862610787,"method":"LOAD_CHAT","message":"chat loaded:1"}
{"user_id":1,"type":"Common","time":1715862611709,"method":"LOAD_CHAT","message":"chat loaded:1"}
{"user_id":1,"type":"Common","time":1715862612426,"method":"LOAD_CHAT","message":"chat loaded:1"}
{"user_id":1,"type":"Common","time":1715862613451,"method":"LOAD_CHAT","message":"chat loaded:1"}
{"user_id":1,"type":"Common","time":1715862614166,"method":"LOAD_CHAT","message":"chat loaded:1"}
{"user_id":1,"type":"Common","time":1715862615033,"method":"LOAD_CHAT","message":"chat loaded:1"}
{"user_id":1,"type":"Common","time":1715862615805,"method":"LOAD_CHAT","message":"chat loaded:1"}
{"user_id":1,"type":"Common","time":1715862616726,"method":"LOAD_CHAT","message":"chat loaded:1"}
{"user_id":1,"type":"Common","time":1715862617545,"method":"LOAD_CHAT","message":"chat loaded:1"}
{"user_id":1,"type":"Common","time":1715862618468,"method":"LOAD_CHAT","message":"chat loaded:1"}
{"user_id":1,"type":"Common","time":1715862619285,"method":"LOAD_CHAT","message":"chat loaded:1"}
{"user_id":1,"type":"Common","time":1715862620208,"method":"LOAD_CHAT","message":"chat loaded:1"}
{"user_id":1,"type":"Common","time":1715862621029,"method":"LOAD_CHAT","message":"chat loaded:1"}
{"user_id":1,"type":"Common","time":1715862621847,"method":"LOAD_CHAT","message":"chat loaded:1"}
{"user_id":1,"type":"Common","time":1715862622666,"method":"LOAD_CHAT","message":"chat loaded:1"}
{"user_id":1,"type":"Common","time":1715862623483,"method":"LOAD_CHAT","message":"chat loaded:1"}
{"user_id":1,"type":"Common","time":1715862624305,"method":"LOAD_CHAT","message":"chat loaded:1"}
{"user_id":1,"type":"Common","time":1715862625225,"method":"LOAD_CHAT","message":"chat loaded:1"}
{"user_id":1,"type":"Common","time":1715862626043,"method":"LOAD_CHAT","message":"chat loaded:1"}
{"user_id":1,"type":"Common","time":1715862626861,"method":"LOAD_CHAT","message":"chat loaded:1"}
{"user_id":1,"type":"Common","time":1715862627684,"method":"LOAD_CHAT","message":"chat loaded:1"}
{"user_id":1,"type":"Common","time":1715862628604,"method":"LOAD_CHAT","message":"chat loaded:1"}
{"user_id":1,"type":"Common","time":1715862629423,"method":"LOAD_CHAT","message":"chat loaded:1"}
{"user_id":1,"type":"Common","time":1715862630347,"method":"LOAD_CHAT","message":"chat loaded:1"}
{"user_id":1,"type":"Common","time":1715862631165,"method":"LOAD_CHAT","message":"chat loaded:1"}
{"user_id":1,"type":"Common","time":1715862632087,"method":"LOAD_CHAT","message":"chat loaded:1"}
{"user_id":1,"type":"Common","time":1715862632904,"method":"LOAD_CHAT","message":"chat loaded:1"}
{"user_id":1,"type":"Common","time":1715862633666,"method":"LOAD_CHAT","message":"chat loaded:1"}
{"user_id":1,"type":"Common","time":1715862634645,"method":"LOAD_CHAT","message":"chat loaded:1"}
{"user_id":1,"type":"Common","time":1715862636134,"method":"LOAD_CHAT","message":"chat loaded:1"}
{"user_id":1,"type":"Common","time":1715862636151,"method":"GET_CHATS","message":"successfuly loaded 9 chats"}
{"user_id":1,"type":"Common","time":1715862636154,"method":"LOAD_CHAT","message":"chat loaded:1"}
{"user_id":1,"type":"Common","time":1715862637821,"method":"LOAD_CHAT","message":"chat loaded:1"}
{"user_id":1,"type":"Common","time":1715862637825,"method":"LOAD_CHAT","message":"chat loaded:1"}
{"user_id":1,"type":"Common","time":1715862639466,"method":"LOAD_CHAT","message":"chat loaded:1"}
{"user_id":1,"type":"Common","time":1715862639561,"method":"LOAD_CHAT","message":"chat loaded:1"}
{"user_id":1,"type":"Common","time":1715862641038,"method":"LOAD_CHAT","message":"chat loaded:1"}
{"user_id":1,"type":"Common","time":1715862641126,"method":"LOAD_CHAT","message":"chat loaded:1"}
{"user_id":1,"type":"Common","time":1715862642635,"method":"LOAD_CHAT","message":"chat loaded:1"}
{"user_id":1,"type":"Common","time":1715862642670,"method":"LOAD_CHAT","message":"chat loaded:1"}
{"user_id":1,"type":"Common","time":1715862644271,"method":"LOAD_CHAT","message":"chat loaded:1"}
{"user_id":1,"type":"Common","time":1715862644293,"method":"LOAD_CHAT","message":"chat loaded:1"}
{"user_id":1,"type":"Common","time":1715862646014,"method":"LOAD_CHAT","message":"chat loaded:1"}
{"user_id":1,"type":"Common","time":1715862647603,"method":"LOAD_CHAT","message":"chat loaded:1"}
{"user_id":1,"type":"Common","time":1715862649291,"method":"LOAD_CHAT","message":"chat loaded:1"}
{"user_id":1,"type":"Common","time":1715862651030,"method":"LOAD_CHAT","message":"chat loaded:1"}
{"user_id":1,"type":"Common","time":1715862652669,"method":"LOAD_CHAT","message":"chat loaded:1"}
{"user_id":1,"type":"Common","time":1715862654306,"method":"LOAD_CHAT","message":"chat loaded:1"}
{"user_id":1,"type":"Common","time":1715862655946,"method":"LOAD_CHAT","message":"chat loaded:1"}
{"user_id":1,"type":"Common","time":1715862657585,"method":"LOAD_CHAT","message":"chat loaded:1"}
{"user_id":1,"type":"Common","time":1715862659325,"method":"LOAD_CHAT","message":"chat loaded:1"}
{"user_id":1,"type":"Common","time":1715862660962,"method":"LOAD_CHAT","message":"chat loaded:1"}
{"user_id":1,"type":"Common","time":1715862662600,"method":"LOAD_CHAT","message":"chat loaded:1"}
{"user_id":1,"type":"Common","time":1715862664240,"method":"LOAD_CHAT","message":"chat loaded:1"}
{"user_id":1,"type":"Common","time":1715862665876,"method":"LOAD_CHAT","message":"chat loaded:1"}
{"user_id":1,"type":"Common","time":1715862666188,"method":"SEND_MESSAGE","message":"message sent:проверка сообщения"}
{"user_id":1,"type":"Common","time":1715862667517,"method":"LOAD_CHAT","message":"chat loaded:1"}
{"user_id":1,"type":"Common","time":1715862667742,"method":"LOAD_CHAT","message":"chat loaded:1"}
{"user_id":1,"type":"Common","time":1715862669173,"method":"LOAD_CHAT","message":"chat loaded:1"}
{"user_id":1,"type":"Common","time":1715862669297,"method":"LOAD_CHAT","message":"chat loaded:1"}
{"user_id":1,"type":"Common","time":1715862670792,"method":"LOAD_CHAT","message":"chat loaded:1"}
{"user_id":1,"type":"Common","time":1715862670856,"method":"LOAD_CHAT","message":"chat loaded:1"}
{"user_id":1,"type":"Common","time":1715862672404,"method":"LOAD_CHAT","message":"chat loaded:1"}
{"user_id":1,"type":"Common","time":1715862672740,"method":"LOAD_CHAT","message":"chat loaded:1"}
{"user_id":1,"type":"Error","time":1715862675299,"method":"LOAD_CHAT","message":"user is not authentificated"}
{"user_id":1,"type":"Common","time":1715862835806,"method":"GET_CHATS","message":"successfuly loaded 9 chats"}
{"user_id":1,"type":"Error","time":1715862836891,"method":"LOAD_CHAT","message":"user is not authentificated"}
{"user_id":1,"type":"Error","time":1715862836940,"method":"LOAD_CHAT","message":"user is not authentificated"}
{"user_id":1,"type":"Error","time":1715862837294,"method":"LOAD_CHAT","message":"user is not authentificated"}
{"user_id":1,"type":"Error","time":1715862837317,"method":"LOAD_CHAT","message":"user is not authentificated"}
{"user_id":1,"type":"Error","time":1715862837445,"method":"LOAD_CHAT","message":"user is not authentificated"}
{"user_id":1,"type":"Error","time":1715862837525,"method":"LOAD_CHAT","message":"user is not authentificated"}
{"user_id":1,"type":"Error","time":1715862837614,"method":"LOAD_CHAT","message":"user is not authentificated"}
{"user_id":1,"type":"Error","time":1715862837829,"method":"LOAD_CHAT","message":"user is not authentificated"}
{"user_id":1,"type":"Error","time":1715862837865,"method":"LOAD_CHAT","message":"user is not authentificated"}
{"user_id":1,"type":"Error","time":1715862837983,"method":"LOAD_CHAT","message":"user is not authentificated"}
{"user_id":1,"type":"Error","time":1715862838320,"method":"LOAD_CHAT","message":"user is not authentificated"}
{"user_id":1,"type":"Error","time":1715862838470,"method":"LOAD_CHAT","message":"user is not authentificated"}
{"user_id":1,"type":"Error","time":1715862838832,"method":"LOAD_CHAT","message":"user is not authentificated"}
{"user_id":1,"type":"Error","time":1715862838869,"method":"LOAD_CHAT","message":"user is not authentificated"}
{"user_id":1,"type":"Error","time":1715862838981,"method":"LOAD_CHAT","message":"user is not authentificated"}
{"user_id":1,"type":"Error","time":1715862839045,"method":"LOAD_CHAT","message":"user is not authentificated"}
{"user_id":1,"type":"Error","time":1715862839121,"method":"LOAD_CHAT","message":"user is not authentificated"}
{"user_id":1,"type":"Error","time":1715862839186,"method":"LOAD_CHAT","message":"user is not authentificated"}
{"user_id":1,"type":"Error","time":1715862839348,"method":"LOAD_CHAT","message":"user is not authentificated"}
{"user_id":1,"type":"Error","time":1715862839407,"method":"LOAD_CHAT","message":"user is not authentificated"}
{"user_id":1,"type":"Error","time":1715862839439,"method":"LOAD_CHAT","message":"user is not authentificated"}
{"user_id":1,"type":"Error","time":1715862839524,"method":"LOAD_CHAT","message":"user is not authentificated"}
{"user_id":1,"type":"Error","time":1715862839613,"method":"LOAD_CHAT","message":"user is not authentificated"}
{"user_id":1,"type":"Error","time":1715862839686,"method":"LOAD_CHAT","message":"user is not authentificated"}
{"user_id":1,"type":"Error","time":1715862839706,"method":"LOAD_CHAT","message":"user is not authentificated"}
{"user_id":1,"type":"Error","time":1715862839836,"method":"LOAD_CHAT","message":"user is not authentificated"}
{"user_id":1,"type":"Error","time":1715862839891,"method":"LOAD_CHAT","message":"user is not authentificated"}
{"user_id":1,"type":"Error","time":1715862839982,"method":"LOAD_CHAT","message":"user is not authentificated"}
{"user_id":1,"type":"Error","time":1715862840110,"method":"LOAD_CHAT","message":"user is not authentificated"}
{"user_id":1,"type":"Error","time":1715862840227,"method":"LOAD_CHAT","message":"user is not authentificated"}
{"user_id":1,"type":"Error","time":1715862840312,"method":"LOAD_CHAT","message":"user is not authentificated"}
{"user_id":1,"type":"Error","time":1715862840490,"method":"LOAD_CHAT","message":"user is not authentificated"}
{"user_id":1,"type":"Error","time":1715862840569,"method":"LOAD_CHAT","message":"user is not authentificated"}
{"user_id":1,"type":"Error","time":1715862840631,"method":"LOAD_CHAT","message":"user is not authentificated"}
{"user_id":1,"type":"Error","time":1715862840705,"method":"LOAD_CHAT","message":"user is not authentificated"}
{"user_id":1,"type":"Error","time":1715862840887,"method":"LOAD_CHAT","message":"user is not authentificated"}
{"user_id":1,"type":"Error","time":1715862841081,"method":"LOAD_CHAT","message":"user is not authentificated"}
{"user_id":1,"type":"Error","time":1715862841134,"method":"LOAD_CHAT","message":"user is not authentificated"}
{"user_id":1,"type":"Error","time":1715862841493,"method":"LOAD_CHAT","message":"user is not authentificated"}
{"user_id":1,"type":"Error","time":1715862841646,"method":"LOAD_CHAT","message":"user is not authentificated"}
{"user_id":1,"type":"Error","time":1715862841751,"method":"LOAD_CHAT","message":"user is not authentificated"}
{"user_id":1,"type":"Error","time":1715862841800,"method":"LOAD_CHAT","message":"user is not authentificated"}
{"user_id":1,"type":"Error","time":1715862842212,"method":"LOAD_CHAT","message":"user is not authentificated"}
{"user_id":1,"type":"Error","time":1715862842269,"method":"LOAD_CHAT","message":"user is not authentificated"}
{"user_id":1,"type":"Error","time":1715862842356,"method":"LOAD_CHAT","message":"user is not authentificated"}
{"user_id":1,"type":"Error","time":1715862842544,"method":"LOAD_CHAT","message":"user is not authentificated"}
{"user_id":1,"type":"Error","time":1715862842634,"method":"LOAD_CHAT","message":"user is not authentificated"}
{"user_id":1,"type":"Error","time":1715862842764,"method":"LOAD_CHAT","message":"user is not authentificated"}
{"user_id":1,"type":"Error","time":1715862842808,"method":"LOAD_CHAT","message":"user is not authentificated"}
{"user_id":1,"type":"Error","time":1715862842923,"method":"LOAD_CHAT","message":"user is not authentificated"}
{"user_id":1,"type":"Error","time":1715862843233,"method":"LOAD_CHAT","message":"user is not authentificated"}
{"user_id":1,"type":"Error","time":1715862843339,"method":"LOAD_CHAT","message":"user is not authentificated"}
{"user_id":1,"type":"Error","time":1715862843530,"method":"LOAD_CHAT","message":"user is not authentificated"}
{"user_id":1,"type":"Error","time":1715862843617,"method":"LOAD_CHAT","message":"user is not authentificated"}
{"user_id":1,"type":"Error","time":1715862843715,"method":"LOAD_CHAT","message":"user is not authentificated"}
{"user_id":1,"type":"Error","time":1715862843766,"method":"LOAD_CHAT","message":"user is not authentificated"}
{"user_id":1,"type":"Error","time":1715862843869,"method":"LOAD_CHAT","message":"user is not authentificated"}
{"user_id":1,"type":"Error","time":1715862844182,"method":"LOAD_CHAT","message":"user is not authentificated"}
{"user_id":1,"type":"Error","time":1715862844382,"method":"LOAD_CHAT","message":"user is not authentificated"}
{"user_id":1,"type":"Error","time":1715862844429,"method":"LOAD_CHAT","message":"user is not authentificated"}
{"user_id":1,"type":"Error","time":1715862844507,"method":"LOAD_CHAT","message":"user is not authentificated"}
{"user_id":1,"type":"Error","time":1715862844701,"method":"LOAD_CHAT","message":"user is not authentificated"}
{"user_id":1,"type":"Error","time":1715862844827,"method":"LOAD_CHAT","message":"user is not authentificated"}
{"user_id":1,"type":"Error","time":1715862844965,"method":"LOAD_CHAT","message":"user is not authentificated"}
{"user_id":1,"type":"Error","time":1715862845008,"method":"LOAD_CHAT","message":"user is not authentificated"}
{"user_id":1,"type":"Error","time":1715862845162,"method":"LOAD_CHAT","message":"user is not authentificated"}
{"user_id":1,"type":"Error","time":1715862845181,"method":"LOAD_CHAT","message":"user is not authentificated"}
{"user_id":1,"type":"Error","time":1715862845405,"method":"LOAD_CHAT","message":"user is not authentificated"}
{"user_id":1,"type":"Error","time":1715862845437,"method":"LOAD_CHAT","message":"user is not authentificated"}
{"user_id":1,"type":"Error","time":1715862845597,"method":"LOAD_CHAT","message":"user is not authentificated"}
{"user_id":1,"type":"Error","time":1715862845645,"method":"LOAD_CHAT","message":"user is not authentificated"}
{"user_id":1,"type":"Error","time":1715862845837,"method":"LOAD_CHAT","message":"user is not authentificated"}
{"user_id":1,"type":"Error","time":1715862845964,"method":"LOAD_CHAT","message":"user is not authentificated"}
{"user_id":1,"type":"Error","time":1715862846009,"method":"LOAD_CHAT","message":"user is not authentificated"}
{"user_id":1,"type":"Error","time":1715862846186,"method":"LOAD_CHAT","message":"user is not authentificated"}
{"user_id":1,"type":"Error","time":1715862846233,"method":"LOAD_CHAT","message":"user is not authentificated"}
{"user_id":1,"type":"Error","time":1715862846417,"method":"LOAD_CHAT","message":"user is not authentificated"}
{"user_id":1,"type":"Error","time":1715862846464,"method":"LOAD_CHAT","message":"user is not authentificated"}
{"user_id":1,"type":"Error","time":1715862846677,"method":"LOAD_CHAT","message":"user is not authentificated"}
{"user_id":1,"type":"Error","time":1715862846698,"method":"LOAD_CHAT","message":"user is not authentificated"}
{"user_id":1,"type":"Error","time":1715862846944,"method":"LOAD_CHAT","message":"user is not authentificated"}
{"user_id":1,"type":"Error","time":1715862847073,"method":"LOAD_CHAT","message":"user is not authentificated"}
{"user_id":1,"type":"Error","time":1715862847129,"method":"LOAD_CHAT","message":"user is not authentificated"}
{"user_id":1,"type":"Error","time":1715862847329,"method":"LOAD_CHAT","message":"user is not authentificated"}
{"user_id":1,"type":"Error","time":1715862847364,"method":"LOAD_CHAT","message":"user is not authentificated"}
{"user_id":1,"type":"Error","time":1715862847453,"method":"LOAD_CHAT","message":"user is not authentificated"}
{"user_id":1,"type":"Error","time":1715862847739,"method":"LOAD_CHAT","message":"user is not authentificated"}
{"user_id":1,"type":"Error","time":1715862847832,"method":"LOAD_CHAT","message":"user is not authentificated"}
{"user_id":1,"type":"Error","time":1715862847890,"method":"LOAD_CHAT","message":"user is not authentificated"}
{"user_id":1,"type":"Error","time":1715862847968,"method":"LOAD_CHAT","message":"user is not authentificated"}
{"user_id":1,"type":"Error","time":1715862848112,"method":"LOAD_CHAT","message":"user is not authentificated"}
{"user_id":1,"type":"Error","time":1715862848311,"method":"LOAD_CHAT","message":"user is not authentificated"}
{"user_id":1,"type":"Error","time":1715862848359,"method":"LOAD_CHAT","message":"user is not authentificated"}
{"user_id":1,"type":"Error","time":1715862848495,"method":"LOAD_CHAT","message":"user is not authentificated"}
{"user_id":1,"type":"Error","time":1715862848631,"method":"LOAD_CHAT","message":"user is not authentificated"}
{"user_id":1,"type":"Error","time":1715862848735,"method":"LOAD_CHAT","message":"user is not authentificated"}
{"user_id":1,"type":"Error","time":1715862848850,"method":"LOAD_CHAT","message":"user is not authentificated"}
{"user_id":1,"type":"Error","time":1715862848904,"method":"LOAD_CHAT","message":"user is not authentificated"}
{"user_id":1,"type":"Error","time":1715862849068,"method":"LOAD_CHAT","message":"user is not authentificated"}
{"user_id":1,"type":"Error","time":1715862849481,"method":"LOAD_CHAT","message":"user is not authentificated"}
{"user_id":1,"type":"Error","time":1715862849587,"method":"LOAD_CHAT","message":"user is not authentificated"}
{"user_id":1,"type":"Error","time":1715862849818,"method":"LOAD_CHAT","message":"user is not authentificated"}
{"user_id":1,"type":"Error","time":1715862849847,"method":"LOAD_CHAT","message":"user is not authentificated"}
{"user_id":1,"type":"Error","time":1715862850020,"method":"LOAD_CHAT","message":"user is not authentificated"}
{"user_id":1,"type":"Error","time":1715862850045,"method":"LOAD_CHAT","message":"user is not authentificated"}
{"user_id":1,"type":"Error","time":1715862850085,"method":"LOAD_CHAT","message":"user is not authentificated"}
{"user_id":1,"type":"Error","time":1715862850118,"method":"LOAD_CHAT","message":"user is not authentificated"}
{"user_id":1,"type":"Error","time":1715862850152,"method":"LOAD_CHAT","message":"user is not authentificated"}
{"user_id":1,"type":"Error","time":1715862850183,"method":"LOAD_CHAT","message":"user is not authentificated"}
{"user_id":1,"type":"Error","time":1715862850220,"method":"LOAD_CHAT","message":"user is not authentificated"}
{"user_id":1,"type":"Error","time":1715862850245,"method":"LOAD_CHAT","message":"user is not authentificated"}
{"user_id":1,"type":"Error","time":1715862850368,"method":"LOAD_CHAT","message":"user is not authentificated"}
{"user_id":1,"type":"Error","time":1715862850393,"method":"LOAD_CHAT","message":"user is not authentificated"}
{"user_id":1,"type":"Error","time":1715862850416,"method":"LOAD_CHAT","message":"user is not authentificated"}
{"user_id":1,"type":"Error","time":1715862850439,"method":"LOAD_CHAT","message":"user is not authentificated"}
{"user_id":1,"type":"Error","time":1715862850462,"method":"LOAD_CHAT","message":"user is not authentificated"}
{"user_id":1,"type":"Error","time":1715862850488,"method":"LOAD_CHAT","message":"user is not authentificated"}
{"user_id":1,"type":"Error","time":1715862850511,"method":"LOAD_CHAT","message":"user is not authentificated"}
{"user_id":1,"type":"Error","time":1715862850533,"method":"LOAD_CHAT","message":"user is not authentificated"}
{"user_id":1,"type":"Error","time":1715862850561,"method":"LOAD_CHAT","message":"user is not authentificated"}
{"user_id":1,"type":"Error","time":1715862850586,"method":"LOAD_CHAT","message":"user is not authentificated"}
{"user_id":1,"type":"Error","time":1715862850612,"method":"LOAD_CHAT","message":"user is not authentificated"}
{"user_id":1,"type":"Error","time":1715862850638,"method":"LOAD_CHAT","message":"user is not authentificated"}
{"user_id":1,"type":"Error","time":1715862850705,"method":"LOAD_CHAT","message":"user is not authentificated"}
{"user_id":1,"type":"Error","time":1715862850731,"method":"LOAD_CHAT","message":"user is not authentificated"}
{"user_id":1,"type":"Error","time":1715862850756,"method":"LOAD_CHAT","message":"user is not authentificated"}
{"user_id":1,"type":"Error","time":1715862850784,"method":"LOAD_CHAT","message":"user is not authentificated"}
{"user_id":1,"type":"Error","time":1715862850878,"method":"LOAD_CHAT","message":"user is not authentificated"}
{"user_id":1,"type":"Error","time":1715862850905,"method":"LOAD_CHAT","message":"user is not authentificated"}
{"user_id":1,"type":"Error","time":1715862850936,"method":"LOAD_CHAT","message":"user is not authentificated"}
{"user_id":1,"type":"Error","time":1715862850963,"method":"LOAD_CHAT","message":"user is not authentificated"}
{"user_id":1,"type":"Error","time":1715862851009,"method":"LOAD_CHAT","message":"user is not authentificated"}