
{"user_id":1,"type":"Common","time":1715865207388,"method":"Inintialization","message":"Successful"}
{"user_id":1,"type":"Common","time":1715865207392,"method":"LOGIN","message":"test_user_2 sucessfuly loged in"}
{"user_id":1,"type":"Common","time":1715865207664,"method":"GET_CHATS","message":"successfuly loaded 9 chats"}
{"user_id":1,"type":"Error","time":1715865208958,"method":"LOAD_CHAT","message":"user is not authentificated"}
{"user_id":1,"type":"Error","time":1715865212970,"method":"AUTHENTICATION","message":"Authentication error: wrong secret key"}
{"user_id":1,"type":"Common","time":1715865218395,"method":"AUTHENTICATION","message":"Authentication successful"}
{"user_id":1,"type":"Common","time":1715865218518,"method":"LOAD_CHAT","message":"chat loaded:1"}
{"user_id":1,"type":"Common","time":1715865220123,"method":"LOAD_CHAT","message":"chat loaded:1"}
{"user_id":1,"type":"Common","time":1715865221760,"method":"LOAD_CHAT","message":"chat loaded:1"}
{"user_id":1,"type":"Common","time":1715865223400,"method":"LOAD_CHAT","message":"chat loaded:1"}
{"user_id":1,"type":"Common","time":1715865225036,"method":"LOAD_CHAT","message":"chat loaded:1"}
{"user_id":1,"type":"Common","time":1715865226676,"method":"LOAD_CHAT","message":"chat loaded:1"}
{"user_id":1,"type":"Common","time":1715865228315,"method":"LOAD_CHAT","message":"chat loaded:1"}
{"user_id":1,"type":"Common","time":1715865230261,"method":"LOAD_CHAT","message":"chat loaded:1"}
{"user_id":1,"type":"Common","time":1715865232412,"method":"LOAD_CHAT","message":"chat loaded:1"}
{"user_id":1,"type":"Common","time":1715865234049,"method":"LOAD_CHAT","message":"chat loaded:1"}
{"user_id":1,"type":"Common","time":1715865235686,"method":"LOAD_CHAT","message":"chat loaded:1"}
{"user_id":1,"type":"Common","time":1715865238452,"method":"LOAD_CHAT","message":"chat loaded:2"}
{"user_id":1,"type":"Common","time":1715865240090,"method":"LOAD_CHAT","message":"chat loaded:2"}
{"user_id":1,"type":"Common","time":1715865241829,"method":"LOAD_CHAT","message":"chat loaded:2"}
{"user_id":1,"type":"Common","time":1715865243165,"method":"SEND_MESSAGE","message":"message sent:heeeey!"}
{"user_id":1,"type":"Common","time":1715865243372,"method":"LOAD_CHAT","message":"chat loaded:2"}
{"user_id":1,"type":"Common","time":1715865244800,"method":"LOAD_CHAT","message":"chat loaded:2"}
{"user_id":1,"type":"Common","time":1715865244930,"method":"LOAD_CHAT","message":"chat loaded:2"}
{"user_id":1,"type":"Common","time":1715865246441,"method":"LOAD_CHAT","message":"chat loaded:2"}
{"user_id":1,"type":"Common","time":1715865246463,"method":"LOAD_CHAT","message":"chat loaded:2"}
{"user_id":1,"type":"Common","time":1715865248078,"method":"LOAD_CHAT","message":"chat loaded:2"}
{"user_id":1,"type":"Common","time":1715865250235,"method":"LOAD_CHAT","message":"chat loaded:1"}
{"user_id":1,"type":"Common","time":1715865251868,"method":"LOAD_CHAT","message":"chat loaded:1"}
{"user_id":1,"type":"Common","time":1715865253605,"method":"LOAD_CHAT","message":"chat loaded:1"}
{"user_id":1,"type":"Common","time":1715865255247,"method":"LOAD_CHAT","message":"chat loaded:1"}
{"user_id":1,"type":"Common","time":1715865256985,"method":"LOAD_CHAT","message":"chat loaded:1"}
{"user_id":1,"type":"Common","time":1715865258622,"method":"LOAD_CHAT","message":"chat loaded:1"}
{"user_id":1,"type":"Common","time":1715865260263,"method":"LOAD_CHAT","message":"chat loaded:1"}
{"user_id":1,"type":"Common","time":1715865261907,"method":"LOAD_CHAT","message":"chat loaded:1"}
{"user_id":1,"type":"Common","time":1715865263537,"method":"LOAD_CHAT","message":"chat loaded:1"}
{"user_id":1,"type":"Common","time":1715865265177,"method":"LOAD_CHAT","message":"chat loaded:1"}
{"user_id":1,"type":"Common","time":1715865266918,"method":"LOAD_CHAT","message":"chat loaded:1"}
{"user_id":1,"type":"Common","time":1715865268555,"method":"LOAD_CHAT","message":"chat loaded:1"}
{"user_id":1,"type":"Common","time":1715865270285,"method":"LOAD_CHAT","message":"chat loaded:1"}
{"user_id":1,"type":"Common","time":1715865271935,"method":"LOAD_CHAT","message":"chat loaded:1"}
{"user_id":1,"type":"Common","time":1715865273675,"method":"LOAD_CHAT","message":"chat loaded:1"}
{"user_id":1,"type":"Common","time":1715865275317,"method":"LOAD_CHAT","message":"chat loaded:1"}
{"user_id":1,"type":"Common","time":1715865276913,"method":"LOAD_CHAT","message":"chat loaded:1"}
{"user_id":1,"type":"Common","time":1715865278593,"method":"LOAD_CHAT","message":"chat loaded:1"}
{"user_id":1,"type":"Common","time":1715865280231,"method":"LOAD_CHAT","message":"chat loaded:1"}
{"user_id":1,"type":"Common","time":1715865281870,"method":"LOAD_CHAT","message":"chat loaded:1"}
{"user_id":1,"type":"Common","time":1715865283561,"method":"LOAD_CHAT","message":"chat loaded:1"}
{"user_id":1,"type":"Common","time":1715865285249,"method":"LOAD_CHAT","message":"chat loaded:1"}
{"user_id":1,"type":"Common","time":1715865286990,"method":"LOAD_CHAT","message":"chat loaded:1"}
{"user_id":1,"type":"Common","time":1715865288626,"method":"LOAD_CHAT","message":"chat loaded:1"}
{"user_id":1,"type":"Common","time":1715865290265,"method":"LOAD_CHAT","message":"chat loaded:1"}
{"user_id":1,"type":"Common","time":1715865291904,"method":"LOAD_CHAT","message":"chat loaded:1"}
{"user_id":1,"type":"Common","time":1715865293543,"method":"LOAD_CHAT","message":"chat loaded:1"}
{"user_id":1,"type":"Common","time":1715865295181,"method":"LOAD_CHAT","message":"chat loaded:1"}
{"user_id":1,"type":"Common","time":1715865296922,"method":"LOAD_CHAT","message":"chat loaded:1"}
{"user_id":1,"type":"Common","time":1715865298563,"method":"LOAD_CHAT","message":"chat loaded:1"}
{"user_id":1,"type":"Common","time":1715865300303,"method":"LOAD_CHAT","message":"chat loaded:1"}
{"user_id":1,"type":"Common","time":1715865301938,"method":"LOAD_CHAT","message":"chat loaded:1"}
{"user_id":1,"type":"Common","time":1715865303579,"method":"LOAD_CHAT","message":"chat loaded:1"}
{"user_id":1,"type":"Common","time":1715865305318,"method":"LOAD_CHAT","message":"chat loaded:1"}
{"user_id":1,"type":"Common","time":1715865306958,"method":"LOAD_CHAT","message":"chat loaded:1"}
{"user_id":1,"type":"Common","time":1715865308633,"method":"LOAD_CHAT","message":"chat loaded:1"}
{"user_id":1,"type":"Common","time":1715865310335,"method":"LOAD_CHAT","message":"chat loaded:1"}
{"user_id":1,"type":"Common","time":1715865310487,"method":"LOAD_CHAT","message":"chat loaded:1"}
{"user_id":1,"type":"Common","time":1715865310503,"method":"GET_CHATS","message":"successfuly loaded 9 chats"}
{"user_id":1,"type":"Common","time":1715865312075,"method":"LOAD_CHAT","message":"chat loaded:1"}
{"user_id":1,"type":"Common","time":1715865313641,"method":"LOAD_CHAT","message":"chat loaded:1"}
{"user_id":1,"type":"Common","time":1715865315251,"method":"LOAD_CHAT","message":"chat loaded:1"}
{"user_id":1,"type":"Common","time":1715865316891,"method":"LOAD_CHAT","message":"chat loaded:1"}
{"user_id":1,"type":"Common","time":1715865318833,"method":"LOAD_CHAT","message":"chat loaded:1"}
{"user_id":1,"type":"Common","time":1715865320473,"method":"LOAD_CHAT","message":"chat loaded:1"}
{"user_id":1,"type":"Common","time":1715865322317,"method":"LOAD_CHAT","message":"chat loaded:1"}
{"user_id":1,"type":"Common","time":1715865322511,"method":"LOAD_CHAT","message":"chat loaded:1"}
{"user_id":1,"type":"Common","time":1715865322636,"method":"GET_CHATS","message":"successfuly loaded 9 chats"}
{"user_id":1,"type":"Common","time":1715865324028,"method":"LOAD_CHAT","message":"chat loaded:1"}
{"user_id":1,"type":"Common","time":1715865324186,"method":"LOAD_CHAT","message":"chat loaded:1"}
{"user_id":1,"type":"Common","time":1715865325798,"method":"LOAD_CHAT","message":"chat loaded:1"}
{"user_id":1,"type":"Common","time":1715865325809,"method":"LOAD_CHAT","message":"chat loaded:1"}
{"user_id":1,"type":"Common","time":1715865327437,"method":"LOAD_CHAT","message":"chat loaded:1"}
{"user_id":1,"type":"Common","time":1715865329177,"method":"LOAD_CHAT","message":"chat loaded:1"}
{"user_id":1,"type":"Common","time":1715865330814,"method":"LOAD_CHAT","message":"chat loaded:1"}
{"user_id":1,"type":"Common","time":1715865332455,"method":"LOAD_CHAT","message":"chat loaded:1"}
{"user_id":1,"type":"Common","time":1715865334195,"method":"LOAD_CHAT","message":"chat loaded:1"}
{"user_id":1,"type":"Common","time":1715865335833,"method":"LOAD_CHAT","message":"chat loaded:1"}
{"user_id":1,"type":"Common","time":1715865337528,"method":"LOAD_CHAT","message":"chat loaded:1"}
{"user_id":1,"type":"Common","time":1715865339213,"method":"LOAD_CHAT","message":"chat loaded:1"}
{"user_id":1,"type":"Common","time":1715865340954,"method":"LOAD_CHAT","message":"chat loaded:1"}
{"user_id":1,"type":"Common","time":1715865342775,"method":"LOAD_CHAT","message":"chat loaded:1"}
{"user_id":1,"type":"Common","time":1715865342792,"method":"LOAD_CHAT","message":"chat loaded:1"}
{"user_id":1,"type":"Common","time":1715865342796,"method":"GET_CHATS","message":"successfuly loaded 9 chats"}
{"user_id":1,"type":"Common","time":1715865344436,"method":"LOAD_CHAT","message":"chat loaded:1"}
{"user_id":1,"type":"Common","time":1715865345974,"method":"LOAD_CHAT","message":"chat loaded:1"}
{"user_id":1,"type":"Common","time":1715865347610,"method":"LOAD_CHAT","message":"chat loaded:1"}
{"user_id":1,"type":"Common","time":1715865349350,"method":"LOAD_CHAT","message":"chat loaded:1"}
{"user_id":1,"type":"Common","time":1715865350991,"method":"LOAD_CHAT","message":"chat loaded:1"}
{"user_id":1,"type":"Common","time":1715865352626,"method":"LOAD_CHAT","message":"chat loaded:1"}
{"user_id":1,"type":"Common","time":1715865354248,"method":"LOAD_CHAT","message":"chat loaded:1"}
{"user_id":1,"type":"Common","time":1715865355903,"method":"LOAD_CHAT","message":"chat loaded:1"}
{"user_id":1,"type":"Common","time":1715865357543,"method":"LOAD_CHAT","message":"chat loaded:1"}
{"user_id":1,"type":"Common","time":1715865359285,"method":"LOAD_CHAT","message":"chat loaded:1"}
{"user_id":1,"type":"Common","time":1715865360921,"method":"LOAD_CHAT","message":"chat loaded:1"}
{"user_id":1,"type":"Common","time":1715865362664,"method":"LOAD_CHAT","message":"chat loaded:1"}
{"user_id":1,"type":"Common","time":1715865364299,"method":"LOAD_CHAT","message":"chat loaded:1"}
{"user_id":1,"type":"Common","time":1715865366043,"method":"LOAD_CHAT","message":"chat loaded:1"}
{"user_id":1,"type":"Common","time":1715865367679,"method":"LOAD_CHAT","message":"chat loaded:1"}
{"user_id":1,"type":"Common","time":1715865369318,"method":"LOAD_CHAT","message":"chat loaded:1"}
{"user_id":1,"type":"Common","time":1715865370956,"method":"LOAD_CHAT","message":"chat loaded:1"}
{"user_id":1,"type":"Common","time":1715865372595,"method":"LOAD_CHAT","message":"chat loaded:1"}
{"user_id":1,"type":"Common","time":1715865374234,"method":"LOAD_CHAT","message":"chat loaded:1"}
{"user_id":1,"type":"Common","time":1715865375973,"method":"LOAD_CHAT","message":"chat loaded:1"}
{"user_id":1,"type":"Common","time":1715865377613,"method":"LOAD_CHAT","message":"chat loaded:1"}
{"user_id":1,"type":"Common","time":1715865379558,"method":"LOAD_CHAT","message":"chat loaded:1"}
{"user_id":1,"type":"Common","time":1715865381198,"method":"LOAD_CHAT","message":"chat loaded:1"}
{"user_id":1,"type":"Common","time":1715865382835,"method":"LOAD_CHAT","message":"chat loaded:1"}
{"user_id":1,"type":"Common","time":1715865384473,"method":"LOAD_CHAT","message":"chat loaded:1"}
{"user_id":1,"type":"Common","time":1715865386215,"method":"LOAD_CHAT","message":"chat loaded:1"}
{"user_id":1,"type":"Common","time":1715865387853,"method":"LOAD_CHAT","message":"chat loaded:1"}
{"user_id":1,"type":"Common","time":1715865389492,"method":"LOAD_CHAT","message":"chat loaded:1"}
{"user_id":1,"type":"Common","time":1715865392975,"method":"LOAD_CHAT","message":"chat loaded:0"}
{"user_id":1,"type":"Common","time":1715865394407,"method":"LOAD_CHAT","message":"chat loaded:1"}
{"user_id":1,"type":"Common","time":1715865396149,"method":"LOAD_CHAT","message":"chat loaded:2"}
{"user_id":1,"type":"Common","time":1715865397683,"method":"LOAD_CHAT","message":"chat loaded:1"}
{"user_id":1,"type":"Common","time":1715865399115,"method":"LOAD_CHAT","message":"chat loaded:3"}
{"user_id":1,"type":"Common","time":1715865400655,"method":"LOAD_CHAT","message":"chat loaded:4"}
{"user_id":1,"type":"Common","time":1715865402292,"method":"LOAD_CHAT","message":"chat loaded:4"}
{"user_id":1,"type":"Common","time":1715865404225,"method":"LOAD_CHAT","message":"chat loaded:4"}
{"user_id":1,"type":"Common","time":1715865406079,"method":"LOAD_CHAT","message":"chat loaded:4"}
{"user_id":1,"type":"Common","time":1715865407717,"method":"LOAD_CHAT","message":"chat loaded:4"}
{"user_id":1,"type":"Common","time":1715865409357,"method":"LOAD_CHAT","message":"chat loaded:4"}
{"user_id":1,"type":"Common","time":1715865410995,"method":"LOAD_CHAT","message":"chat loaded:4"}
{"user_id":1,"type":"Common","time":1715865412631,"method":"LOAD_CHAT","message":"chat loaded:4"}
{"user_id":1,"type":"Common","time":1715865414283,"method":"LOAD_CHAT","message":"chat loaded:4"}
{"user_id":1,"type":"Common","time":1715865415911,"method":"LOAD_CHAT","message":"chat loaded:4"}
{"user_id":1,"type":"Common","time":1715865417548,"method":"LOAD_CHAT","message":"chat loaded:4"}
{"user_id":1,"type":"Common","time":1715865419287,"method":"LOAD_CHAT","message":"chat loaded:4"}
{"user_id":1,"type":"Common","time":1715865420926,"method":"LOAD_CHAT","message":"chat loaded:4"}
{"user_id":1,"type":"Common","time":1715865422667,"method":"LOAD_CHAT","message":"chat loaded:4"}
{"user_id":1,"type":"Common","time":1715865424306,"method":"LOAD_CHAT","message":"chat loaded:4"}
{"user_id":1,"type":"Common","time":1715865425944,"method":"LOAD_CHAT","message":"chat loaded:4"}
{"user_id":1,"type":"Common","time":1715865427892,"method":"LOAD_CHAT","message":"chat loaded:4"}
{"user_id":1,"type":"Common","time":1715865429937,"method":"LOAD_CHAT","message":"chat loaded:4"}
{"user_id":1,"type":"Common","time":1715865431474,"method":"LOAD_CHAT","message":"chat loaded:4"}
{"user_id":1,"type":"Common","time":1715865433114,"method":"LOAD_CHAT","message":"chat loaded:4"}
{"user_id":1,"type":"Common","time":1715865434753,"method":"LOAD_CHAT","message":"chat loaded:4"}
{"user_id":1,"type":"Common","time":1715865436902,"method":"LOAD_CHAT","message":"chat loaded:4"}
{"user_id":1,"type":"Common","time":1715865438543,"method":"LOAD_CHAT","message":"chat loaded:4"}
{"user_id":1,"type":"Common","time":1715865440179,"method":"LOAD_CHAT","message":"chat loaded:4"}
{"user_id":1,"type":"Common","time":1715865441818,"method":"LOAD_CHAT","message":"chat loaded:4"}
{"user_id":1,"type":"Common","time":1715865443456,"method":"LOAD_CHAT","message":"chat loaded:4"}
{"user_id":1,"type":"Common","time":1715865445197,"method":"LOAD_CHAT","message":"chat loaded:4"}
{"user_id":1,"type":"Common","time":1715865446833,"method":"LOAD_CHAT","message":"chat loaded:4"}
{"user_id":1,"type":"Common","time":1715865448576,"method":"LOAD_CHAT","message":"chat loaded:4"}
{"user_id":1,"type":"Common","time":1715865450214,"method":"LOAD_CHAT","message":"chat loaded:4"}
{"user_id":1,"type":"Common","time":1715865451853,"method":"LOAD_CHAT","message":"chat loaded:4"}
{"user_id":1,"type":"Common","time":1715865453489,"method":"LOAD_CHAT","message":"chat loaded:4"}
{"user_id":1,"type":"Common","time":1715865455132,"method":"LOAD_CHAT","message":"chat loaded:4"}
{"user_id":1,"type":"Common","time":1715865456767,"method":"LOAD_CHAT","message":"chat loaded:4"}
{"user_id":1,"type":"Common","time":1715865458408,"method":"LOAD_CHAT","message":"chat loaded:4"}
{"user_id":1,"type":"Common","time":1715865459979,"method":"LOAD_CHAT","message":"chat loaded:4"}
{"user_id":1,"type":"Common","time":1715865461581,"method":"LOAD_CHAT","message":"chat loaded:4"}
{"user_id":1,"type":"Common","time":1715865463219,"method":"LOAD_CHAT","message":"chat loaded:4"}
{"user_id":1,"type":"Common","time":1715865464857,"method":"LOAD_CHAT","message":"chat loaded:4"}
{"user_id":1,"type":"Common","time":1715865466495,"method":"LOAD_CHAT","message":"chat loaded:4"}
{"user_id":1,"type":"Common","time":1715865468202,"method":"LOAD_CHAT","message":"chat loaded:4"}
{"user_id":1,"type":"Common","time":1715865469874,"method":"LOAD_CHAT","message":"chat loaded:4"}
{"user_id":1,"type":"Common","time":1715865471461,"method":"LOAD_CHAT","message":"chat loaded:4"}
{"user_id":1,"type":"Common","time":1715865473093,"method":"LOAD_CHAT","message":"chat loaded:4"}
{"user_id":1,"type":"Common","time":1715865474738,"method":"LOAD_CHAT","message":"chat loaded:4"}
{"user_id":1,"type":"Common","time":1715865476365,"method":"LOAD_CHAT","message":"chat loaded:4"}
{"user_id":1,"type":"Common","time":1715865478012,"method":"LOAD_CHAT","message":"chat loaded:4"}
{"user_id":1,"type":"Common","time":1715865480114,"method":"LOAD_CHAT","message":"chat loaded:4"}
{"user_id":1,"type":"Common","time":1715865481753,"method":"LOAD_CHAT","message":"chat loaded:4"}
{"user_id":1,"type":"Common","time":1715865483392,"method":"LOAD_CHAT","message":"chat loaded:4"}
{"user_id":1,"type":"Common","time":1715865485030,"method":"LOAD_CHAT","message":"chat loaded:4"}
{"user_id":1,"type":"Common","time":1715865486670,"method":"LOAD_CHAT","message":"chat loaded:4"}
{"user_id":1,"type":"Common","time":1715865488307,"method":"LOAD_CHAT","message":"chat loaded:4"}
{"user_id":1,"type":"Common","time":1715865489947,"method":"LOAD_CHAT","message":"chat loaded:4"}
{"user_id":1,"type":"Common","time":1715865491584,"method":"LOAD_CHAT","message":"chat loaded:4"}
{"user_id":1,"type":"Common","time":1715865493222,"method":"LOAD_CHAT","message":"chat loaded:4"}
{"user_id":1,"type":"Common","time":1715865494963,"method":"LOAD_CHAT","message":"chat loaded:4"}
{"user_id":1,"type":"Common","time":1715865496601,"method":"LOAD_CHAT","message":"chat loaded:4"}
{"user_id":1,"type":"Common","time":1715865498342,"method":"LOAD_CHAT","message":"chat loaded:4"}
{"user_id":1,"type":"Common","time":1715865499980,"method":"LOAD_CHAT","message":"chat loaded:4"}
{"user_id":1,"type":"Common","time":1715865501560,"method":"LOAD_CHAT","message":"chat loaded:4"}
{"user_id":1,"type":"Common","time":1715865503257,"method":"LOAD_CHAT","message":"chat loaded:4"}
{"user_id":1,"type":"Common","time":1715865504897,"method":"LOAD_CHAT","message":"chat loaded:4"}
{"user_id":1,"type":"Common","time":1715865506534,"method":"LOAD_CHAT","message":"chat loaded:4"}
{"user_id":1,"type":"Common","time":1715865507880,"method":"GET_CHATS","message":"successfuly loaded 9 chats"}
{"user_id":1,"type":"Common","time":1715865507893,"method":"LOAD_CHAT","message":"chat loaded:4"}
{"user_id":1,"type":"Common","time":1715865508144,"method":"LOAD_CHAT","message":"chat loaded:4"}
{"user_id":1,"type":"Common","time":1715865509503,"method":"LOAD_CHAT","message":"chat loaded:4"}
{"user_id":1,"type":"Common","time":1715865509679,"method":"LOAD_CHAT","message":"chat loaded:4"}
{"user_id":1,"type":"Common","time":1715865511062,"method":"LOAD_CHAT","message":"chat loaded:4"}
{"user_id":1,"type":"Common","time":1715865511304,"method":"LOAD_CHAT","message":"chat loaded:4"}
{"user_id":1,"type":"Common","time":1715865512780,"method":"LOAD_CHAT","message":"chat loaded:4"}
{"user_id":1,"type":"Common","time":1715865512839,"method":"LOAD_CHAT","message":"chat loaded:4"}
{"user_id":1,"type":"Common","time":1715865514419,"method":"LOAD_CHAT","message":"chat loaded:4"}
{"user_id":1,"type":"Common","time":1715865514464,"method":"LOAD_CHAT","message":"chat loaded:4"}
{"user_id":1,"type":"Common","time":1715865516055,"method":"LOAD_CHAT","message":"chat loaded:4"}
{"user_id":1,"type":"Common","time":1715865516128,"method":"LOAD_CHAT","message":"chat loaded:4"}
{"user_id":1,"type":"Common","time":1715865517799,"method":"LOAD_CHAT","message":"chat loaded:4"}
{"user_id":1,"type":"Common","time":1715865519378,"method":"LOAD_CHAT","message":"chat loaded:4"}
{"user_id":1,"type":"Common","time":1715865521073,"method":"LOAD_CHAT","message":"chat loaded:4"}
{"user_id":1,"type":"Common","time":1715865522711,"method":"LOAD_CHAT","message":"chat loaded:4"}
{"user_id":1,"type":"Common","time":1715865524352,"method":"LOAD_CHAT","message":"chat loaded:4"}
{"user_id":1,"type":"Common","time":1715865526094,"method":"LOAD_CHAT","message":"chat loaded:4"}
{"user_id":1,"type":"Common","time":1715865527731,"method":"LOAD_CHAT","message":"chat loaded:4"}
{"user_id":1,"type":"Common","time":1715865529368,"method":"LOAD_CHAT","message":"chat loaded:4"}
{"user_id":1,"type":"Common","time":1715865531008,"method":"LOAD_CHAT","message":"chat loaded:4"}
{"user_id":1,"type":"Common","time":1715865532646,"method":"LOAD_CHAT","message":"chat loaded:4"}
{"user_id":1,"type":"Common","time":1715865534228,"method":"LOAD_CHAT","message":"chat loaded:4"}
{"user_id":1,"type":"Common","time":1715865536333,"method":"LOAD_CHAT","message":"chat loaded:4"}
{"user_id":1,"type":"Common","time":1715865537383,"method":"GET_CHATS","message":"successfuly loaded 9 chats"}
{"user_id":1,"type":"Common","time":1715865537389,"method":"LOAD_CHAT","message":"chat loaded:4"}
{"user_id":1,"type":"Common","time":1715865537971,"method":"LOAD_CHAT","message":"chat loaded:4"}
{"user_id":1,"type":"Common","time":1715865539097,"method":"LOAD_CHAT","message":"chat loaded:4"}