
{"user_id":4,"type":"Common","time":1717100266664,"method":"Inintialization","message":"Successful"}
{"user_id":4,"type":"Common","time":1717100267116,"method":"LOGIN","message":"casb_designer_1 sucessfuly loged in"}
{"user_id":4,"type":"Common","time":1717100267279,"method":"GET_CHATS","message":"successfuly loaded 5 chats"}
{"user_id":4,"type":"Common","time":1717100267295,"method":"GET_CHATS","message":"successfuly loaded 5 chats"}
{"user_id":4,"type":"Error","time":1717100268761,"method":"LOAD_CHAT","message":"user is not authentificated"}
{"user_id":4,"type":"Error","time":1717100268848,"method":"LOAD_CHAT","message":"user is not authentificated"}
{"user_id":4,"type":"Common","time":1717100273353,"method":"GET_CHATS","message":"successfuly loaded 5 chats"}
{"user_id":4,"type":"Common","time":1717100277276,"method":"AUTHENTICATION","message":"Authentication successful"}
{"user_id":4,"type":"Common","time":1717100277288,"method":"LOAD_CHAT","message":"chat loaded:5"}
{"user_id":4,"type":"Common","time":1717100278836,"method":"LOAD_CHAT","message":"chat loaded:5"}
{"user_id":4,"type":"Common","time":1717100279389,"method":"GET_CHATS","message":"successfuly loaded 5 chats"}
{"user_id":4,"type":"Common","time":1717100280363,"method":"LOAD_CHAT","message":"chat loaded:5"}
{"user_id":4,"type":"Common","time":1717100280613,"method":"AUTHENTICATION","message":"Authentication successful"}
{"user_id":4,"type":"Common","time":1717100280626,"method":"LOAD_CHAT","message":"chat loaded:5"}
{"user_id":4,"type":"Common","time":1717100281902,"method":"LOAD_CHAT","message":"chat loaded:5"}
{"user_id":4,"type":"Common","time":1717100282135,"method":"LOAD_CHAT","message":"chat loaded:5"}
{"user_id":4,"type":"Common","time":1717100282167,"method":"LOAD_CHAT","message":"chat loaded:5"}
{"user_id":4,"type":"Common","time":1717100283419,"method":"LOAD_CHAT","message":"chat loaded:5"}
{"user_id":4,"type":"Common","time":1717100283650,"method":"LOAD_CHAT","message":"chat loaded:5"}
{"user_id":4,"type":"Common","time":1717100283680,"method":"LOAD_CHAT","message":"chat loaded:5"}
{"user_id":4,"type":"Common","time":1717100284948,"method":"LOAD_CHAT","message":"chat loaded:5"}
{"user_id":4,"type":"Common","time":1717100285167,"method":"LOAD_CHAT","message":"chat loaded:5"}
{"user_id":4,"type":"Common","time":1717100285213,"method":"LOAD_CHAT","message":"chat loaded:5"}
{"user_id":4,"type":"Common","time":1717100285417,"method":"GET_CHATS","message":"successfuly loaded 5 chats"}
{"user_id":4,"type":"Common","time":1717100286481,"method":"LOAD_CHAT","message":"chat loaded:5"}
{"user_id":4,"type":"Common","time":1717100286699,"method":"LOAD_CHAT","message":"chat loaded:5"}
{"user_id":4,"type":"Common","time":1717100286752,"method":"LOAD_CHAT","message":"chat loaded:5"}
{"user_id":4,"type":"Common","time":1717100288001,"method":"LOAD_CHAT","message":"chat loaded:5"}
{"user_id":4,"type":"Common","time":1717100288222,"method":"LOAD_CHAT","message":"chat loaded:5"}
{"user_id":4,"type":"Common","time":1717100288280,"method":"LOAD_CHAT","message":"chat loaded:5"}
{"user_id":4,"type":"Common","time":1717100289518,"method":"LOAD_CHAT","message":"chat loaded:5"}
{"user_id":4,"type":"Common","time":1717100289738,"method":"LOAD_CHAT","message":"chat loaded:5"}
{"user_id":4,"type":"Common","time":1717100289803,"method":"LOAD_CHAT","message":"chat loaded:5"}
{"user_id":4,"type":"Common","time":1717100291037,"method":"LOAD_CHAT","message":"chat loaded:5"}
{"user_id":4,"type":"Common","time":1717100291258,"method":"LOAD_CHAT","message":"chat loaded:5"}
{"user_id":4,"type":"Common","time":1717100291328,"method":"LOAD_CHAT","message":"chat loaded:5"}
{"user_id":4,"type":"Common","time":1717100291447,"method":"GET_CHATS","message":"successfuly loaded 5 chats"}
{"user_id":4,"type":"Common","time":1717100292563,"method":"LOAD_CHAT","message":"chat loaded:5"}
{"user_id":4,"type":"Common","time":1717100292771,"method":"LOAD_CHAT","message":"chat loaded:5"}
{"user_id":4,"type":"Common","time":1717100292845,"method":"LOAD_CHAT","message":"chat loaded:5"}
{"user_id":4,"type":"Common","time":1717100294116,"method":"LOAD_CHAT","message":"chat loaded:5"}
{"user_id":4,"type":"Common","time":1717100294121,"method":"SEND_MESSAGE","message":"message sent:Хорошо, как скажешь😊"}
{"user_id":4,"type":"Common","time":1717100294294,"method":"LOAD_CHAT","message":"chat loaded:5"}
{"user_id":4,"type":"Common","time":1717100294376,"method":"LOAD_CHAT","message":"chat loaded:5"}
{"user_id":4,"type":"Common","time":1717100297471,"method":"GET_CHATS","message":"successfuly loaded 5 chats"}
{"user_id":4,"type":"Common","time":1717100303509,"method":"GET_CHATS","message":"successfuly loaded 5 chats"}
{"user_id":4,"type":"Common","time":1717100306572,"method":"LOAD_CHAT","message":"chat loaded:6"}
{"user_id":4,"type":"Common","time":1717100308119,"method":"LOAD_CHAT","message":"chat loaded:6"}
{"user_id":4,"type":"Common","time":1717100309554,"method":"GET_CHATS","message":"successfuly loaded 5 chats"}
{"user_id":4,"type":"Common","time":1717100309643,"method":"LOAD_CHAT","message":"chat loaded:6"}
{"user_id":4,"type":"Common","time":1717100311174,"method":"LOAD_CHAT","message":"chat loaded:6"}
{"user_id":4,"type":"Common","time":1717100312728,"method":"LOAD_CHAT","message":"chat loaded:6"}
{"user_id":4,"type":"Common","time":1717100314248,"method":"LOAD_CHAT","message":"chat loaded:6"}
{"user_id":4,"type":"Common","time":1717100315581,"method":"GET_CHATS","message":"successfuly loaded 5 chats"}
{"user_id":4,"type":"Common","time":1717100315768,"method":"LOAD_CHAT","message":"chat loaded:6"}
{"user_id":4,"type":"Common","time":1717100317293,"method":"LOAD_CHAT","message":"chat loaded:6"}
{"user_id":4,"type":"Common","time":1717100318821,"method":"LOAD_CHAT","message":"chat loaded:6"}
{"user_id":4,"type":"Common","time":1717100320375,"method":"LOAD_CHAT","message":"chat loaded:6"}
{"user_id":4,"type":"Common","time":1717100321600,"method":"GET_CHATS","message":"successfuly loaded 5 chats"}
{"user_id":4,"type":"Common","time":1717100321892,"method":"LOAD_CHAT","message":"chat loaded:6"}
{"user_id":4,"type":"Common","time":1717100323429,"method":"LOAD_CHAT","message":"chat loaded:6"}
{"user_id":4,"type":"Common","time":1717100324943,"method":"LOAD_CHAT","message":"chat loaded:6"}
{"user_id":4,"type":"Common","time":1717100326461,"method":"LOAD_CHAT","message":"chat loaded:6"}
{"user_id":4,"type":"Common","time":1717100327622,"method":"GET_CHATS","message":"successfuly loaded 5 chats"}
{"user_id":4,"type":"Common","time":1717100327978,"method":"LOAD_CHAT","message":"chat loaded:6"}
{"user_id":4,"type":"Common","time":1717100329495,"method":"LOAD_CHAT","message":"chat loaded:6"}
{"user_id":4,"type":"Common","time":1717100331020,"method":"LOAD_CHAT","message":"chat loaded:6"}
{"user_id":4,"type":"Common","time":1717100331205,"method":"SEND_MESSAGE","message":"message sent:Всем привет, ребята! Очень рада присутствовать в команде😊"}
{"user_id":4,"type":"Common","time":1717100332533,"method":"LOAD_CHAT","message":"chat loaded:6"}
{"user_id":4,"type":"Common","time":1717100333640,"method":"GET_CHATS","message":"successfuly loaded 5 chats"}
{"user_id":4,"type":"Common","time":1717100335903,"method":"LOAD_CHAT","message":"chat loaded:8"}
{"user_id":4,"type":"Common","time":1717100337427,"method":"LOAD_CHAT","message":"chat loaded:8"}
{"user_id":4,"type":"Common","time":1717100338966,"method":"LOAD_CHAT","message":"chat loaded:8"}
{"user_id":4,"type":"Common","time":1717100339669,"method":"GET_CHATS","message":"successfuly loaded 5 chats"}
{"user_id":4,"type":"Common","time":1717100340493,"method":"LOAD_CHAT","message":"chat loaded:8"}
{"user_id":4,"type":"Common","time":1717100342028,"method":"LOAD_CHAT","message":"chat loaded:8"}
{"user_id":4,"type":"Common","time":1717100343559,"method":"LOAD_CHAT","message":"chat loaded:8"}
{"user_id":4,"type":"Common","time":1717100345092,"method":"LOAD_CHAT","message":"chat loaded:8"}
{"user_id":4,"type":"Common","time":1717100345700,"method":"GET_CHATS","message":"successfuly loaded 5 chats"}
{"user_id":4,"type":"Common","time":1717100346632,"method":"LOAD_CHAT","message":"chat loaded:8"}
{"user_id":4,"type":"Common","time":1717100348170,"method":"LOAD_CHAT","message":"chat loaded:8"}
{"user_id":4,"type":"Common","time":1717100349687,"method":"LOAD_CHAT","message":"chat loaded:8"}
{"user_id":4,"type":"Common","time":1717100351205,"method":"LOAD_CHAT","message":"chat loaded:8"}
{"user_id":4,"type":"Common","time":1717100351741,"method":"GET_CHATS","message":"successfuly loaded 5 chats"}
{"user_id":4,"type":"Common","time":1717100352731,"method":"LOAD_CHAT","message":"chat loaded:8"}
{"user_id":4,"type":"Common","time":1717100354280,"method":"LOAD_CHAT","message":"chat loaded:8"}
{"user_id":4,"type":"Common","time":1717100355799,"method":"LOAD_CHAT","message":"chat loaded:8"}
{"user_id":4,"type":"Common","time":1717100357328,"method":"LOAD_CHAT","message":"chat loaded:8"}
{"user_id":4,"type":"Common","time":1717100357525,"method":"SEND_MESSAGE","message":"message sent:Привет, надеюсь интерфейс будет огненным🔥🔥🔥"}
{"user_id":4,"type":"Common","time":1717100357772,"method":"GET_CHATS","message":"successfuly loaded 5 chats"}
{"user_id":4,"type":"Common","time":1717100358851,"method":"LOAD_CHAT","message":"chat loaded:8"}
{"user_id":4,"type":"Common","time":1717100359047,"method":"LOAD_CHAT","message":"chat loaded:8"}
{"user_id":4,"type":"Common","time":1717100363813,"method":"GET_CHATS","message":"successfuly loaded 5 chats"}
{"user_id":4,"type":"Common","time":1717100367361,"method":"LOAD_CHAT","message":"chat loaded:10"}
{"user_id":4,"type":"Common","time":1717100368879,"method":"LOAD_CHAT","message":"chat loaded:10"}
{"user_id":4,"type":"Common","time":1717100369850,"method":"GET_CHATS","message":"successfuly loaded 5 chats"}
{"user_id":4,"type":"Common","time":1717100370411,"method":"LOAD_CHAT","message":"chat loaded:10"}
{"user_id":4,"type":"Common","time":1717100371932,"method":"LOAD_CHAT","message":"chat loaded:10"}
{"user_id":4,"type":"Common","time":1717100373470,"method":"LOAD_CHAT","message":"chat loaded:10"}
{"user_id":4,"type":"Common","time":1717100373600,"method":"SEND_MESSAGE","message":"message sent:Привет)"}
{"user_id":4,"type":"Common","time":1717100375874,"method":"GET_CHATS","message":"successfuly loaded 5 chats"}
{"user_id":4,"type":"Common","time":1717100381920,"method":"GET_CHATS","message":"successfuly loaded 5 chats"}