
{"user_id":1,"type":"Common","method":"Inintialization","message":"Successful"}
{"user_id":1,"type":"Common","method":"LOGIN","message":"test_user_2 sucessfuly loged in"}
{"user_id":1,"type":"Common","method":"GET_CHATS","message":"successfuly loaded 9 chats"}
{"user_id":1,"type":"Common","method":"LOAD_CHAT","message":"chat loaded:1"}
{"user_id":1,"type":"Common","method":"LOAD_CHAT","message":"chat loaded:1"}
{"user_id":1,"type":"Common","method":"LOAD_CHAT","message":"chat loaded:1"}
{"user_id":1,"type":"Common","method":"LOAD_CHAT","message":"chat loaded:1"}
{"user_id":1,"type":"Common","method":"LOAD_CHAT","message":"chat loaded:1"}
{"user_id":1,"type":"Common","method":"LOAD_CHAT","message":"chat loaded:1"}
{"user_id":1,"type":"Common","method":"LOAD_CHAT","message":"chat loaded:1"}
{"user_id":1,"type":"Common","method":"LOAD_CHAT","message":"chat loaded:1"}
{"user_id":1,"type":"Common","method":"LOAD_CHAT","message":"chat loaded:1"}
{"user_id":1,"type":"Common","method":"LOAD_CHAT","message":"chat loaded:1"}
{"user_id":1,"type":"Common","method":"LOAD_CHAT","message":"chat loaded:1"}
{"user_id":1,"type":"Common","method":"LOAD_CHAT","message":"chat loaded:1"}
{"user_id":1,"type":"Common","method":"LOAD_CHAT","message":"chat loaded:1"}
{"user_id":1,"type":"Common","method":"LOAD_CHAT","message":"chat loaded:1"}
{"user_id":1,"type":"Common","method":"LOAD_CHAT","message":"chat loaded:1"}
{"user_id":1,"type":"Common","method":"LOAD_CHAT","message":"chat loaded:1"}
{"user_id":1,"type":"Common","method":"LOAD_CHAT","message":"chat loaded:1"}
{"user_id":1,"type":"Common","method":"LOAD_CHAT","message":"chat loaded:1"}
{"user_id":1,"type":"Common","method":"LOAD_CHAT","message":"chat loaded:1"}
{"user_id":1,"type":"Common","method":"LOAD_CHAT","message":"chat loaded:1"}
{"user_id":1,"type":"Common","method":"LOAD_CHAT","message":"chat loaded:1"}
{"user_id":1,"type":"Common","method":"LOAD_CHAT","message":"chat loaded:1"}
{"user_id":1,"type":"Common","method":"LOAD_CHAT","message":"chat loaded:1"}
{"user_id":1,"type":"Common","method":"LOAD_CHAT","message":"chat loaded:1"}
{"user_id":1,"type":"Common","method":"LOAD_CHAT","message":"chat loaded:1"}
{"user_id":1,"type":"Common","method":"LOAD_CHAT","message":"chat loaded:1"}
{"user_id":1,"type":"Common","method":"LOAD_CHAT","message":"chat loaded:1"}
{"user_id":1,"type":"Common","method":"LOAD_CHAT","message":"chat loaded:1"}
{"user_id":1,"type":"Common","method":"LOAD_CHAT","message":"chat loaded:1"}
{"user_id":1,"type":"Common","method":"LOAD_CHAT","message":"chat loaded:1"}
{"user_id":1,"type":"Common","method":"LOAD_CHAT","message":"chat loaded:1"}
{"user_id":1,"type":"Common","method":"LOAD_CHAT","message":"chat loaded:1"}
{"user_id":1,"type":"Common","method":"GET_CHATS","message":"successfuly loaded 9 chats"}
{"user_id":1,"type":"Common","method":"LOAD_CHAT","message":"chat loaded:1"}
{"user_id":1,"type":"Common","method":"LOAD_CHAT","message":"chat loaded:1"}
{"user_id":1,"type":"Common","method":"LOAD_CHAT","message":"chat loaded:1"}
{"user_id":1,"type":"Common","method":"LOAD_CHAT","message":"chat loaded:0"}
{"user_id":1,"type":"Common","method":"LOAD_CHAT","message":"chat loaded:1"}
{"user_id":1,"type":"Common","method":"LOAD_CHAT","message":"chat loaded:0"}
{"user_id":1,"type":"Common","method":"LOAD_CHAT","message":"chat loaded:1"}
{"user_id":1,"type":"Common","method":"LOAD_CHAT","message":"chat loaded:1"}
{"user_id":1,"type":"Common","method":"LOAD_CHAT","message":"chat loaded:1"}
{"user_id":1,"type":"Common","method":"GET_CHATS","message":"successfuly loaded 9 chats"}
{"user_id":1,"type":"Common","method":"LOAD_CHAT","message":"chat loaded:1"}
{"user_id":1,"type":"Common","method":"LOAD_CHAT","message":"chat loaded:1"}
{"user_id":1,"type":"Common","method":"LOAD_CHAT","message":"chat loaded:1"}
{"user_id":1,"type":"Common","method":"LOAD_CHAT","message":"chat loaded:1"}
{"user_id":1,"type":"Common","method":"LOAD_CHAT","message":"chat loaded:1"}
{"user_id":1,"type":"Common","method":"LOAD_CHAT","message":"chat loaded:1"}
{"user_id":1,"type":"Common","method":"LOAD_CHAT","message":"chat loaded:1"}
{"user_id":1,"type":"Common","method":"LOAD_CHAT","message":"chat loaded:1"}
{"user_id":1,"type":"Common","method":"LOAD_CHAT","message":"chat loaded:1"}
{"user_id":1,"type":"Common","method":"LOAD_CHAT","message":"chat loaded:1"}
{"user_id":1,"type":"Common","method":"LOAD_CHAT","message":"chat loaded:1"}
{"user_id":1,"type":"Common","method":"LOAD_CHAT","message":"chat loaded:1"}
{"user_id":1,"type":"Common","method":"LOAD_CHAT","message":"chat loaded:1"}
{"user_id":1,"type":"Common","method":"LOAD_CHAT","message":"chat loaded:1"}
{"user_id":1,"type":"Common","method":"LOAD_CHAT","message":"chat loaded:1"}
{"user_id":1,"type":"Common","method":"LOAD_CHAT","message":"chat loaded:1"}
{"user_id":1,"type":"Common","method":"LOAD_CHAT","message":"chat loaded:1"}
{"user_id":1,"type":"Common","method":"GET_CHATS","message":"successfuly loaded 9 chats"}
{"user_id":1,"type":"Common","method":"LOAD_CHAT","message":"chat loaded:1"}
{"user_id":1,"type":"Common","method":"LOAD_CHAT","message":"chat loaded:1"}
{"user_id":1,"type":"Common","method":"LOAD_CHAT","message":"chat loaded:1"}
{"user_id":1,"type":"Common","method":"LOAD_CHAT","message":"chat loaded:1"}
{"user_id":1,"type":"Common","method":"LOAD_CHAT","message":"chat loaded:1"}
{"user_id":1,"type":"Common","method":"LOAD_CHAT","message":"chat loaded:1"}
{"user_id":1,"type":"Common","method":"LOAD_CHAT","message":"chat loaded:1"}
{"user_id":1,"type":"Common","method":"LOAD_CHAT","message":"chat loaded:1"}
{"user_id":1,"type":"Common","method":"LOAD_CHAT","message":"chat loaded:1"}
{"user_id":1,"type":"Common","method":"LOAD_CHAT","message":"chat loaded:1"}
{"user_id":1,"type":"Common","method":"LOAD_CHAT","message":"chat loaded:1"}
{"user_id":1,"type":"Common","method":"LOAD_CHAT","message":"chat loaded:1"}
{"user_id":1,"type":"Common","method":"LOAD_CHAT","message":"chat loaded:1"}
{"user_id":1,"type":"Common","method":"LOAD_CHAT","message":"chat loaded:1"}
{"user_id":1,"type":"Common","method":"LOAD_CHAT","message":"chat loaded:1"}
{"user_id":1,"type":"Common","method":"LOAD_CHAT","message":"chat loaded:1"}
{"user_id":1,"type":"Common","method":"LOAD_CHAT","message":"chat loaded:1"}
{"user_id":1,"type":"Common","method":"LOAD_CHAT","message":"chat loaded:1"}
{"user_id":1,"type":"Common","method":"LOAD_CHAT","message":"chat loaded:1"}
{"user_id":1,"type":"Common","method":"LOAD_CHAT","message":"chat loaded:1"}
{"user_id":1,"type":"Common","method":"LOAD_CHAT","message":"chat loaded:1"}
{"user_id":1,"type":"Common","method":"LOAD_CHAT","message":"chat loaded:1"}
{"user_id":1,"type":"Common","method":"LOAD_CHAT","message":"chat loaded:1"}
{"user_id":1,"type":"Common","method":"LOAD_CHAT","message":"chat loaded:1"}
{"user_id":1,"type":"Common","method":"LOAD_CHAT","message":"chat loaded:1"}
{"user_id":1,"type":"Common","method":"LOAD_CHAT","message":"chat loaded:1"}
{"user_id":1,"type":"Common","method":"LOAD_CHAT","message":"chat loaded:1"}
{"user_id":1,"type":"Common","method":"LOAD_CHAT","message":"chat loaded:1"}
{"user_id":1,"type":"Common","method":"LOAD_CHAT","message":"chat loaded:1"}
{"user_id":1,"type":"Common","method":"LOAD_CHAT","message":"chat loaded:1"}
{"user_id":1,"type":"Common","method":"LOAD_CHAT","message":"chat loaded:1"}
{"user_id":1,"type":"Common","method":"LOAD_CHAT","message":"chat loaded:1"}
{"user_id":1,"type":"Common","method":"LOAD_CHAT","message":"chat loaded:1"}
{"user_id":1,"type":"Common","method":"LOAD_CHAT","message":"chat loaded:1"}
{"user_id":1,"type":"Common","method":"LOAD_CHAT","message":"chat loaded:1"}
{"user_id":1,"type":"Common","method":"LOAD_CHAT","message":"chat loaded:1"}
{"user_id":1,"type":"Common","method":"GET_CHATS","message":"successfuly loaded 9 chats"}
{"user_id":1,"type":"Common","method":"LOAD_CHAT","message":"chat loaded:1"}
{"user_id":1,"type":"Common","method":"LOAD_CHAT","message":"chat loaded:1"}
{"user_id":1,"type":"Common","method":"LOAD_CHAT","message":"chat loaded:1"}
{"user_id":1,"type":"Common","method":"LOAD_CHAT","message":"chat loaded:1"}
{"user_id":1,"type":"Common","method":"LOAD_CHAT","message":"chat loaded:1"}
{"user_id":1,"type":"Common","method":"LOAD_CHAT","message":"chat loaded:1"}
{"user_id":1,"type":"Common","method":"LOAD_CHAT","message":"chat loaded:1"}
{"user_id":1,"type":"Common","method":"LOAD_CHAT","message":"chat loaded:1"}
{"user_id":1,"type":"Common","method":"LOAD_CHAT","message":"chat loaded:1"}
{"user_id":1,"type":"Common","method":"LOAD_CHAT","message":"chat loaded:1"}
{"user_id":1,"type":"Common","method":"LOAD_CHAT","message":"chat loaded:1"}
{"user_id":1,"type":"Common","method":"LOAD_CHAT","message":"chat loaded:1"}
{"user_id":1,"type":"Common","method":"LOAD_CHAT","message":"chat loaded:1"}
{"user_id":1,"type":"Common","method":"LOAD_CHAT","message":"chat loaded:1"}
{"user_id":1,"type":"Common","method":"LOAD_CHAT","message":"chat loaded:1"}
{"user_id":1,"type":"Common","method":"LOAD_CHAT","message":"chat loaded:1"}
{"user_id":1,"type":"Common","method":"LOAD_CHAT","message":"chat loaded:1"}
{"user_id":1,"type":"Common","method":"LOAD_CHAT","message":"chat loaded:1"}
{"user_id":1,"type":"Common","method":"LOAD_CHAT","message":"chat loaded:1"}
{"user_id":1,"type":"Common","method":"LOAD_CHAT","message":"chat loaded:1"}
{"user_id":1,"type":"Common","method":"LOAD_CHAT","message":"chat loaded:1"}
{"user_id":1,"type":"Common","method":"LOAD_CHAT","message":"chat loaded:1"}
{"user_id":1,"type":"Common","method":"LOAD_CHAT","message":"chat loaded:1"}
{"user_id":1,"type":"Common","method":"LOAD_CHAT","message":"chat loaded:1"}
{"user_id":1,"type":"Common","method":"LOAD_CHAT","message":"chat loaded:1"}
{"user_id":1,"type":"Common","method":"LOAD_CHAT","message":"chat loaded:1"}
{"user_id":1,"type":"Common","method":"LOAD_CHAT","message":"chat loaded:1"}
{"user_id":1,"type":"Common","method":"LOAD_CHAT","message":"chat loaded:1"}
{"user_id":1,"type":"Common","method":"LOAD_CHAT","message":"chat loaded:1"}
{"user_id":1,"type":"Common","method":"LOAD_CHAT","message":"chat loaded:1"}
{"user_id":1,"type":"Common","method":"LOAD_CHAT","message":"chat loaded:1"}
{"user_id":1,"type":"Common","method":"LOAD_CHAT","message":"chat loaded:1"}
{"user_id":1,"type":"Common","method":"LOAD_CHAT","message":"chat loaded:1"}
{"user_id":1,"type":"Common","method":"LOAD_CHAT","message":"chat loaded:1"}
{"user_id":1,"type":"Common","method":"LOAD_CHAT","message":"chat loaded:1"}
{"user_id":1,"type":"Common","method":"LOAD_CHAT","message":"chat loaded:1"}
{"user_id":1,"type":"Common","method":"LOAD_CHAT","message":"chat loaded:1"}
{"user_id":1,"type":"Common","method":"LOAD_CHAT","message":"chat loaded:1"}
{"user_id":1,"type":"Common","method":"LOAD_CHAT","message":"chat loaded:1"}
{"user_id":1,"type":"Common","method":"LOAD_CHAT","message":"chat loaded:1"}
{"user_id":1,"type":"Common","method":"LOAD_CHAT","message":"chat loaded:1"}
{"user_id":1,"type":"Common","method":"LOAD_CHAT","message":"chat loaded:1"}
{"user_id":1,"type":"Common","method":"LOAD_CHAT","message":"chat loaded:1"}
{"user_id":1,"type":"Common","method":"LOAD_CHAT","message":"chat loaded:1"}
{"user_id":1,"type":"Common","method":"LOAD_CHAT","message":"chat loaded:1"}
{"user_id":1,"type":"Common","method":"LOAD_CHAT","message":"chat loaded:1"}
{"user_id":1,"type":"Common","method":"LOAD_CHAT","message":"chat loaded:1"}
{"user_id":1,"type":"Common","method":"LOAD_CHAT","message":"chat loaded:1"}
{"user_id":1,"type":"Common","method":"LOAD_CHAT","message":"chat loaded:1"}
{"user_id":1,"type":"Common","method":"LOAD_CHAT","message":"chat loaded:1"}
{"user_id":1,"type":"Common","method":"LOAD_CHAT","message":"chat loaded:1"}
{"user_id":1,"type":"Common","method":"LOAD_CHAT","message":"chat loaded:1"}
{"user_id":1,"type":"Common","method":"LOAD_CHAT","message":"chat loaded:1"}
{"user_id":1,"type":"Common","method":"LOAD_CHAT","message":"chat loaded:1"}
{"user_id":1,"type":"Common","method":"LOAD_CHAT","message":"chat loaded:1"}
{"user_id":1,"type":"Common","method":"LOAD_CHAT","message":"chat loaded:1"}
{"user_id":1,"type":"Common","method":"LOAD_CHAT","message":"chat loaded:1"}
{"user_id":1,"type":"Common","method":"LOAD_CHAT","message":"chat loaded:1"}
{"user_id":1,"type":"Common","method":"LOAD_CHAT","message":"chat loaded:1"}
{"user_id":1,"type":"Common","method":"LOAD_CHAT","message":"chat loaded:1"}
{"user_id":1,"type":"Common","method":"LOAD_CHAT","message":"chat loaded:1"}
{"user_id":1,"type":"Common","method":"LOAD_CHAT","message":"chat loaded:1"}
{"user_id":1,"type":"Common","method":"LOAD_CHAT","message":"chat loaded:1"}
{"user_id":1,"type":"Common","method":"LOAD_CHAT","message":"chat loaded:1"}
{"user_id":1,"type":"Common","method":"LOAD_CHAT","message":"chat loaded:1"}
{"user_id":1,"type":"Common","method":"LOAD_CHAT","message":"chat loaded:1"}
{"user_id":1,"type":"Common","method":"LOAD_CHAT","message":"chat loaded:1"}
{"user_id":1,"type":"Common","method":"LOAD_CHAT","message":"chat loaded:1"}
{"user_id":1,"type":"Common","method":"LOAD_CHAT","message":"chat loaded:1"}
{"user_id":1,"type":"Common","method":"LOAD_CHAT","message":"chat loaded:1"}
{"user_id":1,"type":"Common","method":"LOAD_CHAT","message":"chat loaded:1"}
{"user_id":1,"type":"Common","method":"LOAD_CHAT","message":"chat loaded:1"}
{"user_id":1,"type":"Common","method":"LOAD_CHAT","message":"chat loaded:1"}
{"user_id":1,"type":"Common","method":"LOAD_CHAT","message":"chat loaded:1"}
{"user_id":1,"type":"Common","method":"LOAD_CHAT","message":"chat loaded:1"}
{"user_id":1,"type":"Common","method":"LOAD_CHAT","message":"chat loaded:1"}
{"user_id":1,"type":"Common","method":"LOAD_CHAT","message":"chat loaded:1"}
{"user_id":1,"type":"Common","method":"LOAD_CHAT","message":"chat loaded:1"}
{"user_id":1,"type":"Common","method":"LOAD_CHAT","message":"chat loaded:1"}
{"user_id":1,"type":"Common","method":"LOAD_CHAT","message":"chat loaded:1"}
{"user_id":1,"type":"Common","method":"LOAD_CHAT","message":"chat loaded:1"}
{"user_id":1,"type":"Common","method":"LOAD_CHAT","message":"chat loaded:1"}
{"user_id":1,"type":"Common","method":"LOAD_CHAT","message":"chat loaded:1"}
{"user_id":1,"type":"Common","method":"LOAD_CHAT","message":"chat loaded:1"}
{"user_id":1,"type":"Common","method":"LOAD_CHAT","message":"chat loaded:1"}
{"user_id":1,"type":"Common","method":"LOAD_CHAT","message":"chat loaded:1"}
{"user_id":1,"type":"Common","method":"LOAD_CHAT","message":"chat loaded:1"}
{"user_id":1,"type":"Common","method":"LOAD_CHAT","message":"chat loaded:1"}
{"user_id":1,"type":"Common","method":"LOAD_CHAT","message":"chat loaded:1"}
{"user_id":1,"type":"Common","method":"LOAD_CHAT","message":"chat loaded:1"}
{"user_id":1,"type":"Common","method":"LOAD_CHAT","message":"chat loaded:1"}
{"user_id":1,"type":"Common","method":"LOAD_CHAT","message":"chat loaded:1"}
{"user_id":1,"type":"Common","method":"LOAD_CHAT","message":"chat loaded:1"}
{"user_id":1,"type":"Common","method":"LOAD_CHAT","message":"chat loaded:1"}
{"user_id":1,"type":"Common","method":"LOAD_CHAT","message":"chat loaded:1"}
{"user_id":1,"type":"Common","method":"LOAD_CHAT","message":"chat loaded:1"}
{"user_id":1,"type":"Common","method":"LOAD_CHAT","message":"chat loaded:1"}
{"user_id":1,"type":"Common","method":"LOAD_CHAT","message":"chat loaded:1"}
{"user_id":1,"type":"Common","method":"LOAD_CHAT","message":"chat loaded:1"}
{"user_id":1,"type":"Common","method":"LOAD_CHAT","message":"chat loaded:1"}
{"user_id":1,"type":"Common","method":"LOAD_CHAT","message":"chat loaded:1"}
{"user_id":1,"type":"Common","method":"LOAD_CHAT","message":"chat loaded:1"}
{"user_id":1,"type":"Common","method":"LOAD_CHAT","message":"chat loaded:1"}
{"user_id":1,"type":"Common","method":"LOAD_CHAT","message":"chat loaded:1"}
{"user_id":1,"type":"Common","method":"LOAD_CHAT","message":"chat loaded:1"}
{"user_id":1,"type":"Common","method":"LOAD_CHAT","message":"chat loaded:1"}
{"user_id":1,"type":"Common","method":"LOAD_CHAT","message":"chat loaded:1"}
{"user_id":1,"type":"Common","method":"LOAD_CHAT","message":"chat loaded:1"}
{"user_id":1,"type":"Common","method":"LOAD_CHAT","message":"chat loaded:1"}
{"user_id":1,"type":"Common","method":"LOAD_CHAT","message":"chat loaded:1"}
{"user_id":1,"type":"Common","method":"LOAD_CHAT","message":"chat loaded:1"}
{"user_id":1,"type":"Common","method":"LOAD_CHAT","message":"chat loaded:1"}
{"user_id":1,"type":"Common","method":"LOAD_CHAT","message":"chat loaded:1"}
{"user_id":1,"type":"Common","method":"LOAD_CHAT","message":"chat loaded:1"}
{"user_id":1,"type":"Common","method":"LOAD_CHAT","message":"chat loaded:1"}
{"user_id":1,"type":"Common","method":"LOAD_CHAT","message":"chat loaded:1"}
{"user_id":1,"type":"Common","method":"LOAD_CHAT","message":"chat loaded:1"}
{"user_id":1,"type":"Common","method":"LOAD_CHAT","message":"chat loaded:1"}
{"user_id":1,"type":"Common","method":"LOAD_CHAT","message":"chat loaded:1"}
{"user_id":1,"type":"Common","method":"LOAD_CHAT","message":"chat loaded:1"}
{"user_id":1,"type":"Common","method":"LOAD_CHAT","message":"chat loaded:1"}
{"user_id":1,"type":"Common","method":"LOAD_CHAT","message":"chat loaded:1"}
{"user_id":1,"type":"Common","method":"LOAD_CHAT","message":"chat loaded:1"}
{"user_id":1,"type":"Common","method":"LOAD_CHAT","message":"chat loaded:1"}
{"user_id":1,"type":"Common","method":"LOAD_CHAT","message":"chat loaded:1"}
{"user_id":1,"type":"Common","method":"LOAD_CHAT","message":"chat loaded:1"}
{"user_id":1,"type":"Common","method":"LOAD_CHAT","message":"chat loaded:1"}
{"user_id":1,"type":"Common","method":"LOAD_CHAT","message":"chat loaded:1"}
{"user_id":1,"type":"Common","method":"LOAD_CHAT","message":"chat loaded:1"}
{"user_id":1,"type":"Common","method":"LOAD_CHAT","message":"chat loaded:1"}
{"user_id":1,"type":"Common","method":"LOAD_CHAT","message":"chat loaded:1"}
{"user_id":1,"type":"Common","method":"LOAD_CHAT","message":"chat loaded:1"}
{"user_id":1,"type":"Common","method":"LOAD_CHAT","message":"chat loaded:1"}
{"user_id":1,"type":"Common","method":"LOAD_CHAT","message":"chat loaded:1"}
{"user_id":1,"type":"Common","method":"LOAD_CHAT","message":"chat loaded:1"}
{"user_id":1,"type":"Common","method":"LOAD_CHAT","message":"chat loaded:1"}
{"user_id":1,"type":"Common","method":"LOAD_CHAT","message":"chat loaded:1"}
{"user_id":1,"type":"Common","method":"LOAD_CHAT","message":"chat loaded:1"}
{"user_id":1,"type":"Common","method":"LOAD_CHAT","message":"chat loaded:1"}
{"user_id":1,"type":"Common","method":"LOAD_CHAT","message":"chat loaded:1"}
{"user_id":1,"type":"Common","method":"LOAD_CHAT","message":"chat loaded:1"}
{"user_id":1,"type":"Common","method":"LOAD_CHAT","message":"chat loaded:1"}
{"user_id":1,"type":"Common","method":"LOAD_CHAT","message":"chat loaded:1"}
{"user_id":1,"type":"Common","method":"LOAD_CHAT","message":"chat loaded:1"}
{"user_id":1,"type":"Common","method":"LOAD_CHAT","message":"chat loaded:1"}
{"user_id":1,"type":"Common","method":"LOAD_CHAT","message":"chat loaded:1"}
{"user_id":1,"type":"Common","method":"LOAD_CHAT","message":"chat loaded:1"}
{"user_id":1,"type":"Common","method":"LOAD_CHAT","message":"chat loaded:1"}
{"user_id":1,"type":"Common","method":"LOAD_CHAT","message":"chat loaded:1"}
{"user_id":1,"type":"Common","method":"LOAD_CHAT","message":"chat loaded:1"}
{"user_id":1,"type":"Common","method":"LOAD_CHAT","message":"chat loaded:1"}
{"user_id":1,"type":"Common","method":"LOAD_CHAT","message":"chat loaded:1"}
{"user_id":1,"type":"Common","method":"LOAD_CHAT","message":"chat loaded:1"}
{"user_id":1,"type":"Common","method":"LOAD_CHAT","message":"chat loaded:1"}
{"user_id":1,"type":"Common","method":"LOAD_CHAT","message":"chat loaded:1"}
{"user_id":1,"type":"Common","method":"LOAD_CHAT","message":"chat loaded:1"}
{"user_id":1,"type":"Common","method":"LOAD_CHAT","message":"chat loaded:1"}
{"user_id":1,"type":"Common","method":"LOAD_CHAT","message":"chat loaded:1"}
{"user_id":1,"type":"Common","method":"LOAD_CHAT","message":"chat loaded:1"}
{"user_id":1,"type":"Common","method":"LOAD_CHAT","message":"chat loaded:1"}
{"user_id":1,"type":"Common","method":"LOAD_CHAT","message":"chat loaded:1"}
{"user_id":1,"type":"Common","method":"LOAD_CHAT","message":"chat loaded:1"}
{"user_id":1,"type":"Common","method":"LOAD_CHAT","message":"chat loaded:1"}
{"user_id":1,"type":"Common","method":"LOAD_CHAT","message":"chat loaded:1"}
{"user_id":1,"type":"Common","method":"LOAD_CHAT","message":"chat loaded:1"}
{"user_id":1,"type":"Common","method":"LOAD_CHAT","message":"chat loaded:1"}
{"user_id":1,"type":"Common","method":"LOAD_CHAT","message":"chat loaded:1"}
{"user_id":1,"type":"Common","method":"LOAD_CHAT","message":"chat loaded:1"}
{"user_id":1,"type":"Common","method":"LOAD_CHAT","message":"chat loaded:1"}
{"user_id":1,"type":"Common","method":"LOAD_CHAT","message":"chat loaded:1"}
{"user_id":1,"type":"Common","method":"LOAD_CHAT","message":"chat loaded:1"}
{"user_id":1,"type":"Common","method":"LOAD_CHAT","message":"chat loaded:1"}
{"user_id":1,"type":"Common","method":"LOAD_CHAT","message":"chat loaded:1"}
{"user_id":1,"type":"Common","method":"LOAD_CHAT","message":"chat loaded:1"}
{"user_id":1,"type":"Common","method":"LOAD_CHAT","message":"chat loaded:1"}
{"user_id":1,"type":"Common","method":"LOAD_CHAT","message":"chat loaded:1"}
{"user_id":1,"type":"Common","method":"LOAD_CHAT","message":"chat loaded:1"}
{"user_id":1,"type":"Common","method":"LOAD_CHAT","message":"chat loaded:1"}
{"user_id":1,"type":"Common","method":"LOAD_CHAT","message":"chat loaded:1"}
{"user_id":1,"type":"Common","method":"LOAD_CHAT","message":"chat loaded:1"}
{"user_id":1,"type":"Common","method":"GET_CHATS","message":"successfuly loaded 9 chats"}
{"user_id":1,"type":"Common","method":"LOAD_CHAT","message":"chat loaded:1"}
{"user_id":1,"type":"Common","method":"LOAD_CHAT","message":"chat loaded:1"}
{"user_id":1,"type":"Common","method":"LOAD_CHAT","message":"chat loaded:1"}
{"user_id":1,"type":"Common","method":"LOAD_CHAT","message":"chat loaded:1"}
{"user_id":1,"type":"Common","method":"LOAD_CHAT","message":"chat loaded:1"}
{"user_id":1,"type":"Common","method":"LOAD_CHAT","message":"chat loaded:1"}
{"user_id":1,"type":"Common","method":"LOAD_CHAT","message":"chat loaded:1"}
{"user_id":1,"type":"Common","method":"LOAD_CHAT","message":"chat loaded:1"}
{"user_id":1,"type":"Common","method":"LOAD_CHAT","message":"chat loaded:1"}
{"user_id":1,"type":"Common","method":"LOAD_CHAT","message":"chat loaded:1"}
{"user_id":1,"type":"Common","method":"LOAD_CHAT","message":"chat loaded:1"}
{"user_id":1,"type":"Common","method":"LOAD_CHAT","message":"chat loaded:1"}
{"user_id":1,"type":"Common","method":"LOAD_CHAT","message":"chat loaded:1"}
{"user_id":1,"type":"Common","method":"LOAD_CHAT","message":"chat loaded:1"}
{"user_id":1,"type":"Common","method":"LOAD_CHAT","message":"chat loaded:1"}
{"user_id":1,"type":"Common","method":"LOAD_CHAT","message":"chat loaded:1"}
{"user_id":1,"type":"Common","method":"LOAD_CHAT","message":"chat loaded:1"}
{"user_id":1,"type":"Common","method":"LOAD_CHAT","message":"chat loaded:1"}
{"user_id":1,"type":"Common","method":"LOAD_CHAT","message":"chat loaded:1"}
{"user_id":1,"type":"Common","method":"LOAD_CHAT","message":"chat loaded:1"}
{"user_id":1,"type":"Common","method":"LOAD_CHAT","message":"chat loaded:1"}
{"user_id":1,"type":"Common","method":"LOAD_CHAT","message":"chat loaded:1"}
{"user_id":1,"type":"Common","method":"LOAD_CHAT","message":"chat loaded:1"}
{"user_id":1,"type":"Common","method":"LOAD_CHAT","message":"chat loaded:1"}
{"user_id":1,"type":"Common","method":"LOAD_CHAT","message":"chat loaded:1"}
{"user_id":1,"type":"Common","method":"LOAD_CHAT","message":"chat loaded:1"}
{"user_id":1,"type":"Common","method":"LOAD_CHAT","message":"chat loaded:1"}
{"user_id":1,"type":"Common","method":"LOAD_CHAT","message":"chat loaded:1"}
{"user_id":1,"type":"Common","method":"LOAD_CHAT","message":"chat loaded:1"}
{"user_id":1,"type":"Common","method":"LOAD_CHAT","message":"chat loaded:1"}
{"user_id":1,"type":"Common","method":"LOAD_CHAT","message":"chat loaded:1"}
{"user_id":1,"type":"Common","method":"LOAD_CHAT","message":"chat loaded:1"}
{"user_id":1,"type":"Common","method":"LOAD_CHAT","message":"chat loaded:1"}
{"user_id":1,"type":"Common","method":"LOAD_CHAT","message":"chat loaded:1"}
{"user_id":1,"type":"Common","method":"LOAD_CHAT","message":"chat loaded:1"}
{"user_id":1,"type":"Common","method":"LOAD_CHAT","message":"chat loaded:1"}
{"user_id":1,"type":"Common","method":"LOAD_CHAT","message":"chat loaded:1"}
{"user_id":1,"type":"Common","method":"LOAD_CHAT","message":"chat loaded:1"}
{"user_id":1,"type":"Common","method":"LOAD_CHAT","message":"chat loaded:1"}
{"user_id":1,"type":"Common","method":"LOAD_CHAT","message":"chat loaded:1"}
{"user_id":1,"type":"Common","method":"LOAD_CHAT","message":"chat loaded:1"}
{"user_id":1,"type":"Common","method":"SEND_MESSAGE","message":"message sent:Окей, вроде должно работать..."}
{"user_id":1,"type":"Common","method":"LOAD_CHAT","message":"chat loaded:1"}
{"user_id":1,"type":"Common","method":"LOAD_CHAT","message":"chat loaded:1"}
{"user_id":1,"type":"Common","method":"LOAD_CHAT","message":"chat loaded:1"}
{"user_id":1,"type":"Common","method":"LOAD_CHAT","message":"chat loaded:1"}
{"user_id":1,"type":"Common","method":"LOAD_CHAT","message":"chat loaded:1"}
{"user_id":1,"type":"Common","method":"LOAD_CHAT","message":"chat loaded:1"}
{"user_id":1,"type":"Common","method":"LOAD_CHAT","message":"chat loaded:1"}
{"user_id":1,"type":"Common","method":"LOAD_CHAT","message":"chat loaded:1"}
{"user_id":1,"type":"Common","method":"LOAD_CHAT","message":"chat loaded:1"}
{"user_id":1,"type":"Common","method":"LOAD_CHAT","message":"chat loaded:1"}
{"user_id":1,"type":"Common","method":"LOAD_CHAT","message":"chat loaded:1"}
{"user_id":1,"type":"Common","method":"LOAD_CHAT","message":"chat loaded:1"}
{"user_id":1,"type":"Common","method":"LOAD_CHAT","message":"chat loaded:1"}
{"user_id":1,"type":"Common","method":"LOAD_CHAT","message":"chat loaded:1"}
{"user_id":1,"type":"Common","method":"LOAD_CHAT","message":"chat loaded:1"}
{"user_id":1,"type":"Common","method":"LOAD_CHAT","message":"chat loaded:1"}
{"user_id":1,"type":"Common","method":"LOAD_CHAT","message":"chat loaded:1"}
{"user_id":1,"type":"Common","method":"LOAD_CHAT","message":"chat loaded:1"}
{"user_id":1,"type":"Common","method":"LOAD_CHAT","message":"chat loaded:1"}
{"user_id":1,"type":"Common","method":"LOAD_CHAT","message":"chat loaded:1"}
{"user_id":1,"type":"Common","method":"LOAD_CHAT","message":"chat loaded:1"}
{"user_id":1,"type":"Common","method":"SEND_MESSAGE","message":"message sent:УРА🎉🎉🎉"}
{"user_id":1,"type":"Common","method":"LOAD_CHAT","message":"chat loaded:1"}
{"user_id":1,"type":"Common","method":"LOAD_CHAT","message":"chat loaded:1"}
{"user_id":1,"type":"Common","method":"LOAD_CHAT","message":"chat loaded:1"}
{"user_id":1,"type":"Common","method":"LOAD_CHAT","message":"chat loaded:1"}
{"user_id":1,"type":"Common","method":"LOAD_CHAT","message":"chat loaded:1"}
{"user_id":1,"type":"Common","method":"LOAD_CHAT","message":"chat loaded:1"}
{"user_id":1,"type":"Common","method":"LOAD_CHAT","message":"chat loaded:1"}
{"user_id":1,"type":"Common","method":"LOAD_CHAT","message":"chat loaded:1"}
{"user_id":1,"type":"Common","method":"LOAD_CHAT","message":"chat loaded:1"}
{"user_id":1,"type":"Common","method":"LOAD_CHAT","message":"chat loaded:1"}
{"user_id":1,"type":"Common","method":"LOAD_CHAT","message":"chat loaded:1"}
{"user_id":1,"type":"Common","method":"LOAD_CHAT","message":"chat loaded:1"}
{"user_id":1,"type":"Common","method":"LOAD_CHAT","message":"chat loaded:1"}
{"user_id":1,"type":"Common","method":"LOAD_CHAT","message":"chat loaded:1"}
{"user_id":1,"type":"Common","method":"LOAD_CHAT","message":"chat loaded:1"}
{"user_id":1,"type":"Common","method":"LOAD_CHAT","message":"chat loaded:1"}
{"user_id":1,"type":"Common","method":"LOAD_CHAT","message":"chat loaded:1"}
{"user_id":1,"type":"Common","method":"LOAD_CHAT","message":"chat loaded:1"}
{"user_id":1,"type":"Common","method":"LOAD_CHAT","message":"chat loaded:1"}
{"user_id":1,"type":"Common","method":"LOAD_CHAT","message":"chat loaded:1"}
{"user_id":1,"type":"Common","method":"LOAD_CHAT","message":"chat loaded:1"}
{"user_id":1,"type":"Common","method":"LOAD_CHAT","message":"chat loaded:1"}
{"user_id":1,"type":"Common","method":"LOAD_CHAT","message":"chat loaded:1"}
{"user_id":1,"type":"Common","method":"LOAD_CHAT","message":"chat loaded:1"}
{"user_id":1,"type":"Common","method":"LOAD_CHAT","message":"chat loaded:1"}
{"user_id":1,"type":"Common","method":"LOAD_CHAT","message":"chat loaded:1"}
{"user_id":1,"type":"Common","method":"LOAD_CHAT","message":"chat loaded:1"}
{"user_id":1,"type":"Common","method":"LOAD_CHAT","message":"chat loaded:1"}
{"user_id":1,"type":"Common","method":"LOAD_CHAT","message":"chat loaded:1"}
{"user_id":1,"type":"Common","method":"LOAD_CHAT","message":"chat loaded:1"}
{"user_id":1,"type":"Common","method":"LOAD_CHAT","message":"chat loaded:1"}
{"user_id":1,"type":"Common","method":"LOAD_CHAT","message":"chat loaded:1"}
{"user_id":1,"type":"Common","method":"LOAD_CHAT","message":"chat loaded:1"}
{"user_id":1,"type":"Common","method":"LOAD_CHAT","message":"chat loaded:1"}
{"user_id":1,"type":"Common","method":"LOAD_CHAT","message":"chat loaded:1"}
{"user_id":1,"type":"Common","method":"LOAD_CHAT","message":"chat loaded:1"}
{"user_id":1,"type":"Common","method":"LOAD_CHAT","message":"chat loaded:1"}
{"user_id":1,"type":"Common","method":"LOAD_CHAT","message":"chat loaded:1"}
{"user_id":1,"type":"Common","method":"LOAD_CHAT","message":"chat loaded:1"}
{"user_id":1,"type":"Common","method":"LOAD_CHAT","message":"chat loaded:1"}
{"user_id":1,"type":"Common","method":"LOAD_CHAT","message":"chat loaded:1"}
{"user_id":1,"type":"Common","method":"LOAD_CHAT","message":"chat loaded:1"}
{"user_id":1,"type":"Common","method":"LOAD_CHAT","message":"chat loaded:1"}
{"user_id":1,"type":"Common","method":"LOAD_CHAT","message":"chat loaded:1"}
{"user_id":1,"type":"Common","method":"LOAD_CHAT","message":"chat loaded:1"}
{"user_id":1,"type":"Common","method":"LOAD_CHAT","message":"chat loaded:1"}
{"user_id":1,"type":"Common","method":"LOAD_CHAT","message":"chat loaded:1"}
{"user_id":1,"type":"Common","method":"LOAD_CHAT","message":"chat loaded:1"}
{"user_id":1,"type":"Common","method":"LOAD_CHAT","message":"chat loaded:1"}
{"user_id":1,"type":"Common","method":"LOAD_CHAT","message":"chat loaded:1"}
{"user_id":1,"type":"Common","method":"LOAD_CHAT","message":"chat loaded:1"}
{"user_id":1,"type":"Common","method":"LOAD_CHAT","message":"chat loaded:1"}
{"user_id":1,"type":"Common","method":"LOAD_CHAT","message":"chat loaded:1"}
{"user_id":1,"type":"Common","method":"LOAD_CHAT","message":"chat loaded:1"}
{"user_id":1,"type":"Common","method":"SEND_MESSAGE","message":"message sent:Как работает мега большой текст?Как работает мега большой текст?Как работает мега большой текст?Как работает мега большой текст?Как работает мега большой текст?"}
{"user_id":1,"type":"Common","method":"LOAD_CHAT","message":"chat loaded:1"}
{"user_id":1,"type":"Common","method":"LOAD_CHAT","message":"chat loaded:1"}
{"user_id":1,"type":"Common","method":"LOAD_CHAT","message":"chat loaded:1"}
{"user_id":1,"type":"Common","method":"LOAD_CHAT","message":"chat loaded:1"}
{"user_id":1,"type":"Common","method":"LOAD_CHAT","message":"chat loaded:1"}
{"user_id":1,"type":"Common","method":"LOAD_CHAT","message":"chat loaded:1"}
{"user_id":1,"type":"Common","method":"LOAD_CHAT","message":"chat loaded:1"}
{"user_id":1,"type":"Common","method":"LOAD_CHAT","message":"chat loaded:1"}
{"user_id":1,"type":"Common","method":"LOAD_CHAT","message":"chat loaded:1"}
{"user_id":1,"type":"Common","method":"LOAD_CHAT","message":"chat loaded:1"}
{"user_id":1,"type":"Common","method":"LOAD_CHAT","message":"chat loaded:1"}
{"user_id":1,"type":"Common","method":"LOAD_CHAT","message":"chat loaded:1"}
{"user_id":1,"type":"Common","method":"LOAD_CHAT","message":"chat loaded:1"}
{"user_id":1,"type":"Common","method":"LOAD_CHAT","message":"chat loaded:1"}
{"user_id":1,"type":"Common","method":"LOAD_CHAT","message":"chat loaded:1"}
{"user_id":1,"type":"Common","method":"LOAD_CHAT","message":"chat loaded:1"}
{"user_id":1,"type":"Common","method":"LOAD_CHAT","message":"chat loaded:1"}
{"user_id":1,"type":"Common","method":"LOAD_CHAT","message":"chat loaded:1"}
{"user_id":1,"type":"Common","method":"LOAD_CHAT","message":"chat loaded:1"}
{"user_id":1,"type":"Common","method":"LOAD_CHAT","message":"chat loaded:1"}
{"user_id":1,"type":"Common","method":"LOAD_CHAT","message":"chat loaded:1"}
{"user_id":1,"type":"Common","method":"LOAD_CHAT","message":"chat loaded:1"}
{"user_id":1,"type":"Common","method":"LOAD_CHAT","message":"chat loaded:1"}
{"user_id":1,"type":"Common","method":"LOAD_CHAT","message":"chat loaded:1"}
{"user_id":1,"type":"Common","method":"LOAD_CHAT","message":"chat loaded:1"}
{"user_id":1,"type":"Common","method":"LOAD_CHAT","message":"chat loaded:1"}
{"user_id":1,"type":"Common","method":"LOAD_CHAT","message":"chat loaded:1"}
{"user_id":1,"type":"Common","method":"LOAD_CHAT","message":"chat loaded:1"}
{"user_id":1,"type":"Common","method":"LOAD_CHAT","message":"chat loaded:1"}
{"user_id":1,"type":"Common","method":"LOAD_CHAT","message":"chat loaded:1"}
{"user_id":1,"type":"Common","method":"LOAD_CHAT","message":"chat loaded:1"}
{"user_id":1,"type":"Common","method":"LOAD_CHAT","message":"chat loaded:1"}
{"user_id":1,"type":"Common","method":"LOAD_CHAT","message":"chat loaded:1"}
{"user_id":1,"type":"Common","method":"LOAD_CHAT","message":"chat loaded:1"}
{"user_id":1,"type":"Common","method":"LOAD_CHAT","message":"chat loaded:1"}
{"user_id":1,"type":"Common","method":"LOAD_CHAT","message":"chat loaded:1"}
{"user_id":1,"type":"Common","method":"LOAD_CHAT","message":"chat loaded:1"}
{"user_id":1,"type":"Common","method":"LOAD_CHAT","message":"chat loaded:1"}
{"user_id":1,"type":"Common","method":"LOAD_CHAT","message":"chat loaded:1"}
{"user_id":1,"type":"Common","method":"LOAD_CHAT","message":"chat loaded:1"}
{"user_id":1,"type":"Common","method":"LOAD_CHAT","message":"chat loaded:1"}
{"user_id":1,"type":"Common","method":"LOAD_CHAT","message":"chat loaded:1"}
{"user_id":1,"type":"Common","method":"LOAD_CHAT","message":"chat loaded:1"}
{"user_id":1,"type":"Common","method":"LOAD_CHAT","message":"chat loaded:1"}
{"user_id":1,"type":"Common","method":"LOAD_CHAT","message":"chat loaded:1"}
{"user_id":1,"type":"Common","method":"LOAD_CHAT","message":"chat loaded:1"}