
{"user_id":1,"type":"Common","time":1716030603444,"method":"Inintialization","message":"Successful"}
{"user_id":1,"type":"Common","time":1716030603454,"method":"LOGIN","message":"test_user_2 sucessfuly loged in"}
{"user_id":1,"type":"Common","time":1716030603778,"method":"GET_CHATS","message":"successfuly loaded 9 chats"}
{"user_id":1,"type":"Common","time":1716030610031,"method":"GET_CHATS","message":"successfuly loaded 9 chats"}
{"user_id":1,"type":"Common","time":1716030616259,"method":"GET_CHATS","message":"successfuly loaded 9 chats"}
{"user_id":1,"type":"Common","time":1716030622422,"method":"GET_CHATS","message":"successfuly loaded 9 chats"}
{"user_id":1,"type":"Common","time":1716030628566,"method":"GET_CHATS","message":"successfuly loaded 9 chats"}
{"user_id":1,"type":"Common","time":1716030635734,"method":"GET_CHATS","message":"successfuly loaded 9 chats"}
{"user_id":1,"type":"Common","time":1716030641880,"method":"GET_CHATS","message":"successfuly loaded 9 chats"}
{"user_id":1,"type":"Common","time":1716030644634,"method":"LOAD_CHAT","message":"chat loaded:0"}
{"user_id":1,"type":"Common","time":1716030646376,"method":"LOAD_CHAT","message":"chat loaded:0"}
{"user_id":1,"type":"Common","time":1716030648012,"method":"GET_CHATS","message":"successfuly loaded 9 chats"}
{"user_id":1,"type":"Common","time":1716030648020,"method":"LOAD_CHAT","message":"chat loaded:0"}
{"user_id":1,"type":"Common","time":1716030649754,"method":"LOAD_CHAT","message":"chat loaded:0"}
{"user_id":1,"type":"Common","time":1716030651583,"method":"LOAD_CHAT","message":"chat loaded:0"}
{"user_id":1,"type":"Common","time":1716030653235,"method":"LOAD_CHAT","message":"chat loaded:0"}
{"user_id":1,"type":"Common","time":1716030654156,"method":"GET_CHATS","message":"successfuly loaded 9 chats"}
{"user_id":1,"type":"Common","time":1716030654810,"method":"LOAD_CHAT","message":"chat loaded:0"}
{"user_id":1,"type":"Common","time":1716030656369,"method":"LOAD_CHAT","message":"chat loaded:0"}
{"user_id":1,"type":"Common","time":1716030657941,"method":"LOAD_CHAT","message":"chat loaded:0"}
{"user_id":1,"type":"Common","time":1716030660503,"method":"LOAD_CHAT","message":"chat loaded:0"}
{"user_id":1,"type":"Common","time":1716030660707,"method":"GET_CHATS","message":"successfuly loaded 9 chats"}
{"user_id":1,"type":"Common","time":1716030662144,"method":"LOAD_CHAT","message":"chat loaded:0"}
{"user_id":1,"type":"Common","time":1716030664193,"method":"LOAD_CHAT","message":"chat loaded:0"}
{"user_id":1,"type":"Common","time":1716030666852,"method":"LOAD_CHAT","message":"chat loaded:0"}
{"user_id":1,"type":"Common","time":1716030666862,"method":"GET_CHATS","message":"successfuly loaded 9 chats"}
{"user_id":1,"type":"Common","time":1716030668490,"method":"LOAD_CHAT","message":"chat loaded:0"}
{"user_id":1,"type":"Common","time":1716030670230,"method":"LOAD_CHAT","message":"chat loaded:0"}
{"user_id":1,"type":"Common","time":1716030671871,"method":"LOAD_CHAT","message":"chat loaded:0"}
{"user_id":1,"type":"Common","time":1716030673097,"method":"GET_CHATS","message":"successfuly loaded 9 chats"}
{"user_id":1,"type":"Common","time":1716030673509,"method":"LOAD_CHAT","message":"chat loaded:0"}
{"user_id":1,"type":"Common","time":1716030675250,"method":"LOAD_CHAT","message":"chat loaded:0"}
{"user_id":1,"type":"Common","time":1716030676889,"method":"LOAD_CHAT","message":"chat loaded:0"}
{"user_id":1,"type":"Common","time":1716030679037,"method":"LOAD_CHAT","message":"chat loaded:0"}
{"user_id":1,"type":"Common","time":1716030679169,"method":"GET_CHATS","message":"successfuly loaded 9 chats"}
{"user_id":1,"type":"Common","time":1716030680677,"method":"LOAD_CHAT","message":"chat loaded:0"}
{"user_id":1,"type":"Common","time":1716030682314,"method":"LOAD_CHAT","message":"chat loaded:0"}
{"user_id":1,"type":"Common","time":1716030683955,"method":"LOAD_CHAT","message":"chat loaded:0"}
{"user_id":1,"type":"Common","time":1716030685285,"method":"GET_CHATS","message":"successfuly loaded 9 chats"}
{"user_id":1,"type":"Common","time":1716030685593,"method":"LOAD_CHAT","message":"chat loaded:0"}
{"user_id":1,"type":"Common","time":1716030687153,"method":"LOAD_CHAT","message":"chat loaded:0"}
{"user_id":1,"type":"Common","time":1716030688766,"method":"LOAD_CHAT","message":"chat loaded:0"}
{"user_id":1,"type":"Common","time":1716030690509,"method":"LOAD_CHAT","message":"chat loaded:0"}
{"user_id":1,"type":"Common","time":1716030691430,"method":"GET_CHATS","message":"successfuly loaded 9 chats"}
{"user_id":1,"type":"Common","time":1716030692145,"method":"LOAD_CHAT","message":"chat loaded:0"}
{"user_id":1,"type":"Common","time":1716030694298,"method":"LOAD_CHAT","message":"chat loaded:0"}
{"user_id":1,"type":"Common","time":1716030695939,"method":"LOAD_CHAT","message":"chat loaded:0"}
{"user_id":1,"type":"Common","time":1716030697674,"method":"GET_CHATS","message":"successfuly loaded 9 chats"}
{"user_id":1,"type":"Common","time":1716030697684,"method":"LOAD_CHAT","message":"chat loaded:0"}
{"user_id":1,"type":"Common","time":1716030699414,"method":"LOAD_CHAT","message":"chat loaded:0"}
{"user_id":1,"type":"Common","time":1716030701463,"method":"LOAD_CHAT","message":"chat loaded:0"}
{"user_id":1,"type":"Common","time":1716030703103,"method":"LOAD_CHAT","message":"chat loaded:0"}
{"user_id":1,"type":"Common","time":1716030704126,"method":"GET_CHATS","message":"successfuly loaded 9 chats"}
{"user_id":1,"type":"Common","time":1716030704742,"method":"LOAD_CHAT","message":"chat loaded:0"}
{"user_id":1,"type":"Common","time":1716030706379,"method":"LOAD_CHAT","message":"chat loaded:0"}
{"user_id":1,"type":"Common","time":1716030708014,"method":"LOAD_CHAT","message":"chat loaded:0"}
{"user_id":1,"type":"Common","time":1716030709756,"method":"LOAD_CHAT","message":"chat loaded:0"}
{"user_id":1,"type":"Common","time":1716030710579,"method":"GET_CHATS","message":"successfuly loaded 9 chats"}
{"user_id":1,"type":"Common","time":1716030711314,"method":"LOAD_CHAT","message":"chat loaded:0"}
{"user_id":1,"type":"Common","time":1716030712931,"method":"LOAD_CHAT","message":"chat loaded:0"}
{"user_id":1,"type":"Common","time":1716030714509,"method":"LOAD_CHAT","message":"chat loaded:0"}
{"user_id":1,"type":"Common","time":1716030716108,"method":"LOAD_CHAT","message":"chat loaded:0"}
{"user_id":1,"type":"Common","time":1716030716822,"method":"GET_CHATS","message":"successfuly loaded 9 chats"}
{"user_id":1,"type":"Common","time":1716030717744,"method":"LOAD_CHAT","message":"chat loaded:0"}
{"user_id":1,"type":"Common","time":1716030719307,"method":"LOAD_CHAT","message":"chat loaded:0"}
{"user_id":1,"type":"Common","time":1716030721022,"method":"LOAD_CHAT","message":"chat loaded:0"}
{"user_id":1,"type":"Common","time":1716030722967,"method":"GET_CHATS","message":"successfuly loaded 9 chats"}
{"user_id":1,"type":"Common","time":1716030723052,"method":"LOAD_CHAT","message":"chat loaded:0"}
{"user_id":1,"type":"Common","time":1716030724707,"method":"LOAD_CHAT","message":"chat loaded:0"}
{"user_id":1,"type":"Common","time":1716030726274,"method":"LOAD_CHAT","message":"chat loaded:0"}
{"user_id":1,"type":"Common","time":1716030727884,"method":"LOAD_CHAT","message":"chat loaded:0"}
{"user_id":1,"type":"Common","time":1716030729213,"method":"GET_CHATS","message":"successfuly loaded 9 chats"}
{"user_id":1,"type":"Common","time":1716030729627,"method":"LOAD_CHAT","message":"chat loaded:0"}
{"user_id":1,"type":"Common","time":1716030731264,"method":"LOAD_CHAT","message":"chat loaded:0"}
{"user_id":1,"type":"Common","time":1716030733001,"method":"LOAD_CHAT","message":"chat loaded:0"}
{"user_id":1,"type":"Common","time":1716030734643,"method":"LOAD_CHAT","message":"chat loaded:0"}
{"user_id":1,"type":"Common","time":1716030735256,"method":"GET_CHATS","message":"successfuly loaded 9 chats"}
{"user_id":1,"type":"Common","time":1716030736281,"method":"LOAD_CHAT","message":"chat loaded:0"}
{"user_id":1,"type":"Common","time":1716030738017,"method":"LOAD_CHAT","message":"chat loaded:0"}
{"user_id":1,"type":"Common","time":1716030739661,"method":"LOAD_CHAT","message":"chat loaded:0"}
{"user_id":1,"type":"Common","time":1716030741400,"method":"GET_CHATS","message":"successfuly loaded 9 chats"}
{"user_id":1,"type":"Common","time":1716030741415,"method":"LOAD_CHAT","message":"chat loaded:0"}
{"user_id":1,"type":"Common","time":1716030743140,"method":"LOAD_CHAT","message":"chat loaded:0"}
{"user_id":1,"type":"Common","time":1716030744785,"method":"LOAD_CHAT","message":"chat loaded:0"}
{"user_id":1,"type":"Common","time":1716030746422,"method":"LOAD_CHAT","message":"chat loaded:0"}
{"user_id":1,"type":"Common","time":1716030747482,"method":"GET_CHATS","message":"successfuly loaded 9 chats"}
{"user_id":1,"type":"Common","time":1716030748103,"method":"LOAD_CHAT","message":"chat loaded:0"}
{"user_id":1,"type":"Common","time":1716030749680,"method":"LOAD_CHAT","message":"chat loaded:0"}
{"user_id":1,"type":"Common","time":1716030751241,"method":"LOAD_CHAT","message":"chat loaded:0"}
{"user_id":1,"type":"Common","time":1716030752823,"method":"LOAD_CHAT","message":"chat loaded:0"}
{"user_id":1,"type":"Common","time":1716030753533,"method":"GET_CHATS","message":"successfuly loaded 9 chats"}
{"user_id":1,"type":"Common","time":1716030754564,"method":"LOAD_CHAT","message":"chat loaded:0"}
{"user_id":1,"type":"Common","time":1716030756122,"method":"LOAD_CHAT","message":"chat loaded:0"}
{"user_id":1,"type":"Common","time":1716030757682,"method":"LOAD_CHAT","message":"chat loaded:0"}
{"user_id":1,"type":"Common","time":1716030759237,"method":"LOAD_CHAT","message":"chat loaded:0"}
{"user_id":1,"type":"Common","time":1716030759581,"method":"GET_CHATS","message":"successfuly loaded 9 chats"}
{"user_id":1,"type":"Common","time":1716030760811,"method":"LOAD_CHAT","message":"chat loaded:0"}
{"user_id":1,"type":"Common","time":1716030762382,"method":"LOAD_CHAT","message":"chat loaded:0"}
{"user_id":1,"type":"Common","time":1716030763951,"method":"LOAD_CHAT","message":"chat loaded:0"}
{"user_id":1,"type":"Common","time":1716030765586,"method":"LOAD_CHAT","message":"chat loaded:0"}
{"user_id":1,"type":"Common","time":1716030765638,"method":"GET_CHATS","message":"successfuly loaded 9 chats"}
{"user_id":1,"type":"Common","time":1716030767161,"method":"LOAD_CHAT","message":"chat loaded:0"}
{"user_id":1,"type":"Common","time":1716030768745,"method":"LOAD_CHAT","message":"chat loaded:0"}
{"user_id":1,"type":"Common","time":1716030770330,"method":"LOAD_CHAT","message":"chat loaded:0"}
{"user_id":1,"type":"Common","time":1716030771752,"method":"GET_CHATS","message":"successfuly loaded 9 chats"}
{"user_id":1,"type":"Common","time":1716030771962,"method":"LOAD_CHAT","message":"chat loaded:0"}
{"user_id":1,"type":"Common","time":1716030773511,"method":"LOAD_CHAT","message":"chat loaded:0"}
{"user_id":1,"type":"Common","time":1716030775077,"method":"LOAD_CHAT","message":"chat loaded:0"}
{"user_id":1,"type":"Common","time":1716030776647,"method":"LOAD_CHAT","message":"chat loaded:0"}
{"user_id":1,"type":"Common","time":1716030778134,"method":"GET_CHATS","message":"successfuly loaded 9 chats"}
{"user_id":1,"type":"Common","time":1716030778443,"method":"GET_CHATS","message":"successfuly loaded 9 chats"}
{"user_id":1,"type":"Common","time":1716030778479,"method":"LOAD_CHAT","message":"chat loaded:0"}
{"user_id":1,"type":"Common","time":1716030778555,"method":"LOAD_CHAT","message":"chat loaded:0"}
{"user_id":1,"type":"Common","time":1716030780108,"method":"LOAD_CHAT","message":"chat loaded:0"}
{"user_id":1,"type":"Common","time":1716030781661,"method":"LOAD_CHAT","message":"chat loaded:0"}
{"user_id":1,"type":"Common","time":1716030783241,"method":"LOAD_CHAT","message":"chat loaded:0"}
{"user_id":1,"type":"Common","time":1716030784505,"method":"GET_CHATS","message":"successfuly loaded 9 chats"}
{"user_id":1,"type":"Common","time":1716030784879,"method":"LOAD_CHAT","message":"chat loaded:0"}
{"user_id":1,"type":"Common","time":1716030786429,"method":"LOAD_CHAT","message":"chat loaded:0"}
{"user_id":1,"type":"Common","time":1716030787981,"method":"LOAD_CHAT","message":"chat loaded:0"}
{"user_id":1,"type":"Common","time":1716030789539,"method":"LOAD_CHAT","message":"chat loaded:0"}
{"user_id":1,"type":"Common","time":1716030790580,"method":"GET_CHATS","message":"successfuly loaded 9 chats"}
{"user_id":1,"type":"Common","time":1716030791107,"method":"LOAD_CHAT","message":"chat loaded:0"}
{"user_id":1,"type":"Common","time":1716030792688,"method":"LOAD_CHAT","message":"chat loaded:0"}
{"user_id":1,"type":"Common","time":1716030794264,"method":"LOAD_CHAT","message":"chat loaded:0"}
{"user_id":1,"type":"Common","time":1716030795925,"method":"LOAD_CHAT","message":"chat loaded:0"}
{"user_id":1,"type":"Common","time":1716030796659,"method":"GET_CHATS","message":"successfuly loaded 9 chats"}
{"user_id":1,"type":"Common","time":1716030797484,"method":"LOAD_CHAT","message":"chat loaded:0"}
{"user_id":1,"type":"Common","time":1716030799073,"method":"LOAD_CHAT","message":"chat loaded:0"}
{"user_id":1,"type":"Common","time":1716030800884,"method":"LOAD_CHAT","message":"chat loaded:0"}
{"user_id":1,"type":"Common","time":1716030801595,"method":"GET_CHATS","message":"successfuly loaded 9 chats"}
{"user_id":1,"type":"Common","time":1716030801615,"method":"LOAD_CHAT","message":"chat loaded:0"}
{"user_id":1,"type":"Common","time":1716030802927,"method":"LOAD_CHAT","message":"chat loaded:0"}
{"user_id":1,"type":"Common","time":1716030802932,"method":"GET_CHATS","message":"successfuly loaded 9 chats"}
{"user_id":1,"type":"Common","time":1716030803502,"method":"LOAD_CHAT","message":"chat loaded:0"}
{"user_id":1,"type":"Common","time":1716030804530,"method":"LOAD_CHAT","message":"chat loaded:0"}
{"user_id":1,"type":"Common","time":1716030805077,"method":"LOAD_CHAT","message":"chat loaded:0"}
{"user_id":1,"type":"Common","time":1716030806162,"method":"LOAD_CHAT","message":"chat loaded:0"}
{"user_id":1,"type":"Common","time":1716030806653,"method":"LOAD_CHAT","message":"chat loaded:0"}
{"user_id":1,"type":"Common","time":1716030807717,"method":"GET_CHATS","message":"successfuly loaded 9 chats"}
{"user_id":1,"type":"Common","time":1716030807748,"method":"LOAD_CHAT","message":"chat loaded:0"}
{"user_id":1,"type":"Common","time":1716030808229,"method":"LOAD_CHAT","message":"chat loaded:0"}
{"user_id":1,"type":"Common","time":1716030809215,"method":"GET_CHATS","message":"successfuly loaded 9 chats"}
{"user_id":1,"type":"Common","time":1716030809420,"method":"LOAD_CHAT","message":"chat loaded:0"}
{"user_id":1,"type":"Common","time":1716030809794,"method":"LOAD_CHAT","message":"chat loaded:0"}
{"user_id":1,"type":"Common","time":1716030810971,"method":"LOAD_CHAT","message":"chat loaded:0"}
{"user_id":1,"type":"Common","time":1716030811338,"method":"LOAD_CHAT","message":"chat loaded:0"}
{"user_id":1,"type":"Common","time":1716030812626,"method":"LOAD_CHAT","message":"chat loaded:0"}
{"user_id":1,"type":"Common","time":1716030812904,"method":"LOAD_CHAT","message":"chat loaded:0"}
{"user_id":1,"type":"Common","time":1716030813820,"method":"GET_CHATS","message":"successfuly loaded 9 chats"}
{"user_id":1,"type":"Common","time":1716030814190,"method":"LOAD_CHAT","message":"chat loaded:0"}
{"user_id":1,"type":"Common","time":1716030814564,"method":"LOAD_CHAT","message":"chat loaded:0"}
{"user_id":1,"type":"Common","time":1716030815302,"method":"GET_CHATS","message":"successfuly loaded 9 chats"}
{"user_id":1,"type":"Common","time":1716030815749,"method":"LOAD_CHAT","message":"chat loaded:0"}
{"user_id":1,"type":"Common","time":1716030816135,"method":"LOAD_CHAT","message":"chat loaded:0"}
{"user_id":1,"type":"Common","time":1716030817298,"method":"LOAD_CHAT","message":"chat loaded:0"}
{"user_id":1,"type":"Common","time":1716030817775,"method":"LOAD_CHAT","message":"chat loaded:0"}
{"user_id":1,"type":"Common","time":1716030818865,"method":"LOAD_CHAT","message":"chat loaded:0"}
{"user_id":1,"type":"Common","time":1716030819338,"method":"LOAD_CHAT","message":"chat loaded:0"}
{"user_id":1,"type":"Common","time":1716030819951,"method":"GET_CHATS","message":"successfuly loaded 9 chats"}
{"user_id":1,"type":"Common","time":1716030820522,"method":"LOAD_CHAT","message":"chat loaded:0"}
{"user_id":1,"type":"Common","time":1716030821358,"method":"GET_CHATS","message":"successfuly loaded 9 chats"}
{"user_id":1,"type":"Common","time":1716030821540,"method":"LOAD_CHAT","message":"chat loaded:0"}
{"user_id":1,"type":"Common","time":1716030822173,"method":"LOAD_CHAT","message":"chat loaded:0"}
{"user_id":1,"type":"Common","time":1716030823077,"method":"LOAD_CHAT","message":"chat loaded:0"}
{"user_id":1,"type":"Common","time":1716030823855,"method":"LOAD_CHAT","message":"chat loaded:0"}
{"user_id":1,"type":"Common","time":1716030824641,"method":"LOAD_CHAT","message":"chat loaded:0"}
{"user_id":1,"type":"Common","time":1716030825437,"method":"LOAD_CHAT","message":"chat loaded:0"}
{"user_id":1,"type":"Common","time":1716030826110,"method":"GET_CHATS","message":"successfuly loaded 9 chats"}
{"user_id":1,"type":"Common","time":1716030826295,"method":"LOAD_CHAT","message":"chat loaded:0"}
{"user_id":1,"type":"Common","time":1716030827095,"method":"LOAD_CHAT","message":"chat loaded:0"}
{"user_id":1,"type":"Common","time":1716030827441,"method":"GET_CHATS","message":"successfuly loaded 9 chats"}
{"user_id":1,"type":"Common","time":1716030827849,"method":"LOAD_CHAT","message":"chat loaded:0"}
{"user_id":1,"type":"Common","time":1716030828659,"method":"LOAD_CHAT","message":"chat loaded:0"}
{"user_id":1,"type":"Common","time":1716030829411,"method":"LOAD_CHAT","message":"chat loaded:0"}
{"user_id":1,"type":"Common","time":1716030830210,"method":"LOAD_CHAT","message":"chat loaded:0"}
{"user_id":1,"type":"Common","time":1716030830969,"method":"LOAD_CHAT","message":"chat loaded:0"}
{"user_id":1,"type":"Common","time":1716030831787,"method":"LOAD_CHAT","message":"chat loaded:0"}
{"user_id":1,"type":"Common","time":1716030832167,"method":"GET_CHATS","message":"successfuly loaded 9 chats"}
{"user_id":1,"type":"Common","time":1716030832521,"method":"LOAD_CHAT","message":"chat loaded:0"}
{"user_id":1,"type":"Common","time":1716030833349,"method":"LOAD_CHAT","message":"chat loaded:0"}
{"user_id":1,"type":"Common","time":1716030833523,"method":"GET_CHATS","message":"successfuly loaded 9 chats"}
{"user_id":1,"type":"Common","time":1716030834130,"method":"LOAD_CHAT","message":"chat loaded:0"}
{"user_id":1,"type":"Common","time":1716030834929,"method":"LOAD_CHAT","message":"chat loaded:0"}
{"user_id":1,"type":"Common","time":1716030835912,"method":"LOAD_CHAT","message":"chat loaded:0"}
{"user_id":1,"type":"Common","time":1716030836616,"method":"LOAD_CHAT","message":"chat loaded:0"}
{"user_id":1,"type":"Common","time":1716030837494,"method":"LOAD_CHAT","message":"chat loaded:0"}
{"user_id":1,"type":"Common","time":1716030838185,"method":"LOAD_CHAT","message":"chat loaded:0"}
{"user_id":1,"type":"Common","time":1716030838231,"method":"GET_CHATS","message":"successfuly loaded 9 chats"}
{"user_id":1,"type":"Common","time":1716030839038,"method":"LOAD_CHAT","message":"chat loaded:0"}
{"user_id":1,"type":"Common","time":1716030839600,"method":"GET_CHATS","message":"successfuly loaded 9 chats"}
{"user_id":1,"type":"Common","time":1716030839755,"method":"LOAD_CHAT","message":"chat loaded:0"}
{"user_id":1,"type":"Common","time":1716030840643,"method":"LOAD_CHAT","message":"chat loaded:0"}
{"user_id":1,"type":"Common","time":1716030841326,"method":"LOAD_CHAT","message":"chat loaded:0"}
{"user_id":1,"type":"Common","time":1716030842308,"method":"LOAD_CHAT","message":"chat loaded:0"}
{"user_id":1,"type":"Common","time":1716030842874,"method":"LOAD_CHAT","message":"chat loaded:0"}
{"user_id":1,"type":"Common","time":1716030844389,"method":"LOAD_CHAT","message":"chat loaded:0"}
{"user_id":1,"type":"Common","time":1716030844920,"method":"GET_CHATS","message":"successfuly loaded 9 chats"}
{"user_id":1,"type":"Common","time":1716030844924,"method":"LOAD_CHAT","message":"chat loaded:0"}
{"user_id":1,"type":"Common","time":1716030844928,"method":"GET_CHATS","message":"successfuly loaded 9 chats"}
{"user_id":1,"type":"Common","time":1716030844932,"method":"LOAD_CHAT","message":"chat loaded:0"}
{"user_id":1,"type":"Common","time":1716030845688,"method":"GET_CHATS","message":"successfuly loaded 9 chats"}
{"user_id":1,"type":"Common","time":1716030846436,"method":"LOAD_CHAT","message":"chat loaded:0"}
{"user_id":1,"type":"Common","time":1716030846520,"method":"LOAD_CHAT","message":"chat loaded:0"}
{"user_id":1,"type":"Common","time":1716030848027,"method":"LOAD_CHAT","message":"chat loaded:0"}
{"user_id":1,"type":"Common","time":1716030848169,"method":"LOAD_CHAT","message":"chat loaded:0"}
{"user_id":1,"type":"Common","time":1716030849628,"method":"LOAD_CHAT","message":"chat loaded:0"}
{"user_id":1,"type":"Common","time":1716030849858,"method":"LOAD_CHAT","message":"chat loaded:0"}
{"user_id":1,"type":"Common","time":1716030851017,"method":"GET_CHATS","message":"successfuly loaded 9 chats"}
{"user_id":1,"type":"Common","time":1716030851188,"method":"LOAD_CHAT","message":"chat loaded:0"}
{"user_id":1,"type":"Common","time":1716030851389,"method":"LOAD_CHAT","message":"chat loaded:0"}
{"user_id":1,"type":"Common","time":1716030851763,"method":"GET_CHATS","message":"successfuly loaded 9 chats"}
{"user_id":1,"type":"Common","time":1716030852738,"method":"LOAD_CHAT","message":"chat loaded:0"}
{"user_id":1,"type":"Common","time":1716030852942,"method":"LOAD_CHAT","message":"chat loaded:0"}
{"user_id":1,"type":"Common","time":1716030854302,"method":"LOAD_CHAT","message":"chat loaded:0"}
{"user_id":1,"type":"Common","time":1716030854492,"method":"LOAD_CHAT","message":"chat loaded:0"}
{"user_id":1,"type":"Common","time":1716030855937,"method":"LOAD_CHAT","message":"chat loaded:0"}
{"user_id":1,"type":"Common","time":1716030856122,"method":"LOAD_CHAT","message":"chat loaded:0"}
{"user_id":1,"type":"Common","time":1716030857097,"method":"GET_CHATS","message":"successfuly loaded 9 chats"}
{"user_id":1,"type":"Common","time":1716030857507,"method":"LOAD_CHAT","message":"chat loaded:0"}
{"user_id":1,"type":"Common","time":1716030857700,"method":"LOAD_CHAT","message":"chat loaded:0"}
{"user_id":1,"type":"Common","time":1716030857839,"method":"GET_CHATS","message":"successfuly loaded 9 chats"}
{"user_id":1,"type":"Common","time":1716030859089,"method":"LOAD_CHAT","message":"chat loaded:0"}
{"user_id":1,"type":"Common","time":1716030859259,"method":"LOAD_CHAT","message":"chat loaded:0"}
{"user_id":1,"type":"Common","time":1716030860652,"method":"LOAD_CHAT","message":"chat loaded:0"}
{"user_id":1,"type":"Common","time":1716030860895,"method":"LOAD_CHAT","message":"chat loaded:0"}
{"user_id":1,"type":"Common","time":1716030862207,"method":"LOAD_CHAT","message":"chat loaded:0"}
{"user_id":1,"type":"Common","time":1716030862453,"method":"LOAD_CHAT","message":"chat loaded:0"}
{"user_id":1,"type":"Common","time":1716030863159,"method":"GET_CHATS","message":"successfuly loaded 9 chats"}
{"user_id":1,"type":"Common","time":1716030863771,"method":"LOAD_CHAT","message":"chat loaded:0"}
{"user_id":1,"type":"Common","time":1716030863916,"method":"GET_CHATS","message":"successfuly loaded 9 chats"}
{"user_id":1,"type":"Common","time":1716030864028,"method":"LOAD_CHAT","message":"chat loaded:0"}
{"user_id":1,"type":"Common","time":1716030865339,"method":"LOAD_CHAT","message":"chat loaded:0"}
{"user_id":1,"type":"Common","time":1716030865596,"method":"LOAD_CHAT","message":"chat loaded:0"}
{"user_id":1,"type":"Common","time":1716030867031,"method":"LOAD_CHAT","message":"chat loaded:0"}
{"user_id":1,"type":"Common","time":1716030867143,"method":"LOAD_CHAT","message":"chat loaded:0"}
{"user_id":1,"type":"Common","time":1716030868585,"method":"LOAD_CHAT","message":"chat loaded:0"}
{"user_id":1,"type":"Common","time":1716030868739,"method":"LOAD_CHAT","message":"chat loaded:0"}
{"user_id":1,"type":"Common","time":1716030869243,"method":"GET_CHATS","message":"successfuly loaded 9 chats"}
{"user_id":1,"type":"Common","time":1716030870000,"method":"GET_CHATS","message":"successfuly loaded 9 chats"}
{"user_id":1,"type":"Common","time":1716030870143,"method":"LOAD_CHAT","message":"chat loaded:0"}
{"user_id":1,"type":"Common","time":1716030870268,"method":"LOAD_CHAT","message":"chat loaded:0"}
{"user_id":1,"type":"Common","time":1716030871704,"method":"LOAD_CHAT","message":"chat loaded:0"}
{"user_id":1,"type":"Common","time":1716030871903,"method":"LOAD_CHAT","message":"chat loaded:0"}
{"user_id":1,"type":"Common","time":1716030873285,"method":"LOAD_CHAT","message":"chat loaded:0"}
{"user_id":1,"type":"Common","time":1716030873479,"method":"LOAD_CHAT","message":"chat loaded:0"}
{"user_id":1,"type":"Common","time":1716030874937,"method":"LOAD_CHAT","message":"chat loaded:0"}
{"user_id":1,"type":"Common","time":1716030875076,"method":"LOAD_CHAT","message":"chat loaded:0"}
{"user_id":1,"type":"Common","time":1716030875317,"method":"GET_CHATS","message":"successfuly loaded 9 chats"}
{"user_id":1,"type":"Common","time":1716030876082,"method":"GET_CHATS","message":"successfuly loaded 9 chats"}
{"user_id":1,"type":"Common","time":1716030876514,"method":"LOAD_CHAT","message":"chat loaded:0"}
{"user_id":1,"type":"Common","time":1716030876647,"method":"LOAD_CHAT","message":"chat loaded:0"}
{"user_id":1,"type":"Common","time":1716030878075,"method":"LOAD_CHAT","message":"chat loaded:0"}
{"user_id":1,"type":"Common","time":1716030878197,"method":"LOAD_CHAT","message":"chat loaded:0"}
{"user_id":1,"type":"Common","time":1716030879644,"method":"LOAD_CHAT","message":"chat loaded:0"}
{"user_id":1,"type":"Common","time":1716030879727,"method":"LOAD_CHAT","message":"chat loaded:0"}
{"user_id":1,"type":"Common","time":1716030881190,"method":"LOAD_CHAT","message":"chat loaded:0"}
{"user_id":1,"type":"Common","time":1716030881395,"method":"LOAD_CHAT","message":"chat loaded:0"}
{"user_id":1,"type":"Common","time":1716030881405,"method":"GET_CHATS","message":"successfuly loaded 9 chats"}
{"user_id":1,"type":"Common","time":1716030882156,"method":"GET_CHATS","message":"successfuly loaded 9 chats"}
{"user_id":1,"type":"Common","time":1716030882756,"method":"LOAD_CHAT","message":"chat loaded:0"}
{"user_id":1,"type":"Common","time":1716030882962,"method":"LOAD_CHAT","message":"chat loaded:0"}
{"user_id":1,"type":"Common","time":1716030884321,"method":"LOAD_CHAT","message":"chat loaded:0"}
{"user_id":1,"type":"Common","time":1716030884507,"method":"LOAD_CHAT","message":"chat loaded:0"}
{"user_id":1,"type":"Common","time":1716030885961,"method":"LOAD_CHAT","message":"chat loaded:0"}
{"user_id":1,"type":"Common","time":1716030886098,"method":"LOAD_CHAT","message":"chat loaded:0"}
{"user_id":1,"type":"Common","time":1716030887540,"method":"LOAD_CHAT","message":"chat loaded:0"}
{"user_id":1,"type":"Common","time":1716030887558,"method":"GET_CHATS","message":"successfuly loaded 9 chats"}
{"user_id":1,"type":"Common","time":1716030887858,"method":"LOAD_CHAT","message":"chat loaded:0"}
{"user_id":1,"type":"Common","time":1716030888236,"method":"GET_CHATS","message":"successfuly loaded 9 chats"}
{"user_id":1,"type":"Common","time":1716030889142,"method":"LOAD_CHAT","message":"chat loaded:0"}
{"user_id":1,"type":"Common","time":1716030889405,"method":"LOAD_CHAT","message":"chat loaded:0"}
{"user_id":1,"type":"Common","time":1716030890722,"method":"LOAD_CHAT","message":"chat loaded:0"}
{"user_id":1,"type":"Common","time":1716030890975,"method":"LOAD_CHAT","message":"chat loaded:0"}
{"user_id":1,"type":"Common","time":1716030892289,"method":"LOAD_CHAT","message":"chat loaded:0"}
{"user_id":1,"type":"Common","time":1716030892540,"method":"LOAD_CHAT","message":"chat loaded:0"}
{"user_id":1,"type":"Common","time":1716030893716,"method":"GET_CHATS","message":"successfuly loaded 9 chats"}
{"user_id":1,"type":"Common","time":1716030893933,"method":"LOAD_CHAT","message":"chat loaded:0"}
{"user_id":1,"type":"Common","time":1716030894086,"method":"LOAD_CHAT","message":"chat loaded:0"}
{"user_id":1,"type":"Common","time":1716030894333,"method":"GET_CHATS","message":"successfuly loaded 9 chats"}
{"user_id":1,"type":"Common","time":1716030895497,"method":"LOAD_CHAT","message":"chat loaded:0"}
{"user_id":1,"type":"Common","time":1716030895649,"method":"LOAD_CHAT","message":"chat loaded:0"}
{"user_id":1,"type":"Common","time":1716030897067,"method":"LOAD_CHAT","message":"chat loaded:0"}
{"user_id":1,"type":"Common","time":1716030897229,"method":"LOAD_CHAT","message":"chat loaded:0"}
{"user_id":1,"type":"Common","time":1716030898639,"method":"LOAD_CHAT","message":"chat loaded:0"}
{"user_id":1,"type":"Common","time":1716030898776,"method":"LOAD_CHAT","message":"chat loaded:0"}
{"user_id":1,"type":"Common","time":1716030899770,"method":"GET_CHATS","message":"successfuly loaded 9 chats"}
{"user_id":1,"type":"Common","time":1716030900208,"method":"LOAD_CHAT","message":"chat loaded:0"}
{"user_id":1,"type":"Common","time":1716030900397,"method":"GET_CHATS","message":"successfuly loaded 9 chats"}
{"user_id":1,"type":"Common","time":1716030900426,"method":"LOAD_CHAT","message":"chat loaded:0"}
{"user_id":1,"type":"Common","time":1716030901751,"method":"LOAD_CHAT","message":"chat loaded:0"}
{"user_id":1,"type":"Common","time":1716030902025,"method":"LOAD_CHAT","message":"chat loaded:0"}
{"user_id":1,"type":"Common","time":1716030903304,"method":"LOAD_CHAT","message":"chat loaded:0"}
{"user_id":1,"type":"Common","time":1716030903596,"method":"LOAD_CHAT","message":"chat loaded:0"}
{"user_id":1,"type":"Common","time":1716030904978,"method":"LOAD_CHAT","message":"chat loaded:0"}
{"user_id":1,"type":"Common","time":1716030905336,"method":"GET_CHATS","message":"successfuly loaded 9 chats"}
{"user_id":1,"type":"Common","time":1716030905343,"method":"LOAD_CHAT","message":"chat loaded:0"}
{"user_id":1,"type":"Common","time":1716030905348,"method":"LOAD_CHAT","message":"chat loaded:0"}
{"user_id":1,"type":"Common","time":1716030905816,"method":"GET_CHATS","message":"successfuly loaded 9 chats"}
{"user_id":1,"type":"Common","time":1716030906478,"method":"GET_CHATS","message":"successfuly loaded 9 chats"}
{"user_id":1,"type":"Common","time":1716030907238,"method":"LOAD_CHAT","message":"chat loaded:0"}
{"user_id":1,"type":"Common","time":1716030907241,"method":"LOAD_CHAT","message":"chat loaded:0"}
{"user_id":1,"type":"Common","time":1716030909138,"method":"LOAD_CHAT","message":"chat loaded:0"}
{"user_id":1,"type":"Common","time":1716030910762,"method":"LOAD_CHAT","message":"chat loaded:0"}
{"user_id":1,"type":"Common","time":1716030911416,"method":"GET_CHATS","message":"successfuly loaded 9 chats"}
{"user_id":1,"type":"Common","time":1716030912178,"method":"GET_CHATS","message":"successfuly loaded 9 chats"}
{"user_id":1,"type":"Common","time":1716030912933,"method":"GET_CHATS","message":"successfuly loaded 9 chats"}
{"user_id":1,"type":"Common","time":1716030917508,"method":"GET_CHATS","message":"successfuly loaded 9 chats"}
{"user_id":1,"type":"Common","time":1716030918260,"method":"GET_CHATS","message":"successfuly loaded 9 chats"}
{"user_id":1,"type":"Common","time":1716030919014,"method":"GET_CHATS","message":"successfuly loaded 9 chats"}
{"user_id":1,"type":"Common","time":1716030923613,"method":"GET_CHATS","message":"successfuly loaded 9 chats"}
{"user_id":1,"type":"Common","time":1716030924338,"method":"GET_CHATS","message":"successfuly loaded 9 chats"}
{"user_id":1,"type":"Common","time":1716030925098,"method":"GET_CHATS","message":"successfuly loaded 9 chats"}
{"user_id":1,"type":"Common","time":1716030929705,"method":"GET_CHATS","message":"successfuly loaded 9 chats"}
{"user_id":1,"type":"Common","time":1716030930422,"method":"GET_CHATS","message":"successfuly loaded 9 chats"}
{"user_id":1,"type":"Common","time":1716030931250,"method":"GET_CHATS","message":"successfuly loaded 9 chats"}
{"user_id":1,"type":"Common","time":1716030935870,"method":"GET_CHATS","message":"successfuly loaded 9 chats"}
{"user_id":1,"type":"Common","time":1716030936502,"method":"GET_CHATS","message":"successfuly loaded 9 chats"}
{"user_id":1,"type":"Common","time":1716030937395,"method":"GET_CHATS","message":"successfuly loaded 9 chats"}
{"user_id":1,"type":"Common","time":1716030942016,"method":"GET_CHATS","message":"successfuly loaded 9 chats"}
{"user_id":1,"type":"Common","time":1716030942618,"method":"GET_CHATS","message":"successfuly loaded 9 chats"}
{"user_id":1,"type":"Common","time":1716030943542,"method":"GET_CHATS","message":"successfuly loaded 9 chats"}
{"user_id":1,"type":"Common","time":1716030948097,"method":"GET_CHATS","message":"successfuly loaded 9 chats"}
{"user_id":1,"type":"Common","time":1716030948673,"method":"GET_CHATS","message":"successfuly loaded 9 chats"}
{"user_id":1,"type":"Common","time":1716030949596,"method":"GET_CHATS","message":"successfuly loaded 9 chats"}
{"user_id":1,"type":"Common","time":1716030954173,"method":"GET_CHATS","message":"successfuly loaded 9 chats"}
{"user_id":1,"type":"Common","time":1716030954745,"method":"GET_CHATS","message":"successfuly loaded 9 chats"}
{"user_id":1,"type":"Common","time":1716030955677,"method":"GET_CHATS","message":"successfuly loaded 9 chats"}
{"user_id":1,"type":"Common","time":1716030960522,"method":"GET_CHATS","message":"successfuly loaded 9 chats"}
{"user_id":1,"type":"Common","time":1716030960843,"method":"GET_CHATS","message":"successfuly loaded 9 chats"}
{"user_id":1,"type":"Common","time":1716030961767,"method":"GET_CHATS","message":"successfuly loaded 9 chats"}
{"user_id":1,"type":"Common","time":1716030966642,"method":"GET_CHATS","message":"successfuly loaded 9 chats"}
{"user_id":1,"type":"Common","time":1716030966894,"method":"GET_CHATS","message":"successfuly loaded 9 chats"}
{"user_id":1,"type":"Common","time":1716030967084,"method":"GET_CHATS","message":"successfuly loaded 9 chats"}
{"user_id":1,"type":"Common","time":1716030967911,"method":"GET_CHATS","message":"successfuly loaded 9 chats"}
{"user_id":1,"type":"Common","time":1716030972985,"method":"GET_CHATS","message":"successfuly loaded 9 chats"}
{"user_id":1,"type":"Common","time":1716030972993,"method":"GET_CHATS","message":"successfuly loaded 9 chats"}
{"user_id":1,"type":"Common","time":1716030973133,"method":"GET_CHATS","message":"successfuly loaded 9 chats"}
{"user_id":1,"type":"Common","time":1716030974055,"method":"GET_CHATS","message":"successfuly loaded 9 chats"}
{"user_id":1,"type":"Common","time":1716030979185,"method":"GET_CHATS","message":"successfuly loaded 9 chats"}
{"user_id":1,"type":"Common","time":1716030979201,"method":"GET_CHATS","message":"successfuly loaded 9 chats"}
{"user_id":1,"type":"Common","time":1716030980301,"method":"GET_CHATS","message":"successfuly loaded 9 chats"}
{"user_id":1,"type":"Common","time":1716030985270,"method":"GET_CHATS","message":"successfuly loaded 9 chats"}
{"user_id":1,"type":"Common","time":1716030986355,"method":"GET_CHATS","message":"successfuly loaded 9 chats"}
{"user_id":1,"type":"Common","time":1716030991352,"method":"GET_CHATS","message":"successfuly loaded 9 chats"}
{"user_id":1,"type":"Common","time":1716030992408,"method":"GET_CHATS","message":"successfuly loaded 9 chats"}
{"user_id":1,"type":"Common","time":1716030997429,"method":"GET_CHATS","message":"successfuly loaded 9 chats"}
{"user_id":1,"type":"Common","time":1716030998529,"method":"GET_CHATS","message":"successfuly loaded 9 chats"}
{"user_id":1,"type":"Common","time":1716031003578,"method":"GET_CHATS","message":"successfuly loaded 9 chats"}
{"user_id":1,"type":"Common","time":1716031004672,"method":"GET_CHATS","message":"successfuly loaded 9 chats"}
{"user_id":1,"type":"Common","time":1716031009658,"method":"GET_CHATS","message":"successfuly loaded 9 chats"}
{"user_id":1,"type":"Common","time":1716031010726,"method":"GET_CHATS","message":"successfuly loaded 9 chats"}
{"user_id":1,"type":"Common","time":1716031011743,"method":"GET_CHATS","message":"successfuly loaded 9 chats"}
{"user_id":1,"type":"Common","time":1716031015752,"method":"GET_CHATS","message":"successfuly loaded 9 chats"}
{"user_id":1,"type":"Common","time":1716031016772,"method":"GET_CHATS","message":"successfuly loaded 9 chats"}
{"user_id":1,"type":"Common","time":1716031017815,"method":"GET_CHATS","message":"successfuly loaded 9 chats"}
{"user_id":1,"type":"Common","time":1716031019539,"method":"GET_CHATS","message":"successfuly loaded 9 chats"}
{"user_id":1,"type":"Common","time":1716031021877,"method":"GET_CHATS","message":"successfuly loaded 9 chats"}
{"user_id":1,"type":"Common","time":1716031022904,"method":"GET_CHATS","message":"successfuly loaded 9 chats"}
{"user_id":1,"type":"Common","time":1716031024026,"method":"GET_CHATS","message":"successfuly loaded 9 chats"}
{"user_id":1,"type":"Common","time":1716031025665,"method":"GET_CHATS","message":"successfuly loaded 9 chats"}
{"user_id":1,"type":"Common","time":1716031027936,"method":"GET_CHATS","message":"successfuly loaded 9 chats"}
{"user_id":1,"type":"Common","time":1716031029045,"method":"GET_CHATS","message":"successfuly loaded 9 chats"}
{"user_id":1,"type":"Common","time":1716031030171,"method":"GET_CHATS","message":"successfuly loaded 9 chats"}
{"user_id":1,"type":"Common","time":1716031031736,"method":"GET_CHATS","message":"successfuly loaded 9 chats"}
{"user_id":1,"type":"Common","time":1716031034066,"method":"GET_CHATS","message":"successfuly loaded 9 chats"}
{"user_id":1,"type":"Common","time":1716031035191,"method":"GET_CHATS","message":"successfuly loaded 9 chats"}
{"user_id":1,"type":"Common","time":1716031036315,"method":"GET_CHATS","message":"successfuly loaded 9 chats"}
{"user_id":1,"type":"Common","time":1716031037851,"method":"GET_CHATS","message":"successfuly loaded 9 chats"}
{"user_id":1,"type":"Common","time":1716031040310,"method":"GET_CHATS","message":"successfuly loaded 9 chats"}
{"user_id":1,"type":"Common","time":1716031041534,"method":"GET_CHATS","message":"successfuly loaded 9 chats"}
{"user_id":1,"type":"Common","time":1716031042459,"method":"GET_CHATS","message":"successfuly loaded 9 chats"}
{"user_id":1,"type":"Common","time":1716031044097,"method":"GET_CHATS","message":"successfuly loaded 9 chats"}
{"user_id":1,"type":"Common","time":1716031046451,"method":"GET_CHATS","message":"successfuly loaded 9 chats"}
{"user_id":1,"type":"Common","time":1716031047681,"method":"GET_CHATS","message":"successfuly loaded 9 chats"}
{"user_id":1,"type":"Common","time":1716031048704,"method":"GET_CHATS","message":"successfuly loaded 9 chats"}
{"user_id":1,"type":"Common","time":1716031050240,"method":"GET_CHATS","message":"successfuly loaded 9 chats"}
{"user_id":1,"type":"Common","time":1716031052265,"method":"GET_CHATS","message":"successfuly loaded 9 chats"}
{"user_id":1,"type":"Common","time":1716031052498,"method":"GET_CHATS","message":"successfuly loaded 9 chats"}
{"user_id":1,"type":"Common","time":1716031053824,"method":"GET_CHATS","message":"successfuly loaded 9 chats"}
{"user_id":1,"type":"Common","time":1716031054850,"method":"GET_CHATS","message":"successfuly loaded 9 chats"}
{"user_id":1,"type":"Common","time":1716031056294,"method":"GET_CHATS","message":"successfuly loaded 9 chats"}
{"user_id":1,"type":"Common","time":1716031058433,"method":"GET_CHATS","message":"successfuly loaded 9 chats"}
{"user_id":1,"type":"Common","time":1716031058550,"method":"GET_CHATS","message":"successfuly loaded 9 chats"}
{"user_id":1,"type":"Common","time":1716031060069,"method":"GET_CHATS","message":"successfuly loaded 9 chats"}
{"user_id":1,"type":"Common","time":1716031060993,"method":"GET_CHATS","message":"successfuly loaded 9 chats"}
{"user_id":1,"type":"Common","time":1716031062426,"method":"GET_CHATS","message":"successfuly loaded 9 chats"}
{"user_id":1,"type":"Common","time":1716031064679,"method":"GET_CHATS","message":"successfuly loaded 9 chats"}
{"user_id":1,"type":"Common","time":1716031064713,"method":"GET_CHATS","message":"successfuly loaded 9 chats"}
{"user_id":1,"type":"Common","time":1716031066214,"method":"GET_CHATS","message":"successfuly loaded 9 chats"}
{"user_id":1,"type":"Common","time":1716031067340,"method":"GET_CHATS","message":"successfuly loaded 9 chats"}
{"user_id":1,"type":"Common","time":1716031067442,"method":"GET_CHATS","message":"successfuly loaded 9 chats"}
{"user_id":1,"type":"Common","time":1716031069597,"method":"GET_CHATS","message":"successfuly loaded 9 chats"}
{"user_id":1,"type":"Common","time":1716031070824,"method":"GET_CHATS","message":"successfuly loaded 9 chats"}
{"user_id":1,"type":"Common","time":1716031072359,"method":"GET_CHATS","message":"successfuly loaded 9 chats"}
{"user_id":1,"type":"Common","time":1716031073513,"method":"GET_CHATS","message":"successfuly loaded 9 chats"}
{"user_id":1,"type":"Common","time":1716031073543,"method":"GET_CHATS","message":"successfuly loaded 9 chats"}
{"user_id":1,"type":"Common","time":1716031075739,"method":"GET_CHATS","message":"successfuly loaded 9 chats"}
{"user_id":1,"type":"Common","time":1716031077092,"method":"GET_CHATS","message":"successfuly loaded 9 chats"}
{"user_id":1,"type":"Common","time":1716031078502,"method":"GET_CHATS","message":"successfuly loaded 9 chats"}
{"user_id":1,"type":"Common","time":1716031079630,"method":"GET_CHATS","message":"successfuly loaded 9 chats"}
{"user_id":1,"type":"Common","time":1716031081781,"method":"LOAD_CHAT","message":"chat loaded:0"}
{"user_id":1,"type":"Common","time":1716031082090,"method":"GET_CHATS","message":"successfuly loaded 9 chats"}
{"user_id":1,"type":"Common","time":1716031083213,"method":"GET_CHATS","message":"successfuly loaded 9 chats"}
{"user_id":1,"type":"Common","time":1716031083369,"method":"LOAD_CHAT","message":"chat loaded:0"}
{"user_id":1,"type":"Common","time":1716031084647,"method":"GET_CHATS","message":"successfuly loaded 9 chats"}
{"user_id":1,"type":"Common","time":1716031085058,"method":"LOAD_CHAT","message":"chat loaded:0"}
{"user_id":1,"type":"Common","time":1716031085777,"method":"GET_CHATS","message":"successfuly loaded 9 chats"}
{"user_id":1,"type":"Common","time":1716031086799,"method":"LOAD_CHAT","message":"chat loaded:0"}
{"user_id":1,"type":"Common","time":1716031088332,"method":"GET_CHATS","message":"successfuly loaded 9 chats"}
{"user_id":1,"type":"Common","time":1716031088377,"method":"LOAD_CHAT","message":"chat loaded:0"}
{"user_id":1,"type":"Common","time":1716031089360,"method":"GET_CHATS","message":"successfuly loaded 9 chats"}
{"user_id":1,"type":"Common","time":1716031090077,"method":"LOAD_CHAT","message":"chat loaded:0"}
{"user_id":1,"type":"Common","time":1716031090895,"method":"GET_CHATS","message":"successfuly loaded 9 chats"}
{"user_id":1,"type":"Common","time":1716031092226,"method":"GET_CHATS","message":"successfuly loaded 9 chats"}
{"user_id":1,"type":"Common","time":1716031094479,"method":"GET_CHATS","message":"successfuly loaded 9 chats"}
{"user_id":1,"type":"Common","time":1716031095408,"method":"GET_CHATS","message":"successfuly loaded 9 chats"}
{"user_id":1,"type":"Common","time":1716031097040,"method":"GET_CHATS","message":"successfuly loaded 9 chats"}
{"user_id":1,"type":"Common","time":1716031098473,"method":"GET_CHATS","message":"successfuly loaded 9 chats"}
{"user_id":1,"type":"Common","time":1716031100726,"method":"GET_CHATS","message":"successfuly loaded 9 chats"}